INFO - 03/19/19 02:56:51 - 0:00:00 - ============ Initialized logger ============
INFO - 03/19/19 02:56:51 - 0:00:00 - cuda: True
                                     dico_eval: default
                                     emb_dim: 300
                                     exp_id: 
                                     exp_name: monolingual_essay_zh_en-1M-5
                                     exp_path: /data/home/pyliao/bridge-with-l2/MUSE/dumped/monolingual_essay_zh_en-1M-5/dvc6jmy2py
                                     max_vocab: 40000
                                     normalize_embeddings: 
                                     src_emb: project/data/essay_zh_en_1M_5.word2vec.vec
                                     src_lang: en
                                     tgt_emb: 
                                     tgt_lang: 
                                     verbose: 2
INFO - 03/19/19 02:56:51 - 0:00:00 - The experiment will be stored in /data/home/pyliao/bridge-with-l2/MUSE/dumped/monolingual_essay_zh_en-1M-5/dvc6jmy2py
INFO - 03/19/19 02:56:53 - 0:00:02 - Loaded 31983 pre-trained word embeddings.
INFO - 03/19/19 02:56:56 - 0:00:05 - ====================================================================
INFO - 03/19/19 02:56:56 - 0:00:05 -                        Dataset      Found     Not found          Rho
INFO - 03/19/19 02:56:56 - 0:00:05 - ====================================================================
INFO - 03/19/19 02:56:56 - 0:00:05 -                 EN_RW-STANFORD        221          1813       0.3300
INFO - 03/19/19 02:56:56 - 0:00:05 -                  EN_WS-353-ALL        281            72       0.4061
INFO - 03/19/19 02:56:56 - 0:00:05 -                       EN_RG-65         28            37       0.2116
INFO - 03/19/19 02:56:56 - 0:00:05 -                    EN_VERB-143        139             5       0.3179
INFO - 03/19/19 02:56:56 - 0:00:05 -                   EN_MEN-TR-3k       2425           575       0.5414
INFO - 03/19/19 02:56:56 - 0:00:05 -                  EN_WS-353-SIM        160            43       0.5427
INFO - 03/19/19 02:56:56 - 0:00:05 -                   EN_SEMEVAL17        215           173       0.4349
INFO - 03/19/19 02:56:56 - 0:00:05 -                      EN_YP-130         89            41       0.1852
INFO - 03/19/19 02:56:56 - 0:00:05 -                       EN_MC-30         19            11      -0.0035
INFO - 03/19/19 02:56:56 - 0:00:05 -                  EN_SIMLEX-999        892           107       0.1920
INFO - 03/19/19 02:56:56 - 0:00:05 -                   EN_MTurk-287        166           121       0.4570
INFO - 03/19/19 02:56:56 - 0:00:05 -                  EN_WS-353-REL        207            45       0.3560
INFO - 03/19/19 02:56:56 - 0:00:05 -                   EN_MTurk-771        658           113       0.4163
INFO - 03/19/19 02:56:56 - 0:00:05 - ====================================================================
INFO - 03/19/19 02:56:56 - 0:00:05 - Monolingual source word similarity score average: 0.33751
