INFO - 03/19/19 20:04:46 - 0:00:00 - ============ Initialized logger ============
INFO - 03/19/19 20:04:46 - 0:00:00 - cuda: True
                                     dico_build: S2T&T2S
                                     dico_eval: default
                                     dico_max_rank: 10000
                                     dico_max_size: 0
                                     dico_method: csls_knn_10
                                     dico_min_size: 0
                                     dico_threshold: 0
                                     dico_train: default
                                     emb_dim: 300
                                     exp_id: 
                                     exp_name: supervised
                                     exp_path: /data/home/pyliao/bridge-with-l2/MUSE/dumped/supervised/c2gmte45j3
                                     export: txt
                                     max_vocab: 40000
                                     n_refinement: 5
                                     normalize_embeddings: center
                                     seed: -1
                                     src_emb: MUSE/data/gold/word2vec.wiki.zh.vec
                                     src_lang: zh
                                     tgt_emb: project/data/arxiv_zh_en_880K_5.word2vec.vec
                                     tgt_lang: en
                                     verbose: 2
INFO - 03/19/19 20:04:46 - 0:00:00 - The experiment will be stored in /data/home/pyliao/bridge-with-l2/MUSE/dumped/supervised/c2gmte45j3
INFO - 03/19/19 20:04:53 - 0:00:07 - Loaded 40000 pre-trained word embeddings.
INFO - 03/19/19 20:05:01 - 0:00:15 - Loaded 40000 pre-trained word embeddings.
INFO - 03/19/19 20:05:01 - 0:00:15 - Found 6249 pairs of words in the dictionary (3762 unique). 2642 other pairs contained at least one unknown word (381 in lang1, 2383 in lang2)
INFO - 03/19/19 20:05:02 - 0:00:16 - Validation metric: precision_at_1-csls_knn_10
INFO - 03/19/19 20:05:02 - 0:00:16 - Starting iteration 0...
INFO - 03/19/19 20:05:05 - 0:00:19 - ====================================================================
INFO - 03/19/19 20:05:05 - 0:00:19 -                        Dataset      Found     Not found          Rho
INFO - 03/19/19 20:05:05 - 0:00:19 - ====================================================================
INFO - 03/19/19 20:05:05 - 0:00:19 -                 EN_RW-STANFORD        350          1684       0.2266
INFO - 03/19/19 20:05:05 - 0:00:19 -                  EN_WS-353-ALL        239           114       0.2185
INFO - 03/19/19 20:05:05 - 0:00:19 -                       EN_RG-65         17            48       0.1740
INFO - 03/19/19 20:05:05 - 0:00:19 -                    EN_VERB-143        132            12       0.2408
INFO - 03/19/19 20:05:05 - 0:00:19 -                   EN_MEN-TR-3k       1479          1521       0.2838
INFO - 03/19/19 20:05:05 - 0:00:19 -                  EN_WS-353-SIM        133            70       0.3998
INFO - 03/19/19 20:05:05 - 0:00:19 -                   EN_SEMEVAL17        179           209       0.3034
INFO - 03/19/19 20:05:05 - 0:00:19 -                      EN_YP-130         78            52       0.1386
INFO - 03/19/19 20:05:05 - 0:00:19 -                       EN_MC-30         12            18       0.5079
INFO - 03/19/19 20:05:05 - 0:00:19 -                  EN_SIMLEX-999        658           341       0.1728
INFO - 03/19/19 20:05:05 - 0:00:19 -                   EN_MTurk-287        120           167       0.2585
INFO - 03/19/19 20:05:05 - 0:00:19 -                  EN_WS-353-REL        179            73       0.1355
INFO - 03/19/19 20:05:05 - 0:00:19 -                   EN_MTurk-771        512           259       0.2512
INFO - 03/19/19 20:05:05 - 0:00:19 - ====================================================================
INFO - 03/19/19 20:05:05 - 0:00:19 - Monolingual target word similarity score average: 0.25471
INFO - 03/19/19 20:05:05 - 0:00:19 - Found 1216 pairs of words in the dictionary (800 unique). 1267 other pairs contained at least one unknown word (248 in lang1, 1139 in lang2)
INFO - 03/19/19 20:05:05 - 0:00:19 - 800 source words - nn - Precision at k = 1: 5.000000
INFO - 03/19/19 20:05:05 - 0:00:19 - 800 source words - nn - Precision at k = 5: 12.625000
INFO - 03/19/19 20:05:05 - 0:00:19 - 800 source words - nn - Precision at k = 10: 16.250000
INFO - 03/19/19 20:05:05 - 0:00:19 - Found 1216 pairs of words in the dictionary (800 unique). 1267 other pairs contained at least one unknown word (248 in lang1, 1139 in lang2)
INFO - 03/19/19 20:05:59 - 0:01:13 - 800 source words - csls_knn_10 - Precision at k = 1: 5.875000
INFO - 03/19/19 20:05:59 - 0:01:13 - 800 source words - csls_knn_10 - Precision at k = 5: 13.625000
INFO - 03/19/19 20:05:59 - 0:01:13 - 800 source words - csls_knn_10 - Precision at k = 10: 17.625000
INFO - 03/19/19 20:06:01 - 0:01:15 - Building the train dictionary ...
INFO - 03/19/19 20:06:01 - 0:01:15 - New train dictionary of 6453 pairs.
INFO - 03/19/19 20:06:01 - 0:01:15 - Mean cosine (nn method, S2T build, 10000 max size): 0.41531
INFO - 03/19/19 20:08:54 - 0:04:08 - Building the train dictionary ...
INFO - 03/19/19 20:08:54 - 0:04:08 - New train dictionary of 5198 pairs.
INFO - 03/19/19 20:08:54 - 0:04:08 - Mean cosine (csls_knn_10 method, S2T build, 10000 max size): 0.41693
INFO - 03/19/19 20:08:54 - 0:04:08 - __log__:{"n_iter": 0, "tgt_ws_monolingual_scores": 0.2547077979845638, "tgt_EN_RW-STANFORD": 0.22656688097758057, "tgt_EN_WS-353-ALL": 0.2184699731719311, "tgt_EN_RG-65": 0.17401960784313728, "tgt_EN_VERB-143": 0.24084613272272626, "tgt_EN_MEN-TR-3k": 0.2837881144276605, "tgt_EN_WS-353-SIM": 0.3998132969478484, "tgt_EN_SEMEVAL17": 0.3033775065879814, "tgt_EN_YP-130": 0.13860058267398082, "tgt_EN_MC-30": 0.5078816895453011, "tgt_EN_SIMLEX-999": 0.1727504295502741, "tgt_EN_MTurk-287": 0.2584666901145348, "tgt_EN_WS-353-REL": 0.13546127273756328, "tgt_EN_MTurk-771": 0.25115919649880974, "precision_at_1-nn": 5.0, "precision_at_5-nn": 12.625, "precision_at_10-nn": 16.25, "precision_at_1-csls_knn_10": 5.875, "precision_at_5-csls_knn_10": 13.625000000000002, "precision_at_10-csls_knn_10": 17.625, "mean_cosine-nn-S2T-10000": 0.41531312465667725, "mean_cosine-csls_knn_10-S2T-10000": 0.4169253706932068}
INFO - 03/19/19 20:08:54 - 0:04:08 - * Best value for "precision_at_1-csls_knn_10": 5.87500
INFO - 03/19/19 20:08:54 - 0:04:08 - * Saving the mapping to /data/home/pyliao/bridge-with-l2/MUSE/dumped/supervised/c2gmte45j3/best_mapping.pth ...
INFO - 03/19/19 20:08:54 - 0:04:08 - End of iteration 0.
                                     
                                     
INFO - 03/19/19 20:08:54 - 0:04:08 - Starting iteration 1...
INFO - 03/19/19 20:08:54 - 0:04:08 - Building the train dictionary ...
INFO - 03/19/19 20:12:03 - 0:07:17 - New train dictionary of 1429 pairs.
INFO - 03/19/19 20:12:13 - 0:07:27 - ====================================================================
INFO - 03/19/19 20:12:13 - 0:07:27 -                        Dataset      Found     Not found          Rho
INFO - 03/19/19 20:12:13 - 0:07:27 - ====================================================================
INFO - 03/19/19 20:12:13 - 0:07:27 -                 EN_RW-STANFORD        350          1684       0.2266
INFO - 03/19/19 20:12:14 - 0:07:28 -                  EN_WS-353-ALL        239           114       0.2185
INFO - 03/19/19 20:12:14 - 0:07:28 -                       EN_RG-65         17            48       0.1740
INFO - 03/19/19 20:12:14 - 0:07:28 -                    EN_VERB-143        132            12       0.2408
INFO - 03/19/19 20:12:14 - 0:07:28 -                   EN_MEN-TR-3k       1479          1521       0.2838
INFO - 03/19/19 20:12:14 - 0:07:28 -                  EN_WS-353-SIM        133            70       0.3998
INFO - 03/19/19 20:12:14 - 0:07:28 -                   EN_SEMEVAL17        179           209       0.3034
INFO - 03/19/19 20:12:14 - 0:07:28 -                      EN_YP-130         78            52       0.1386
INFO - 03/19/19 20:12:14 - 0:07:28 -                       EN_MC-30         12            18       0.5079
INFO - 03/19/19 20:12:14 - 0:07:28 -                  EN_SIMLEX-999        658           341       0.1728
INFO - 03/19/19 20:12:14 - 0:07:28 -                   EN_MTurk-287        120           167       0.2585
INFO - 03/19/19 20:12:14 - 0:07:28 -                  EN_WS-353-REL        179            73       0.1355
INFO - 03/19/19 20:12:14 - 0:07:28 -                   EN_MTurk-771        512           259       0.2512
INFO - 03/19/19 20:12:14 - 0:07:28 - ====================================================================
INFO - 03/19/19 20:12:14 - 0:07:28 - Monolingual target word similarity score average: 0.25471
INFO - 03/19/19 20:12:14 - 0:07:28 - Found 1216 pairs of words in the dictionary (800 unique). 1267 other pairs contained at least one unknown word (248 in lang1, 1139 in lang2)
INFO - 03/19/19 20:12:14 - 0:07:28 - 800 source words - nn - Precision at k = 1: 4.375000
INFO - 03/19/19 20:12:14 - 0:07:28 - 800 source words - nn - Precision at k = 5: 11.375000
INFO - 03/19/19 20:12:14 - 0:07:28 - 800 source words - nn - Precision at k = 10: 15.000000
INFO - 03/19/19 20:12:14 - 0:07:28 - Found 1216 pairs of words in the dictionary (800 unique). 1267 other pairs contained at least one unknown word (248 in lang1, 1139 in lang2)
INFO - 03/19/19 20:13:38 - 0:08:52 - 800 source words - csls_knn_10 - Precision at k = 1: 5.875000
INFO - 03/19/19 20:13:39 - 0:08:52 - 800 source words - csls_knn_10 - Precision at k = 5: 13.250000
INFO - 03/19/19 20:13:39 - 0:08:53 - 800 source words - csls_knn_10 - Precision at k = 10: 16.750000
INFO - 03/19/19 20:13:42 - 0:08:56 - Building the train dictionary ...
INFO - 03/19/19 20:13:42 - 0:08:56 - New train dictionary of 6726 pairs.
INFO - 03/19/19 20:13:42 - 0:08:56 - Mean cosine (nn method, S2T build, 10000 max size): 0.43062
INFO - 03/19/19 20:16:51 - 0:12:05 - Building the train dictionary ...
INFO - 03/19/19 20:16:51 - 0:12:05 - New train dictionary of 5489 pairs.
INFO - 03/19/19 20:16:51 - 0:12:05 - Mean cosine (csls_knn_10 method, S2T build, 10000 max size): 0.43677
INFO - 03/19/19 20:16:51 - 0:12:05 - __log__:{"n_iter": 1, "tgt_ws_monolingual_scores": 0.2547077979845638, "tgt_EN_RW-STANFORD": 0.22656688097758057, "tgt_EN_WS-353-ALL": 0.2184699731719311, "tgt_EN_RG-65": 0.17401960784313728, "tgt_EN_VERB-143": 0.24084613272272626, "tgt_EN_MEN-TR-3k": 0.2837881144276605, "tgt_EN_WS-353-SIM": 0.3998132969478484, "tgt_EN_SEMEVAL17": 0.3033775065879814, "tgt_EN_YP-130": 0.13860058267398082, "tgt_EN_MC-30": 0.5078816895453011, "tgt_EN_SIMLEX-999": 0.1727504295502741, "tgt_EN_MTurk-287": 0.2584666901145348, "tgt_EN_WS-353-REL": 0.13546127273756328, "tgt_EN_MTurk-771": 0.25115919649880974, "precision_at_1-nn": 4.375, "precision_at_5-nn": 11.375, "precision_at_10-nn": 15.0, "precision_at_1-csls_knn_10": 5.875, "precision_at_5-csls_knn_10": 13.25, "precision_at_10-csls_knn_10": 16.75, "mean_cosine-nn-S2T-10000": 0.430622935295105, "mean_cosine-csls_knn_10-S2T-10000": 0.43677374720573425}
INFO - 03/19/19 20:16:51 - 0:12:05 - End of iteration 1.
                                     
                                     
INFO - 03/19/19 20:16:51 - 0:12:05 - Starting iteration 2...
INFO - 03/19/19 20:16:51 - 0:12:05 - Building the train dictionary ...
INFO - 03/19/19 20:19:51 - 0:15:05 - New train dictionary of 1733 pairs.
INFO - 03/19/19 20:20:01 - 0:15:15 - ====================================================================
INFO - 03/19/19 20:20:01 - 0:15:15 -                        Dataset      Found     Not found          Rho
INFO - 03/19/19 20:20:01 - 0:15:15 - ====================================================================
INFO - 03/19/19 20:20:01 - 0:15:15 -                 EN_RW-STANFORD        350          1684       0.2266
INFO - 03/19/19 20:20:01 - 0:15:15 -                  EN_WS-353-ALL        239           114       0.2185
INFO - 03/19/19 20:20:01 - 0:15:15 -                       EN_RG-65         17            48       0.1740
INFO - 03/19/19 20:20:01 - 0:15:15 -                    EN_VERB-143        132            12       0.2408
INFO - 03/19/19 20:20:01 - 0:15:15 -                   EN_MEN-TR-3k       1479          1521       0.2838
INFO - 03/19/19 20:20:01 - 0:15:15 -                  EN_WS-353-SIM        133            70       0.3998
INFO - 03/19/19 20:20:01 - 0:15:15 -                   EN_SEMEVAL17        179           209       0.3034
INFO - 03/19/19 20:20:01 - 0:15:15 -                      EN_YP-130         78            52       0.1386
INFO - 03/19/19 20:20:01 - 0:15:15 -                       EN_MC-30         12            18       0.5079
INFO - 03/19/19 20:20:01 - 0:15:15 -                  EN_SIMLEX-999        658           341       0.1728
INFO - 03/19/19 20:20:01 - 0:15:15 -                   EN_MTurk-287        120           167       0.2585
INFO - 03/19/19 20:20:01 - 0:15:15 -                  EN_WS-353-REL        179            73       0.1355
INFO - 03/19/19 20:20:01 - 0:15:15 -                   EN_MTurk-771        512           259       0.2512
INFO - 03/19/19 20:20:01 - 0:15:15 - ====================================================================
INFO - 03/19/19 20:20:01 - 0:15:15 - Monolingual target word similarity score average: 0.25471
INFO - 03/19/19 20:20:01 - 0:15:15 - Found 1216 pairs of words in the dictionary (800 unique). 1267 other pairs contained at least one unknown word (248 in lang1, 1139 in lang2)
INFO - 03/19/19 20:20:02 - 0:15:16 - 800 source words - nn - Precision at k = 1: 4.125000
INFO - 03/19/19 20:20:02 - 0:15:16 - 800 source words - nn - Precision at k = 5: 10.125000
INFO - 03/19/19 20:20:02 - 0:15:16 - 800 source words - nn - Precision at k = 10: 14.250000
INFO - 03/19/19 20:20:02 - 0:15:16 - Found 1216 pairs of words in the dictionary (800 unique). 1267 other pairs contained at least one unknown word (248 in lang1, 1139 in lang2)
INFO - 03/19/19 20:21:32 - 0:16:46 - 800 source words - csls_knn_10 - Precision at k = 1: 6.125000
INFO - 03/19/19 20:21:32 - 0:16:46 - 800 source words - csls_knn_10 - Precision at k = 5: 12.125000
INFO - 03/19/19 20:21:32 - 0:16:46 - 800 source words - csls_knn_10 - Precision at k = 10: 15.875000
INFO - 03/19/19 20:21:34 - 0:16:48 - Building the train dictionary ...
INFO - 03/19/19 20:21:34 - 0:16:48 - New train dictionary of 6805 pairs.
INFO - 03/19/19 20:21:34 - 0:16:48 - Mean cosine (nn method, S2T build, 10000 max size): 0.43884
INFO - 03/19/19 20:24:42 - 0:19:56 - Building the train dictionary ...
INFO - 03/19/19 20:24:42 - 0:19:56 - New train dictionary of 5561 pairs.
INFO - 03/19/19 20:24:42 - 0:19:56 - Mean cosine (csls_knn_10 method, S2T build, 10000 max size): 0.44710
INFO - 03/19/19 20:24:42 - 0:19:56 - __log__:{"n_iter": 2, "tgt_ws_monolingual_scores": 0.2547077979845638, "tgt_EN_RW-STANFORD": 0.22656688097758057, "tgt_EN_WS-353-ALL": 0.2184699731719311, "tgt_EN_RG-65": 0.17401960784313728, "tgt_EN_VERB-143": 0.24084613272272626, "tgt_EN_MEN-TR-3k": 0.2837881144276605, "tgt_EN_WS-353-SIM": 0.3998132969478484, "tgt_EN_SEMEVAL17": 0.3033775065879814, "tgt_EN_YP-130": 0.13860058267398082, "tgt_EN_MC-30": 0.5078816895453011, "tgt_EN_SIMLEX-999": 0.1727504295502741, "tgt_EN_MTurk-287": 0.2584666901145348, "tgt_EN_WS-353-REL": 0.13546127273756328, "tgt_EN_MTurk-771": 0.25115919649880974, "precision_at_1-nn": 4.125, "precision_at_5-nn": 10.125, "precision_at_10-nn": 14.249999999999998, "precision_at_1-csls_knn_10": 6.125, "precision_at_5-csls_knn_10": 12.125, "precision_at_10-csls_knn_10": 15.875, "mean_cosine-nn-S2T-10000": 0.43883657455444336, "mean_cosine-csls_knn_10-S2T-10000": 0.44710299372673035}
INFO - 03/19/19 20:24:42 - 0:19:56 - * Best value for "precision_at_1-csls_knn_10": 6.12500
INFO - 03/19/19 20:24:42 - 0:19:56 - * Saving the mapping to /data/home/pyliao/bridge-with-l2/MUSE/dumped/supervised/c2gmte45j3/best_mapping.pth ...
INFO - 03/19/19 20:24:42 - 0:19:56 - End of iteration 2.
                                     
                                     
INFO - 03/19/19 20:24:42 - 0:19:56 - Starting iteration 3...
INFO - 03/19/19 20:24:42 - 0:19:56 - Building the train dictionary ...
INFO - 03/19/19 20:27:43 - 0:22:57 - New train dictionary of 1863 pairs.
INFO - 03/19/19 20:27:56 - 0:23:10 - ====================================================================
INFO - 03/19/19 20:27:56 - 0:23:10 -                        Dataset      Found     Not found          Rho
INFO - 03/19/19 20:27:56 - 0:23:10 - ====================================================================
INFO - 03/19/19 20:27:56 - 0:23:10 -                 EN_RW-STANFORD        350          1684       0.2266
INFO - 03/19/19 20:27:56 - 0:23:10 -                  EN_WS-353-ALL        239           114       0.2185
INFO - 03/19/19 20:27:56 - 0:23:10 -                       EN_RG-65         17            48       0.1740
INFO - 03/19/19 20:27:56 - 0:23:10 -                    EN_VERB-143        132            12       0.2408
INFO - 03/19/19 20:27:56 - 0:23:10 -                   EN_MEN-TR-3k       1479          1521       0.2838
INFO - 03/19/19 20:27:56 - 0:23:10 -                  EN_WS-353-SIM        133            70       0.3998
INFO - 03/19/19 20:27:56 - 0:23:10 -                   EN_SEMEVAL17        179           209       0.3034
INFO - 03/19/19 20:27:56 - 0:23:10 -                      EN_YP-130         78            52       0.1386
INFO - 03/19/19 20:27:56 - 0:23:10 -                       EN_MC-30         12            18       0.5079
INFO - 03/19/19 20:27:56 - 0:23:10 -                  EN_SIMLEX-999        658           341       0.1728
INFO - 03/19/19 20:27:56 - 0:23:10 -                   EN_MTurk-287        120           167       0.2585
INFO - 03/19/19 20:27:56 - 0:23:10 -                  EN_WS-353-REL        179            73       0.1355
INFO - 03/19/19 20:27:56 - 0:23:10 -                   EN_MTurk-771        512           259       0.2512
INFO - 03/19/19 20:27:56 - 0:23:10 - ====================================================================
INFO - 03/19/19 20:27:56 - 0:23:10 - Monolingual target word similarity score average: 0.25471
INFO - 03/19/19 20:27:56 - 0:23:10 - Found 1216 pairs of words in the dictionary (800 unique). 1267 other pairs contained at least one unknown word (248 in lang1, 1139 in lang2)
INFO - 03/19/19 20:27:56 - 0:23:10 - 800 source words - nn - Precision at k = 1: 3.875000
INFO - 03/19/19 20:27:56 - 0:23:10 - 800 source words - nn - Precision at k = 5: 9.750000
INFO - 03/19/19 20:27:56 - 0:23:10 - 800 source words - nn - Precision at k = 10: 13.500000
INFO - 03/19/19 20:27:56 - 0:23:10 - Found 1216 pairs of words in the dictionary (800 unique). 1267 other pairs contained at least one unknown word (248 in lang1, 1139 in lang2)
INFO - 03/19/19 20:29:26 - 0:24:40 - 800 source words - csls_knn_10 - Precision at k = 1: 5.875000
INFO - 03/19/19 20:29:26 - 0:24:40 - 800 source words - csls_knn_10 - Precision at k = 5: 12.000000
INFO - 03/19/19 20:29:26 - 0:24:40 - 800 source words - csls_knn_10 - Precision at k = 10: 15.750000
INFO - 03/19/19 20:29:28 - 0:24:42 - Building the train dictionary ...
INFO - 03/19/19 20:29:28 - 0:24:42 - New train dictionary of 6860 pairs.
INFO - 03/19/19 20:29:28 - 0:24:42 - Mean cosine (nn method, S2T build, 10000 max size): 0.44118
INFO - 03/19/19 20:32:23 - 0:27:37 - Building the train dictionary ...
INFO - 03/19/19 20:32:23 - 0:27:37 - New train dictionary of 5628 pairs.
INFO - 03/19/19 20:32:23 - 0:27:37 - Mean cosine (csls_knn_10 method, S2T build, 10000 max size): 0.44994
INFO - 03/19/19 20:32:23 - 0:27:37 - __log__:{"n_iter": 3, "tgt_ws_monolingual_scores": 0.2547077979845638, "tgt_EN_RW-STANFORD": 0.22656688097758057, "tgt_EN_WS-353-ALL": 0.2184699731719311, "tgt_EN_RG-65": 0.17401960784313728, "tgt_EN_VERB-143": 0.24084613272272626, "tgt_EN_MEN-TR-3k": 0.2837881144276605, "tgt_EN_WS-353-SIM": 0.3998132969478484, "tgt_EN_SEMEVAL17": 0.3033775065879814, "tgt_EN_YP-130": 0.13860058267398082, "tgt_EN_MC-30": 0.5078816895453011, "tgt_EN_SIMLEX-999": 0.1727504295502741, "tgt_EN_MTurk-287": 0.2584666901145348, "tgt_EN_WS-353-REL": 0.13546127273756328, "tgt_EN_MTurk-771": 0.25115919649880974, "precision_at_1-nn": 3.875, "precision_at_5-nn": 9.75, "precision_at_10-nn": 13.5, "precision_at_1-csls_knn_10": 5.875, "precision_at_5-csls_knn_10": 12.0, "precision_at_10-csls_knn_10": 15.75, "mean_cosine-nn-S2T-10000": 0.4411831498146057, "mean_cosine-csls_knn_10-S2T-10000": 0.44994086027145386}
INFO - 03/19/19 20:32:23 - 0:27:37 - End of iteration 3.
                                     
                                     
INFO - 03/19/19 20:32:23 - 0:27:37 - Starting iteration 4...
INFO - 03/19/19 20:32:23 - 0:27:37 - Building the train dictionary ...
INFO - 03/19/19 20:35:32 - 0:30:46 - New train dictionary of 1951 pairs.
INFO - 03/19/19 20:35:39 - 0:30:53 - ====================================================================
INFO - 03/19/19 20:35:39 - 0:30:53 -                        Dataset      Found     Not found          Rho
INFO - 03/19/19 20:35:39 - 0:30:53 - ====================================================================
INFO - 03/19/19 20:35:39 - 0:30:53 -                 EN_RW-STANFORD        350          1684       0.2266
INFO - 03/19/19 20:35:39 - 0:30:53 -                  EN_WS-353-ALL        239           114       0.2185
INFO - 03/19/19 20:35:39 - 0:30:53 -                       EN_RG-65         17            48       0.1740
INFO - 03/19/19 20:35:39 - 0:30:53 -                    EN_VERB-143        132            12       0.2408
INFO - 03/19/19 20:35:39 - 0:30:53 -                   EN_MEN-TR-3k       1479          1521       0.2838
INFO - 03/19/19 20:35:39 - 0:30:53 -                  EN_WS-353-SIM        133            70       0.3998
INFO - 03/19/19 20:35:39 - 0:30:53 -                   EN_SEMEVAL17        179           209       0.3034
INFO - 03/19/19 20:35:39 - 0:30:53 -                      EN_YP-130         78            52       0.1386
INFO - 03/19/19 20:35:39 - 0:30:53 -                       EN_MC-30         12            18       0.5079
INFO - 03/19/19 20:35:39 - 0:30:53 -                  EN_SIMLEX-999        658           341       0.1728
INFO - 03/19/19 20:35:39 - 0:30:53 -                   EN_MTurk-287        120           167       0.2585
INFO - 03/19/19 20:35:39 - 0:30:53 -                  EN_WS-353-REL        179            73       0.1355
INFO - 03/19/19 20:35:39 - 0:30:53 -                   EN_MTurk-771        512           259       0.2512
INFO - 03/19/19 20:35:39 - 0:30:53 - ====================================================================
INFO - 03/19/19 20:35:39 - 0:30:53 - Monolingual target word similarity score average: 0.25471
INFO - 03/19/19 20:35:39 - 0:30:53 - Found 1216 pairs of words in the dictionary (800 unique). 1267 other pairs contained at least one unknown word (248 in lang1, 1139 in lang2)
INFO - 03/19/19 20:35:39 - 0:30:53 - 800 source words - nn - Precision at k = 1: 4.125000
INFO - 03/19/19 20:35:39 - 0:30:53 - 800 source words - nn - Precision at k = 5: 9.750000
INFO - 03/19/19 20:35:39 - 0:30:53 - 800 source words - nn - Precision at k = 10: 13.375000
INFO - 03/19/19 20:35:39 - 0:30:53 - Found 1216 pairs of words in the dictionary (800 unique). 1267 other pairs contained at least one unknown word (248 in lang1, 1139 in lang2)
INFO - 03/19/19 20:37:07 - 0:32:21 - 800 source words - csls_knn_10 - Precision at k = 1: 5.500000
INFO - 03/19/19 20:37:07 - 0:32:21 - 800 source words - csls_knn_10 - Precision at k = 5: 11.500000
INFO - 03/19/19 20:37:07 - 0:32:21 - 800 source words - csls_knn_10 - Precision at k = 10: 14.875000
INFO - 03/19/19 20:37:10 - 0:32:24 - Building the train dictionary ...
INFO - 03/19/19 20:37:10 - 0:32:24 - New train dictionary of 6971 pairs.
INFO - 03/19/19 20:37:10 - 0:32:24 - Mean cosine (nn method, S2T build, 10000 max size): 0.44267
INFO - 03/19/19 20:40:14 - 0:35:28 - Building the train dictionary ...
INFO - 03/19/19 20:40:14 - 0:35:28 - New train dictionary of 5704 pairs.
INFO - 03/19/19 20:40:14 - 0:35:28 - Mean cosine (csls_knn_10 method, S2T build, 10000 max size): 0.45240
INFO - 03/19/19 20:40:14 - 0:35:28 - __log__:{"n_iter": 4, "tgt_ws_monolingual_scores": 0.2547077979845638, "tgt_EN_RW-STANFORD": 0.22656688097758057, "tgt_EN_WS-353-ALL": 0.2184699731719311, "tgt_EN_RG-65": 0.17401960784313728, "tgt_EN_VERB-143": 0.24084613272272626, "tgt_EN_MEN-TR-3k": 0.2837881144276605, "tgt_EN_WS-353-SIM": 0.3998132969478484, "tgt_EN_SEMEVAL17": 0.3033775065879814, "tgt_EN_YP-130": 0.13860058267398082, "tgt_EN_MC-30": 0.5078816895453011, "tgt_EN_SIMLEX-999": 0.1727504295502741, "tgt_EN_MTurk-287": 0.2584666901145348, "tgt_EN_WS-353-REL": 0.13546127273756328, "tgt_EN_MTurk-771": 0.25115919649880974, "precision_at_1-nn": 4.125, "precision_at_5-nn": 9.75, "precision_at_10-nn": 13.375, "precision_at_1-csls_knn_10": 5.5, "precision_at_5-csls_knn_10": 11.5, "precision_at_10-csls_knn_10": 14.875, "mean_cosine-nn-S2T-10000": 0.4426732063293457, "mean_cosine-csls_knn_10-S2T-10000": 0.4523988664150238}
INFO - 03/19/19 20:40:14 - 0:35:28 - End of iteration 4.
                                     
                                     
INFO - 03/19/19 20:40:14 - 0:35:28 - Starting iteration 5...
INFO - 03/19/19 20:40:14 - 0:35:28 - Building the train dictionary ...
INFO - 03/19/19 20:42:19 - 0:37:33 - New train dictionary of 2002 pairs.
INFO - 03/19/19 20:42:26 - 0:37:40 - ====================================================================
INFO - 03/19/19 20:42:26 - 0:37:40 -                        Dataset      Found     Not found          Rho
INFO - 03/19/19 20:42:26 - 0:37:40 - ====================================================================
INFO - 03/19/19 20:42:26 - 0:37:40 -                 EN_RW-STANFORD        350          1684       0.2266
INFO - 03/19/19 20:42:26 - 0:37:40 -                  EN_WS-353-ALL        239           114       0.2185
INFO - 03/19/19 20:42:26 - 0:37:40 -                       EN_RG-65         17            48       0.1740
INFO - 03/19/19 20:42:26 - 0:37:40 -                    EN_VERB-143        132            12       0.2408
INFO - 03/19/19 20:42:26 - 0:37:40 -                   EN_MEN-TR-3k       1479          1521       0.2838
INFO - 03/19/19 20:42:26 - 0:37:40 -                  EN_WS-353-SIM        133            70       0.3998
INFO - 03/19/19 20:42:26 - 0:37:40 -                   EN_SEMEVAL17        179           209       0.3034
INFO - 03/19/19 20:42:26 - 0:37:40 -                      EN_YP-130         78            52       0.1386
INFO - 03/19/19 20:42:26 - 0:37:40 -                       EN_MC-30         12            18       0.5079
INFO - 03/19/19 20:42:26 - 0:37:40 -                  EN_SIMLEX-999        658           341       0.1728
INFO - 03/19/19 20:42:26 - 0:37:40 -                   EN_MTurk-287        120           167       0.2585
INFO - 03/19/19 20:42:26 - 0:37:40 -                  EN_WS-353-REL        179            73       0.1355
INFO - 03/19/19 20:42:26 - 0:37:40 -                   EN_MTurk-771        512           259       0.2512
INFO - 03/19/19 20:42:26 - 0:37:40 - ====================================================================
INFO - 03/19/19 20:42:26 - 0:37:40 - Monolingual target word similarity score average: 0.25471
INFO - 03/19/19 20:42:26 - 0:37:40 - Found 1216 pairs of words in the dictionary (800 unique). 1267 other pairs contained at least one unknown word (248 in lang1, 1139 in lang2)
INFO - 03/19/19 20:42:26 - 0:37:40 - 800 source words - nn - Precision at k = 1: 3.875000
INFO - 03/19/19 20:42:26 - 0:37:40 - 800 source words - nn - Precision at k = 5: 9.250000
INFO - 03/19/19 20:42:26 - 0:37:40 - 800 source words - nn - Precision at k = 10: 13.125000
INFO - 03/19/19 20:42:26 - 0:37:40 - Found 1216 pairs of words in the dictionary (800 unique). 1267 other pairs contained at least one unknown word (248 in lang1, 1139 in lang2)
INFO - 03/19/19 20:43:32 - 0:38:46 - 800 source words - csls_knn_10 - Precision at k = 1: 5.500000
INFO - 03/19/19 20:43:32 - 0:38:46 - 800 source words - csls_knn_10 - Precision at k = 5: 11.375000
INFO - 03/19/19 20:43:32 - 0:38:46 - 800 source words - csls_knn_10 - Precision at k = 10: 15.500000
INFO - 03/19/19 20:43:34 - 0:38:48 - Building the train dictionary ...
INFO - 03/19/19 20:43:34 - 0:38:48 - New train dictionary of 7039 pairs.
INFO - 03/19/19 20:43:34 - 0:38:48 - Mean cosine (nn method, S2T build, 10000 max size): 0.44407
INFO - 03/19/19 20:45:22 - 0:40:36 - Building the train dictionary ...
INFO - 03/19/19 20:45:22 - 0:40:36 - New train dictionary of 5753 pairs.
INFO - 03/19/19 20:45:22 - 0:40:36 - Mean cosine (csls_knn_10 method, S2T build, 10000 max size): 0.45365
INFO - 03/19/19 20:45:22 - 0:40:36 - __log__:{"n_iter": 5, "tgt_ws_monolingual_scores": 0.2547077979845638, "tgt_EN_RW-STANFORD": 0.22656688097758057, "tgt_EN_WS-353-ALL": 0.2184699731719311, "tgt_EN_RG-65": 0.17401960784313728, "tgt_EN_VERB-143": 0.24084613272272626, "tgt_EN_MEN-TR-3k": 0.2837881144276605, "tgt_EN_WS-353-SIM": 0.3998132969478484, "tgt_EN_SEMEVAL17": 0.3033775065879814, "tgt_EN_YP-130": 0.13860058267398082, "tgt_EN_MC-30": 0.5078816895453011, "tgt_EN_SIMLEX-999": 0.1727504295502741, "tgt_EN_MTurk-287": 0.2584666901145348, "tgt_EN_WS-353-REL": 0.13546127273756328, "tgt_EN_MTurk-771": 0.25115919649880974, "precision_at_1-nn": 3.875, "precision_at_5-nn": 9.25, "precision_at_10-nn": 13.125, "precision_at_1-csls_knn_10": 5.5, "precision_at_5-csls_knn_10": 11.375, "precision_at_10-csls_knn_10": 15.5, "mean_cosine-nn-S2T-10000": 0.44407084584236145, "mean_cosine-csls_knn_10-S2T-10000": 0.45365452766418457}
INFO - 03/19/19 20:45:22 - 0:40:36 - End of iteration 5.
                                     
                                     
INFO - 03/19/19 20:45:22 - 0:40:36 - * Reloading the best model from /data/home/pyliao/bridge-with-l2/MUSE/dumped/supervised/c2gmte45j3/best_mapping.pth ...
INFO - 03/19/19 20:45:22 - 0:40:36 - Reloading all embeddings for mapping ...
INFO - 03/19/19 20:45:26 - 0:40:40 - Loaded 50101 pre-trained word embeddings.
INFO - 03/19/19 20:45:29 - 0:40:43 - Loaded 41384 pre-trained word embeddings.
INFO - 03/19/19 20:45:29 - 0:40:43 - Map source embeddings to the target space ...
INFO - 03/19/19 20:45:29 - 0:40:43 - Writing source embeddings to /data/home/pyliao/bridge-with-l2/MUSE/dumped/supervised/c2gmte45j3/vectors-zh.txt ...
INFO - 03/19/19 20:46:21 - 0:41:35 - Writing target embeddings to /data/home/pyliao/bridge-with-l2/MUSE/dumped/supervised/c2gmte45j3/vectors-en.txt ...
