INFO - 03/19/19 02:57:41 - 0:00:00 - ============ Initialized logger ============
INFO - 03/19/19 02:57:41 - 0:00:00 - cuda: True
                                     dico_eval: default
                                     emb_dim: 300
                                     exp_id: 
                                     exp_name: monolingual_essay_zh_en-1M-5_fasttext
                                     exp_path: /data/home/pyliao/bridge-with-l2/MUSE/dumped/monolingual_essay_zh_en-1M-5_fasttext/bydig5o9l0
                                     max_vocab: 40000
                                     normalize_embeddings: 
                                     src_emb: project/data/essay_zh_en_1M_5.fasttext.vec
                                     src_lang: en
                                     tgt_emb: 
                                     tgt_lang: 
                                     verbose: 2
INFO - 03/19/19 02:57:41 - 0:00:00 - The experiment will be stored in /data/home/pyliao/bridge-with-l2/MUSE/dumped/monolingual_essay_zh_en-1M-5_fasttext/bydig5o9l0
INFO - 03/19/19 02:57:43 - 0:00:02 - Loaded 31983 pre-trained word embeddings.
INFO - 03/19/19 02:57:46 - 0:00:05 - ====================================================================
INFO - 03/19/19 02:57:46 - 0:00:05 -                        Dataset      Found     Not found          Rho
INFO - 03/19/19 02:57:46 - 0:00:05 - ====================================================================
INFO - 03/19/19 02:57:46 - 0:00:05 -                 EN_RW-STANFORD        221          1813       0.3058
INFO - 03/19/19 02:57:46 - 0:00:05 -                  EN_WS-353-ALL        281            72       0.2212
INFO - 03/19/19 02:57:46 - 0:00:05 -                       EN_RG-65         28            37       0.3556
INFO - 03/19/19 02:57:46 - 0:00:05 -                    EN_VERB-143        139             5       0.2536
INFO - 03/19/19 02:57:46 - 0:00:05 -                   EN_MEN-TR-3k       2425           575       0.4152
INFO - 03/19/19 02:57:46 - 0:00:05 -                  EN_WS-353-SIM        160            43       0.2812
INFO - 03/19/19 02:57:46 - 0:00:05 -                   EN_SEMEVAL17        215           173       0.2619
INFO - 03/19/19 02:57:46 - 0:00:05 -                      EN_YP-130         89            41       0.0313
INFO - 03/19/19 02:57:46 - 0:00:05 -                       EN_MC-30         19            11       0.0799
INFO - 03/19/19 02:57:46 - 0:00:05 -                  EN_SIMLEX-999        892           107       0.1823
INFO - 03/19/19 02:57:46 - 0:00:05 -                   EN_MTurk-287        166           121       0.2356
INFO - 03/19/19 02:57:46 - 0:00:05 -                  EN_WS-353-REL        207            45       0.1790
INFO - 03/19/19 02:57:46 - 0:00:05 -                   EN_MTurk-771        658           113       0.2509
INFO - 03/19/19 02:57:46 - 0:00:05 - ====================================================================
INFO - 03/19/19 02:57:46 - 0:00:05 - Monolingual source word similarity score average: 0.23488
