Scraped
1105.1302
1411.7086
1603.09448
1607.06906
1608.07413
1609.00451
1610.04308
1611.06485
1612.09097
1702.01032
1702.05202
1702.06690
1703.05233
1704.05357
1704.06493
1704.06960
1704.07161
1704.07711
1705.00583
1705.02274
1705.05596
1705.07157
1705.08878
1705.09882
1706.01540
1706.07842
1707.04491
1707.05213
1708.00523
1708.02734
1708.03438
1708.05234
1709.03209
1709.03636
1710.00672
1710.02048
1710.02295
1710.10444
1710.11240
1711.01406
1711.03076
1711.06232
1712.01154
1712.01512
1712.09983
1801.02334
1801.03625
1801.06159
1801.06742
1801.07198
Extracted - class 0
1610.04308
Extracted - class 1
1801.06159
1801.07198
