INFO - 03/20/19 02:32:48 - 0:00:00 - ============ Initialized logger ============
INFO - 03/20/19 02:32:48 - 0:00:00 - cuda: True
                                     dico_eval: default
                                     emb_dim: 300
                                     exp_id: 
                                     exp_name: debug
                                     exp_path: /data/home/pyliao/bridge-with-l2/MUSE/dumped/debug/rewq16e13f
                                     max_vocab: 40000
                                     normalize_embeddings: center
                                     src_emb: MUSE/dumped/debug/axqmko861i/vectors-zh.txt
                                     src_lang: zh
                                     tgt_emb: MUSE/dumped/debug/axqmko861i/vectors-en.txt
                                     tgt_lang: en
                                     verbose: 2
INFO - 03/20/19 02:32:48 - 0:00:00 - The experiment will be stored in /data/home/pyliao/bridge-with-l2/MUSE/dumped/debug/rewq16e13f
INFO - 03/20/19 02:32:51 - 0:00:03 - Loaded 40000 pre-trained word embeddings.
INFO - 03/20/19 02:33:04 - 0:00:15 - Loaded 31239 pre-trained word embeddings.
INFO - 03/20/19 02:33:10 - 0:00:21 - ====================================================================
INFO - 03/20/19 02:33:10 - 0:00:21 -                        Dataset      Found     Not found          Rho
INFO - 03/20/19 02:33:10 - 0:00:21 - ====================================================================
INFO - 03/20/19 02:33:10 - 0:00:21 -                 EN_RW-STANFORD        470          1564       0.6830
INFO - 03/20/19 02:33:10 - 0:00:21 -                  EN_WS-353-ALL        337            16       0.7661
INFO - 03/20/19 02:33:10 - 0:00:21 -                       EN_RG-65         61             4       0.8315
INFO - 03/20/19 02:33:10 - 0:00:21 -                    EN_VERB-143        144             0       0.4757
INFO - 03/20/19 02:33:10 - 0:00:22 -                   EN_MEN-TR-3k       2858           142       0.8073
INFO - 03/20/19 02:33:10 - 0:00:22 -                  EN_WS-353-SIM        196             7       0.8074
INFO - 03/20/19 02:33:10 - 0:00:22 -                   EN_SEMEVAL17        331            57       0.7846
INFO - 03/20/19 02:33:10 - 0:00:22 -                      EN_YP-130        116            14       0.6025
INFO - 03/20/19 02:33:10 - 0:00:22 -                       EN_MC-30         29             1       0.7985
INFO - 03/20/19 02:33:10 - 0:00:22 -                  EN_SIMLEX-999        990             9       0.4952
INFO - 03/20/19 02:33:10 - 0:00:22 -                   EN_MTurk-287        279             8       0.7479
INFO - 03/20/19 02:33:10 - 0:00:22 -                  EN_WS-353-REL        243             9       0.7062
INFO - 03/20/19 02:33:10 - 0:00:22 -                   EN_MTurk-771        771             0       0.7692
INFO - 03/20/19 02:33:10 - 0:00:22 - ====================================================================
INFO - 03/20/19 02:33:10 - 0:00:22 - Monolingual target word similarity score average: 0.71347
INFO - 03/20/19 02:33:10 - 0:00:22 - Found 2169 pairs of words in the dictionary (1332 unique). 314 other pairs contained at least one unknown word (0 in lang1, 314 in lang2)
INFO - 03/20/19 02:33:10 - 0:00:22 - 1332 source words - nn - Precision at k = 1: 0.000000
INFO - 03/20/19 02:33:10 - 0:00:22 - 1332 source words - nn - Precision at k = 5: 0.000000
INFO - 03/20/19 02:33:10 - 0:00:22 - 1332 source words - nn - Precision at k = 10: 0.000000
INFO - 03/20/19 02:33:10 - 0:00:22 - Found 2169 pairs of words in the dictionary (1332 unique). 314 other pairs contained at least one unknown word (0 in lang1, 314 in lang2)
INFO - 03/20/19 02:33:14 - 0:00:26 - 1332 source words - csls_knn_10 - Precision at k = 1: 0.000000
INFO - 03/20/19 02:33:14 - 0:00:26 - 1332 source words - csls_knn_10 - Precision at k = 5: 0.075075
INFO - 03/20/19 02:33:14 - 0:00:26 - 1332 source words - csls_knn_10 - Precision at k = 10: 0.075075
