INFO - 03/19/19 07:24:17 - 0:00:00 - ============ Initialized logger ============
INFO - 03/19/19 07:24:17 - 0:00:00 - adversarial: True
                                     batch_size: 32
                                     cuda: True
                                     dico_build: S2T
                                     dico_eval: default
                                     dico_max_rank: 15000
                                     dico_max_size: 0
                                     dico_method: csls_knn_10
                                     dico_min_size: 0
                                     dico_threshold: 0
                                     dis_clip_weights: 0
                                     dis_dropout: 0.0
                                     dis_hid_dim: 2048
                                     dis_input_dropout: 0.1
                                     dis_lambda: 1
                                     dis_layers: 2
                                     dis_most_frequent: 75000
                                     dis_optimizer: sgd,lr=0.1
                                     dis_smooth: 0.1
                                     dis_steps: 5
                                     emb_dim: 300
                                     epoch_size: 250000
                                     exp_id: 
                                     exp_name: debug
                                     exp_path: /data/home/pyliao/bridge-with-l2/MUSE/dumped/debug/i82zjop0ro
                                     export: txt
                                     lr_decay: 0.98
                                     lr_shrink: 0.5
                                     map_beta: 0.001
                                     map_id_init: True
                                     map_optimizer: sgd,lr=0.1
                                     max_vocab: 200000
                                     min_lr: 1e-06
                                     n_epochs: 10
                                     n_refinement: 10
                                     normalize_embeddings: center
                                     seed: -1
                                     src_emb: MUSE/data/gold/fasttext.wiki.zh.vec
                                     src_lang: zh
                                     tgt_emb: MUSE/data/gold/fasttext.crawl.en.vec
                                     tgt_lang: en
                                     verbose: 2
INFO - 03/19/19 07:24:17 - 0:00:00 - The experiment will be stored in /data/home/pyliao/bridge-with-l2/MUSE/dumped/debug/i82zjop0ro
INFO - 03/19/19 07:24:31 - 0:00:13 - Loaded 200000 pre-trained word embeddings.
WARNING - 03/19/19 07:24:36 - 0:00:19 - Invalid dimension (76) for target word '.it' in line 40831.
INFO - 03/19/19 07:24:36 - 0:00:19 - Loaded 31239 pre-trained word embeddings.
INFO - 03/19/19 07:24:37 - 0:00:19 - ----> ADVERSARIAL TRAINING <----
                                     
                                     
INFO - 03/19/19 07:24:37 - 0:00:19 - Starting adversarial training epoch 0...
