INFO - 03/19/19 02:55:00 - 0:00:00 - ============ Initialized logger ============
INFO - 03/19/19 02:55:00 - 0:00:00 - cuda: True
                                     dico_eval: default
                                     emb_dim: 300
                                     exp_id: 
                                     exp_name: monolingual_arxiv-zh-en-480K-5_fasttext
                                     exp_path: /data/home/pyliao/bridge-with-l2/MUSE/dumped/monolingual_arxiv-zh-en-480K-5_fasttext/6nb2rw47nn
                                     max_vocab: 40000
                                     normalize_embeddings: 
                                     src_emb: project/data/arxiv_zh_en_480K_5.fasttext.vec
                                     src_lang: en
                                     tgt_emb: 
                                     tgt_lang: 
                                     verbose: 2
INFO - 03/19/19 02:55:00 - 0:00:00 - The experiment will be stored in /data/home/pyliao/bridge-with-l2/MUSE/dumped/monolingual_arxiv-zh-en-480K-5_fasttext/6nb2rw47nn
INFO - 03/19/19 02:55:02 - 0:00:02 - Loaded 29217 pre-trained word embeddings.
INFO - 03/19/19 02:55:05 - 0:00:05 - ====================================================================
INFO - 03/19/19 02:55:05 - 0:00:05 -                        Dataset      Found     Not found          Rho
INFO - 03/19/19 02:55:05 - 0:00:05 - ====================================================================
INFO - 03/19/19 02:55:05 - 0:00:05 -                 EN_RW-STANFORD        296          1738       0.2758
INFO - 03/19/19 02:55:05 - 0:00:05 -                  EN_WS-353-ALL        219           134       0.0069
INFO - 03/19/19 02:55:05 - 0:00:05 -                       EN_RG-65         10            55      -0.5636
INFO - 03/19/19 02:55:05 - 0:00:05 -                    EN_VERB-143        127            17       0.2446
INFO - 03/19/19 02:55:05 - 0:00:05 -                   EN_MEN-TR-3k       1226          1774       0.1695
INFO - 03/19/19 02:55:05 - 0:00:05 -                  EN_WS-353-SIM        125            78       0.1218
INFO - 03/19/19 02:55:05 - 0:00:05 -                   EN_SEMEVAL17        160           228       0.0469
INFO - 03/19/19 02:55:05 - 0:00:05 -                      EN_YP-130         73            57       0.1815
INFO - 03/19/19 02:55:05 - 0:00:05 -                       EN_MC-30          9            21      -0.3000
INFO - 03/19/19 02:55:05 - 0:00:05 -                  EN_SIMLEX-999        607           392       0.1440
INFO - 03/19/19 02:55:05 - 0:00:05 -                   EN_MTurk-287        101           186       0.0084
INFO - 03/19/19 02:55:05 - 0:00:05 -                  EN_WS-353-REL        163            89      -0.0699
INFO - 03/19/19 02:55:05 - 0:00:05 -                   EN_MTurk-771        459           312       0.1429
INFO - 03/19/19 02:55:05 - 0:00:05 - ====================================================================
INFO - 03/19/19 02:55:05 - 0:00:05 - Monolingual source word similarity score average: 0.03144
