INFO - 03/19/19 02:54:02 - 0:00:00 - ============ Initialized logger ============
INFO - 03/19/19 02:54:02 - 0:00:00 - cuda: True
                                     dico_eval: default
                                     emb_dim: 300
                                     exp_id: 
                                     exp_name: monolingual_arxiv-en-en-480K-5_fasttext
                                     exp_path: /data/home/pyliao/bridge-with-l2/MUSE/dumped/monolingual_arxiv-en-en-480K-5_fasttext/1t8kp2s57n
                                     max_vocab: 40000
                                     normalize_embeddings: 
                                     src_emb: project/data/arxiv_en_en_480K_5.fasttext.vec
                                     src_lang: en
                                     tgt_emb: 
                                     tgt_lang: 
                                     verbose: 2
INFO - 03/19/19 02:54:02 - 0:00:00 - The experiment will be stored in /data/home/pyliao/bridge-with-l2/MUSE/dumped/monolingual_arxiv-en-en-480K-5_fasttext/1t8kp2s57n
INFO - 03/19/19 02:54:11 - 0:00:09 - Loaded 32303 pre-trained word embeddings.
INFO - 03/19/19 02:54:18 - 0:00:16 - ====================================================================
INFO - 03/19/19 02:54:18 - 0:00:16 -                        Dataset      Found     Not found          Rho
INFO - 03/19/19 02:54:18 - 0:00:16 - ====================================================================
INFO - 03/19/19 02:54:18 - 0:00:16 -                 EN_RW-STANFORD        391          1643       0.2833
INFO - 03/19/19 02:54:18 - 0:00:16 -                  EN_WS-353-ALL        249           104       0.1153
INFO - 03/19/19 02:54:18 - 0:00:16 -                       EN_RG-65         19            46       0.4772
INFO - 03/19/19 02:54:18 - 0:00:16 -                    EN_VERB-143        132            12       0.2253
INFO - 03/19/19 02:54:18 - 0:00:16 -                   EN_MEN-TR-3k       1381          1619       0.1619
INFO - 03/19/19 02:54:18 - 0:00:16 -                  EN_WS-353-SIM        137            66       0.2411
INFO - 03/19/19 02:54:18 - 0:00:16 -                   EN_SEMEVAL17        179           209       0.0114
INFO - 03/19/19 02:54:18 - 0:00:16 -                      EN_YP-130         75            55       0.1680
INFO - 03/19/19 02:54:18 - 0:00:16 -                       EN_MC-30         11            19       0.2182
INFO - 03/19/19 02:54:18 - 0:00:16 -                  EN_SIMLEX-999        656           343       0.1327
INFO - 03/19/19 02:54:18 - 0:00:16 -                   EN_MTurk-287        131           156       0.0200
INFO - 03/19/19 02:54:18 - 0:00:16 -                  EN_WS-353-REL        186            66       0.0199
INFO - 03/19/19 02:54:18 - 0:00:16 -                   EN_MTurk-771        528           243       0.1776
INFO - 03/19/19 02:54:18 - 0:00:16 - ====================================================================
INFO - 03/19/19 02:54:18 - 0:00:16 - Monolingual source word similarity score average: 0.17324
