INFO - 03/19/19 03:01:10 - 0:00:00 - ============ Initialized logger ============
INFO - 03/19/19 03:01:10 - 0:00:00 - cuda: True
                                     dico_eval: default
                                     emb_dim: 200
                                     exp_id: 
                                     exp_name: monolingual_twitter_glove
                                     exp_path: /data/home/pyliao/bridge-with-l2/MUSE/dumped/monolingual_twitter_glove/8v1jlxth0k
                                     max_vocab: 40000
                                     normalize_embeddings: 
                                     src_emb: MUSE/data/gold/glove.twitter.en.vec
                                     src_lang: en
                                     tgt_emb: 
                                     tgt_lang: 
                                     verbose: 2
INFO - 03/19/19 03:01:10 - 0:00:00 - The experiment will be stored in /data/home/pyliao/bridge-with-l2/MUSE/dumped/monolingual_twitter_glove/8v1jlxth0k
INFO - 03/19/19 03:01:12 - 0:00:02 - Loaded 40000 pre-trained word embeddings.
INFO - 03/19/19 03:01:15 - 0:00:05 - ====================================================================
INFO - 03/19/19 03:01:15 - 0:00:05 -                        Dataset      Found     Not found          Rho
INFO - 03/19/19 03:01:15 - 0:00:05 - ====================================================================
INFO - 03/19/19 03:01:15 - 0:00:05 -                 EN_RW-STANFORD        113          1921       0.4288
INFO - 03/19/19 03:01:15 - 0:00:05 -                  EN_WS-353-ALL        258            95       0.5621
INFO - 03/19/19 03:01:15 - 0:00:05 -                       EN_RG-65         30            35       0.7726
INFO - 03/19/19 03:01:15 - 0:00:05 -                    EN_VERB-143        103            41       0.2287
INFO - 03/19/19 03:01:15 - 0:00:05 -                   EN_MEN-TR-3k       2364           636       0.6497
INFO - 03/19/19 03:01:15 - 0:00:05 -                  EN_WS-353-SIM        148            55       0.6606
INFO - 03/19/19 03:01:15 - 0:00:05 -                   EN_SEMEVAL17        215           173       0.6359
INFO - 03/19/19 03:01:15 - 0:00:05 -                      EN_YP-130         67            63       0.3480
INFO - 03/19/19 03:01:15 - 0:00:05 -                       EN_MC-30         15            15       0.7835
INFO - 03/19/19 03:01:15 - 0:00:05 -                  EN_SIMLEX-999        825           174       0.1817
INFO - 03/19/19 03:01:15 - 0:00:05 -                   EN_MTurk-287        158           129       0.6908
INFO - 03/19/19 03:01:15 - 0:00:05 -                  EN_WS-353-REL        183            69       0.5498
INFO - 03/19/19 03:01:15 - 0:00:05 -                   EN_MTurk-771        600           171       0.5629
INFO - 03/19/19 03:01:15 - 0:00:05 - ====================================================================
INFO - 03/19/19 03:01:15 - 0:00:05 - Monolingual source word similarity score average: 0.54269
