INFO - 03/19/19 07:38:11 - 0:00:00 - ============ Initialized logger ============
INFO - 03/19/19 07:38:11 - 0:00:00 - cuda: True
                                     dico_build: S2T&T2S
                                     dico_eval: default
                                     dico_max_rank: 10000
                                     dico_max_size: 0
                                     dico_method: csls_knn_10
                                     dico_min_size: 0
                                     dico_threshold: 0
                                     dico_train: default
                                     emb_dim: 300
                                     exp_id: 
                                     exp_name: supervised
                                     exp_path: /data/home/pyliao/bridge-with-l2/MUSE/dumped/supervised/hkf3wgfk93
                                     export: txt
                                     max_vocab: 40000
                                     n_refinement: 5
                                     normalize_embeddings: center
                                     seed: -1
                                     src_emb: project/data/wiki_zh_zh_880K_5.word2vec.vec
                                     src_lang: zh
                                     tgt_emb: project/data/arxiv_en_en_480K_5.word2vec.vec
                                     tgt_lang: en
                                     verbose: 2
INFO - 03/19/19 07:38:11 - 0:00:00 - The experiment will be stored in /data/home/pyliao/bridge-with-l2/MUSE/dumped/supervised/hkf3wgfk93
INFO - 03/19/19 07:38:21 - 0:00:10 - Loaded 40000 pre-trained word embeddings.
INFO - 03/19/19 07:38:36 - 0:00:25 - Loaded 32303 pre-trained word embeddings.
INFO - 03/19/19 07:38:37 - 0:00:26 - Found 5994 pairs of words in the dictionary (3559 unique). 2897 other pairs contained at least one unknown word (886 in lang1, 2456 in lang2)
INFO - 03/19/19 07:38:37 - 0:00:26 - Validation metric: precision_at_1-csls_knn_10
INFO - 03/19/19 07:38:37 - 0:00:26 - Starting iteration 0...
INFO - 03/19/19 07:38:41 - 0:00:30 - ====================================================================
INFO - 03/19/19 07:38:41 - 0:00:30 -                        Dataset      Found     Not found          Rho
INFO - 03/19/19 07:38:41 - 0:00:30 - ====================================================================
INFO - 03/19/19 07:38:41 - 0:00:30 -                 EN_RW-STANFORD        391          1643       0.2287
INFO - 03/19/19 07:38:41 - 0:00:30 -                  EN_WS-353-ALL        249           104       0.3066
INFO - 03/19/19 07:38:41 - 0:00:30 -                       EN_RG-65         19            46       0.2386
INFO - 03/19/19 07:38:41 - 0:00:30 -                    EN_VERB-143        132            12       0.2487
INFO - 03/19/19 07:38:41 - 0:00:30 -                   EN_MEN-TR-3k       1381          1619       0.2367
INFO - 03/19/19 07:38:41 - 0:00:30 -                  EN_WS-353-SIM        137            66       0.3709
INFO - 03/19/19 07:38:41 - 0:00:30 -                   EN_SEMEVAL17        179           209       0.2747
INFO - 03/19/19 07:38:41 - 0:00:30 -                      EN_YP-130         75            55       0.0843
INFO - 03/19/19 07:38:41 - 0:00:30 -                       EN_MC-30         11            19       0.3273
INFO - 03/19/19 07:38:41 - 0:00:30 -                  EN_SIMLEX-999        656           343       0.2009
INFO - 03/19/19 07:38:41 - 0:00:30 -                   EN_MTurk-287        131           156       0.2339
INFO - 03/19/19 07:38:41 - 0:00:30 -                  EN_WS-353-REL        186            66       0.2592
INFO - 03/19/19 07:38:41 - 0:00:30 -                   EN_MTurk-771        528           243       0.2361
INFO - 03/19/19 07:38:41 - 0:00:30 - ====================================================================
INFO - 03/19/19 07:38:41 - 0:00:30 - Monolingual target word similarity score average: 0.24972
INFO - 03/19/19 07:38:41 - 0:00:30 - Found 1167 pairs of words in the dictionary (751 unique). 1316 other pairs contained at least one unknown word (498 in lang1, 1117 in lang2)
INFO - 03/19/19 07:38:41 - 0:00:30 - 751 source words - nn - Precision at k = 1: 3.062583
INFO - 03/19/19 07:38:41 - 0:00:30 - 751 source words - nn - Precision at k = 5: 7.456724
INFO - 03/19/19 07:38:41 - 0:00:30 - 751 source words - nn - Precision at k = 10: 11.185087
INFO - 03/19/19 07:38:41 - 0:00:30 - Found 1167 pairs of words in the dictionary (751 unique). 1316 other pairs contained at least one unknown word (498 in lang1, 1117 in lang2)
INFO - 03/19/19 07:39:34 - 0:01:23 - 751 source words - csls_knn_10 - Precision at k = 1: 3.728362
INFO - 03/19/19 07:39:34 - 0:01:23 - 751 source words - csls_knn_10 - Precision at k = 5: 9.054594
INFO - 03/19/19 07:39:34 - 0:01:23 - 751 source words - csls_knn_10 - Precision at k = 10: 11.185087
INFO - 03/19/19 07:39:36 - 0:01:25 - Building the train dictionary ...
INFO - 03/19/19 07:39:36 - 0:01:25 - New train dictionary of 7749 pairs.
INFO - 03/19/19 07:39:36 - 0:01:25 - Mean cosine (nn method, S2T build, 10000 max size): 0.45669
INFO - 03/19/19 07:41:55 - 0:03:44 - Building the train dictionary ...
INFO - 03/19/19 07:41:55 - 0:03:44 - New train dictionary of 7114 pairs.
INFO - 03/19/19 07:41:55 - 0:03:44 - Mean cosine (csls_knn_10 method, S2T build, 10000 max size): 0.45148
INFO - 03/19/19 07:41:55 - 0:03:44 - __log__:{"n_iter": 0, "tgt_ws_monolingual_scores": 0.24971685255217624, "tgt_EN_RW-STANFORD": 0.22867372244076514, "tgt_EN_WS-353-ALL": 0.30656878142275823, "tgt_EN_RG-65": 0.23859649122807017, "tgt_EN_VERB-143": 0.24866935615891952, "tgt_EN_MEN-TR-3k": 0.2366566094271888, "tgt_EN_WS-353-SIM": 0.37085732677336863, "tgt_EN_SEMEVAL17": 0.27465604821217227, "tgt_EN_YP-130": 0.08433677991584176, "tgt_EN_MC-30": 0.3272727272727273, "tgt_EN_SIMLEX-999": 0.20091922385580974, "tgt_EN_MTurk-287": 0.23389145183721705, "tgt_EN_WS-353-REL": 0.259166770956601, "tgt_EN_MTurk-771": 0.236053793676851, "precision_at_1-nn": 3.062583222370173, "precision_at_5-nn": 7.456724367509987, "precision_at_10-nn": 11.18508655126498, "precision_at_1-csls_knn_10": 3.7283621837549936, "precision_at_5-csls_knn_10": 9.054593874833555, "precision_at_10-csls_knn_10": 11.18508655126498, "mean_cosine-nn-S2T-10000": 0.45668861269950867, "mean_cosine-csls_knn_10-S2T-10000": 0.45148488879203796}
INFO - 03/19/19 07:41:55 - 0:03:44 - * Best value for "precision_at_1-csls_knn_10": 3.72836
INFO - 03/19/19 07:41:55 - 0:03:44 - * Saving the mapping to /data/home/pyliao/bridge-with-l2/MUSE/dumped/supervised/hkf3wgfk93/best_mapping.pth ...
INFO - 03/19/19 07:41:55 - 0:03:45 - End of iteration 0.
                                     
                                     
INFO - 03/19/19 07:41:55 - 0:03:45 - Starting iteration 1...
INFO - 03/19/19 07:41:55 - 0:03:45 - Building the train dictionary ...
INFO - 03/19/19 07:44:40 - 0:06:30 - New train dictionary of 2177 pairs.
INFO - 03/19/19 07:44:52 - 0:06:42 - ====================================================================
INFO - 03/19/19 07:44:52 - 0:06:42 -                        Dataset      Found     Not found          Rho
INFO - 03/19/19 07:44:52 - 0:06:42 - ====================================================================
INFO - 03/19/19 07:44:53 - 0:06:42 -                 EN_RW-STANFORD        391          1643       0.2287
INFO - 03/19/19 07:44:53 - 0:06:42 -                  EN_WS-353-ALL        249           104       0.3066
INFO - 03/19/19 07:44:53 - 0:06:42 -                       EN_RG-65         19            46       0.2386
INFO - 03/19/19 07:44:53 - 0:06:42 -                    EN_VERB-143        132            12       0.2487
INFO - 03/19/19 07:44:53 - 0:06:42 -                   EN_MEN-TR-3k       1381          1619       0.2367
INFO - 03/19/19 07:44:53 - 0:06:42 -                  EN_WS-353-SIM        137            66       0.3709
INFO - 03/19/19 07:44:53 - 0:06:42 -                   EN_SEMEVAL17        179           209       0.2747
INFO - 03/19/19 07:44:53 - 0:06:42 -                      EN_YP-130         75            55       0.0843
INFO - 03/19/19 07:44:53 - 0:06:42 -                       EN_MC-30         11            19       0.3273
INFO - 03/19/19 07:44:53 - 0:06:42 -                  EN_SIMLEX-999        656           343       0.2009
INFO - 03/19/19 07:44:53 - 0:06:42 -                   EN_MTurk-287        131           156       0.2339
INFO - 03/19/19 07:44:53 - 0:06:42 -                  EN_WS-353-REL        186            66       0.2592
INFO - 03/19/19 07:44:53 - 0:06:42 -                   EN_MTurk-771        528           243       0.2361
INFO - 03/19/19 07:44:53 - 0:06:42 - ====================================================================
INFO - 03/19/19 07:44:53 - 0:06:42 - Monolingual target word similarity score average: 0.24972
INFO - 03/19/19 07:44:53 - 0:06:42 - Found 1167 pairs of words in the dictionary (751 unique). 1316 other pairs contained at least one unknown word (498 in lang1, 1117 in lang2)
INFO - 03/19/19 07:44:53 - 0:06:42 - 751 source words - nn - Precision at k = 1: 3.462051
INFO - 03/19/19 07:44:53 - 0:06:42 - 751 source words - nn - Precision at k = 5: 7.589880
INFO - 03/19/19 07:44:53 - 0:06:42 - 751 source words - nn - Precision at k = 10: 10.119840
INFO - 03/19/19 07:44:53 - 0:06:42 - Found 1167 pairs of words in the dictionary (751 unique). 1316 other pairs contained at least one unknown word (498 in lang1, 1117 in lang2)
INFO - 03/19/19 07:46:13 - 0:08:02 - 751 source words - csls_knn_10 - Precision at k = 1: 3.861518
INFO - 03/19/19 07:46:13 - 0:08:02 - 751 source words - csls_knn_10 - Precision at k = 5: 7.190413
INFO - 03/19/19 07:46:13 - 0:08:02 - 751 source words - csls_knn_10 - Precision at k = 10: 10.252996
INFO - 03/19/19 07:46:16 - 0:08:06 - Building the train dictionary ...
INFO - 03/19/19 07:46:16 - 0:08:06 - New train dictionary of 7917 pairs.
INFO - 03/19/19 07:46:16 - 0:08:06 - Mean cosine (nn method, S2T build, 10000 max size): 0.47648
INFO - 03/19/19 07:49:14 - 0:11:03 - Building the train dictionary ...
INFO - 03/19/19 07:49:14 - 0:11:03 - New train dictionary of 7393 pairs.
INFO - 03/19/19 07:49:14 - 0:11:03 - Mean cosine (csls_knn_10 method, S2T build, 10000 max size): 0.47132
INFO - 03/19/19 07:49:14 - 0:11:03 - __log__:{"n_iter": 1, "tgt_ws_monolingual_scores": 0.24971685255217624, "tgt_EN_RW-STANFORD": 0.22867372244076514, "tgt_EN_WS-353-ALL": 0.30656878142275823, "tgt_EN_RG-65": 0.23859649122807017, "tgt_EN_VERB-143": 0.24866935615891952, "tgt_EN_MEN-TR-3k": 0.2366566094271888, "tgt_EN_WS-353-SIM": 0.37085732677336863, "tgt_EN_SEMEVAL17": 0.27465604821217227, "tgt_EN_YP-130": 0.08433677991584176, "tgt_EN_MC-30": 0.3272727272727273, "tgt_EN_SIMLEX-999": 0.20091922385580974, "tgt_EN_MTurk-287": 0.23389145183721705, "tgt_EN_WS-353-REL": 0.259166770956601, "tgt_EN_MTurk-771": 0.236053793676851, "precision_at_1-nn": 3.462050599201065, "precision_at_5-nn": 7.589880159786951, "precision_at_10-nn": 10.119840213049267, "precision_at_1-csls_knn_10": 3.861517976031957, "precision_at_5-csls_knn_10": 7.1904127829560585, "precision_at_10-csls_knn_10": 10.252996005326231, "mean_cosine-nn-S2T-10000": 0.47647520899772644, "mean_cosine-csls_knn_10-S2T-10000": 0.4713204801082611}
INFO - 03/19/19 07:49:14 - 0:11:03 - * Best value for "precision_at_1-csls_knn_10": 3.86152
INFO - 03/19/19 07:49:14 - 0:11:03 - * Saving the mapping to /data/home/pyliao/bridge-with-l2/MUSE/dumped/supervised/hkf3wgfk93/best_mapping.pth ...
INFO - 03/19/19 07:49:14 - 0:11:03 - End of iteration 1.
                                     
                                     
INFO - 03/19/19 07:49:14 - 0:11:03 - Starting iteration 2...
INFO - 03/19/19 07:49:14 - 0:11:03 - Building the train dictionary ...
INFO - 03/19/19 07:52:18 - 0:14:07 - New train dictionary of 2517 pairs.
INFO - 03/19/19 07:52:32 - 0:14:21 - ====================================================================
INFO - 03/19/19 07:52:32 - 0:14:21 -                        Dataset      Found     Not found          Rho
INFO - 03/19/19 07:52:32 - 0:14:21 - ====================================================================
INFO - 03/19/19 07:52:32 - 0:14:21 -                 EN_RW-STANFORD        391          1643       0.2287
INFO - 03/19/19 07:52:32 - 0:14:21 -                  EN_WS-353-ALL        249           104       0.3066
INFO - 03/19/19 07:52:32 - 0:14:21 -                       EN_RG-65         19            46       0.2386
INFO - 03/19/19 07:52:32 - 0:14:21 -                    EN_VERB-143        132            12       0.2487
INFO - 03/19/19 07:52:32 - 0:14:21 -                   EN_MEN-TR-3k       1381          1619       0.2367
INFO - 03/19/19 07:52:32 - 0:14:21 -                  EN_WS-353-SIM        137            66       0.3709
INFO - 03/19/19 07:52:32 - 0:14:21 -                   EN_SEMEVAL17        179           209       0.2747
INFO - 03/19/19 07:52:32 - 0:14:21 -                      EN_YP-130         75            55       0.0843
INFO - 03/19/19 07:52:32 - 0:14:21 -                       EN_MC-30         11            19       0.3273
INFO - 03/19/19 07:52:32 - 0:14:21 -                  EN_SIMLEX-999        656           343       0.2009
INFO - 03/19/19 07:52:32 - 0:14:21 -                   EN_MTurk-287        131           156       0.2339
INFO - 03/19/19 07:52:32 - 0:14:21 -                  EN_WS-353-REL        186            66       0.2592
INFO - 03/19/19 07:52:32 - 0:14:22 -                   EN_MTurk-771        528           243       0.2361
INFO - 03/19/19 07:52:32 - 0:14:22 - ====================================================================
INFO - 03/19/19 07:52:32 - 0:14:22 - Monolingual target word similarity score average: 0.24972
INFO - 03/19/19 07:52:33 - 0:14:22 - Found 1167 pairs of words in the dictionary (751 unique). 1316 other pairs contained at least one unknown word (498 in lang1, 1117 in lang2)
INFO - 03/19/19 07:52:33 - 0:14:22 - 751 source words - nn - Precision at k = 1: 3.728362
INFO - 03/19/19 07:52:33 - 0:14:22 - 751 source words - nn - Precision at k = 5: 6.790945
INFO - 03/19/19 07:52:33 - 0:14:22 - 751 source words - nn - Precision at k = 10: 10.119840
INFO - 03/19/19 07:52:33 - 0:14:22 - Found 1167 pairs of words in the dictionary (751 unique). 1316 other pairs contained at least one unknown word (498 in lang1, 1117 in lang2)
INFO - 03/19/19 07:54:01 - 0:15:50 - 751 source words - csls_knn_10 - Precision at k = 1: 3.595206
INFO - 03/19/19 07:54:01 - 0:15:50 - 751 source words - csls_knn_10 - Precision at k = 5: 7.323569
INFO - 03/19/19 07:54:01 - 0:15:50 - 751 source words - csls_knn_10 - Precision at k = 10: 10.652463
INFO - 03/19/19 07:54:06 - 0:15:55 - Building the train dictionary ...
INFO - 03/19/19 07:54:06 - 0:15:55 - New train dictionary of 7956 pairs.
INFO - 03/19/19 07:54:06 - 0:15:55 - Mean cosine (nn method, S2T build, 10000 max size): 0.48174
INFO - 03/19/19 07:57:11 - 0:19:01 - Building the train dictionary ...
INFO - 03/19/19 07:57:11 - 0:19:01 - New train dictionary of 7429 pairs.
INFO - 03/19/19 07:57:11 - 0:19:01 - Mean cosine (csls_knn_10 method, S2T build, 10000 max size): 0.47751
INFO - 03/19/19 07:57:11 - 0:19:01 - __log__:{"n_iter": 2, "tgt_ws_monolingual_scores": 0.24971685255217624, "tgt_EN_RW-STANFORD": 0.22867372244076514, "tgt_EN_WS-353-ALL": 0.30656878142275823, "tgt_EN_RG-65": 0.23859649122807017, "tgt_EN_VERB-143": 0.24866935615891952, "tgt_EN_MEN-TR-3k": 0.2366566094271888, "tgt_EN_WS-353-SIM": 0.37085732677336863, "tgt_EN_SEMEVAL17": 0.27465604821217227, "tgt_EN_YP-130": 0.08433677991584176, "tgt_EN_MC-30": 0.3272727272727273, "tgt_EN_SIMLEX-999": 0.20091922385580974, "tgt_EN_MTurk-287": 0.23389145183721705, "tgt_EN_WS-353-REL": 0.259166770956601, "tgt_EN_MTurk-771": 0.236053793676851, "precision_at_1-nn": 3.7283621837549936, "precision_at_5-nn": 6.790945406125166, "precision_at_10-nn": 10.119840213049267, "precision_at_1-csls_knn_10": 3.5952063914780292, "precision_at_5-csls_knn_10": 7.323568575233022, "precision_at_10-csls_knn_10": 10.652463382157123, "mean_cosine-nn-S2T-10000": 0.4817429780960083, "mean_cosine-csls_knn_10-S2T-10000": 0.4775066673755646}
INFO - 03/19/19 07:57:11 - 0:19:01 - End of iteration 2.
                                     
                                     
INFO - 03/19/19 07:57:11 - 0:19:01 - Starting iteration 3...
INFO - 03/19/19 07:57:11 - 0:19:01 - Building the train dictionary ...
INFO - 03/19/19 07:59:47 - 0:21:36 - New train dictionary of 2659 pairs.
INFO - 03/19/19 07:59:59 - 0:21:48 - ====================================================================
INFO - 03/19/19 07:59:59 - 0:21:48 -                        Dataset      Found     Not found          Rho
INFO - 03/19/19 07:59:59 - 0:21:48 - ====================================================================
INFO - 03/19/19 07:59:59 - 0:21:48 -                 EN_RW-STANFORD        391          1643       0.2287
INFO - 03/19/19 07:59:59 - 0:21:48 -                  EN_WS-353-ALL        249           104       0.3066
INFO - 03/19/19 07:59:59 - 0:21:48 -                       EN_RG-65         19            46       0.2386
INFO - 03/19/19 07:59:59 - 0:21:48 -                    EN_VERB-143        132            12       0.2487
INFO - 03/19/19 07:59:59 - 0:21:48 -                   EN_MEN-TR-3k       1381          1619       0.2367
INFO - 03/19/19 07:59:59 - 0:21:48 -                  EN_WS-353-SIM        137            66       0.3709
INFO - 03/19/19 07:59:59 - 0:21:48 -                   EN_SEMEVAL17        179           209       0.2747
INFO - 03/19/19 07:59:59 - 0:21:48 -                      EN_YP-130         75            55       0.0843
INFO - 03/19/19 07:59:59 - 0:21:48 -                       EN_MC-30         11            19       0.3273
INFO - 03/19/19 07:59:59 - 0:21:48 -                  EN_SIMLEX-999        656           343       0.2009
INFO - 03/19/19 07:59:59 - 0:21:48 -                   EN_MTurk-287        131           156       0.2339
INFO - 03/19/19 07:59:59 - 0:21:48 -                  EN_WS-353-REL        186            66       0.2592
INFO - 03/19/19 07:59:59 - 0:21:48 -                   EN_MTurk-771        528           243       0.2361
INFO - 03/19/19 07:59:59 - 0:21:48 - ====================================================================
INFO - 03/19/19 07:59:59 - 0:21:48 - Monolingual target word similarity score average: 0.24972
INFO - 03/19/19 07:59:59 - 0:21:48 - Found 1167 pairs of words in the dictionary (751 unique). 1316 other pairs contained at least one unknown word (498 in lang1, 1117 in lang2)
INFO - 03/19/19 07:59:59 - 0:21:48 - 751 source words - nn - Precision at k = 1: 3.328895
INFO - 03/19/19 07:59:59 - 0:21:48 - 751 source words - nn - Precision at k = 5: 6.924101
INFO - 03/19/19 07:59:59 - 0:21:48 - 751 source words - nn - Precision at k = 10: 9.853529
INFO - 03/19/19 07:59:59 - 0:21:48 - Found 1167 pairs of words in the dictionary (751 unique). 1316 other pairs contained at least one unknown word (498 in lang1, 1117 in lang2)
INFO - 03/19/19 08:01:14 - 0:23:03 - 751 source words - csls_knn_10 - Precision at k = 1: 3.595206
INFO - 03/19/19 08:01:14 - 0:23:03 - 751 source words - csls_knn_10 - Precision at k = 5: 6.924101
INFO - 03/19/19 08:01:14 - 0:23:03 - 751 source words - csls_knn_10 - Precision at k = 10: 9.720373
INFO - 03/19/19 08:01:17 - 0:23:06 - Building the train dictionary ...
INFO - 03/19/19 08:01:17 - 0:23:06 - New train dictionary of 7975 pairs.
INFO - 03/19/19 08:01:17 - 0:23:06 - Mean cosine (nn method, S2T build, 10000 max size): 0.48425
INFO - 03/19/19 08:03:50 - 0:25:39 - Building the train dictionary ...
INFO - 03/19/19 08:03:50 - 0:25:39 - New train dictionary of 7459 pairs.
INFO - 03/19/19 08:03:50 - 0:25:39 - Mean cosine (csls_knn_10 method, S2T build, 10000 max size): 0.48020
INFO - 03/19/19 08:03:50 - 0:25:39 - __log__:{"n_iter": 3, "tgt_ws_monolingual_scores": 0.24971685255217624, "tgt_EN_RW-STANFORD": 0.22867372244076514, "tgt_EN_WS-353-ALL": 0.30656878142275823, "tgt_EN_RG-65": 0.23859649122807017, "tgt_EN_VERB-143": 0.24866935615891952, "tgt_EN_MEN-TR-3k": 0.2366566094271888, "tgt_EN_WS-353-SIM": 0.37085732677336863, "tgt_EN_SEMEVAL17": 0.27465604821217227, "tgt_EN_YP-130": 0.08433677991584176, "tgt_EN_MC-30": 0.3272727272727273, "tgt_EN_SIMLEX-999": 0.20091922385580974, "tgt_EN_MTurk-287": 0.23389145183721705, "tgt_EN_WS-353-REL": 0.259166770956601, "tgt_EN_MTurk-771": 0.236053793676851, "precision_at_1-nn": 3.3288948069241013, "precision_at_5-nn": 6.92410119840213, "precision_at_10-nn": 9.85352862849534, "precision_at_1-csls_knn_10": 3.5952063914780292, "precision_at_5-csls_knn_10": 6.92410119840213, "precision_at_10-csls_knn_10": 9.720372836218376, "mean_cosine-nn-S2T-10000": 0.4842483699321747, "mean_cosine-csls_knn_10-S2T-10000": 0.4801952540874481}
INFO - 03/19/19 08:03:50 - 0:25:39 - End of iteration 3.
                                     
                                     
INFO - 03/19/19 08:03:50 - 0:25:39 - Starting iteration 4...
INFO - 03/19/19 08:03:50 - 0:25:39 - Building the train dictionary ...
INFO - 03/19/19 08:06:22 - 0:28:11 - New train dictionary of 2729 pairs.
INFO - 03/19/19 08:06:33 - 0:28:22 - ====================================================================
INFO - 03/19/19 08:06:33 - 0:28:22 -                        Dataset      Found     Not found          Rho
INFO - 03/19/19 08:06:33 - 0:28:22 - ====================================================================
INFO - 03/19/19 08:06:33 - 0:28:22 -                 EN_RW-STANFORD        391          1643       0.2287
INFO - 03/19/19 08:06:33 - 0:28:22 -                  EN_WS-353-ALL        249           104       0.3066
INFO - 03/19/19 08:06:33 - 0:28:23 -                       EN_RG-65         19            46       0.2386
INFO - 03/19/19 08:06:33 - 0:28:23 -                    EN_VERB-143        132            12       0.2487
INFO - 03/19/19 08:06:34 - 0:28:23 -                   EN_MEN-TR-3k       1381          1619       0.2367
INFO - 03/19/19 08:06:34 - 0:28:23 -                  EN_WS-353-SIM        137            66       0.3709
INFO - 03/19/19 08:06:34 - 0:28:23 -                   EN_SEMEVAL17        179           209       0.2747
INFO - 03/19/19 08:06:34 - 0:28:23 -                      EN_YP-130         75            55       0.0843
INFO - 03/19/19 08:06:34 - 0:28:23 -                       EN_MC-30         11            19       0.3273
INFO - 03/19/19 08:06:34 - 0:28:23 -                  EN_SIMLEX-999        656           343       0.2009
INFO - 03/19/19 08:06:34 - 0:28:23 -                   EN_MTurk-287        131           156       0.2339
INFO - 03/19/19 08:06:34 - 0:28:23 -                  EN_WS-353-REL        186            66       0.2592
INFO - 03/19/19 08:06:34 - 0:28:23 -                   EN_MTurk-771        528           243       0.2361
INFO - 03/19/19 08:06:34 - 0:28:23 - ====================================================================
INFO - 03/19/19 08:06:34 - 0:28:23 - Monolingual target word similarity score average: 0.24972
INFO - 03/19/19 08:06:34 - 0:28:23 - Found 1167 pairs of words in the dictionary (751 unique). 1316 other pairs contained at least one unknown word (498 in lang1, 1117 in lang2)
INFO - 03/19/19 08:06:34 - 0:28:23 - 751 source words - nn - Precision at k = 1: 3.328895
INFO - 03/19/19 08:06:34 - 0:28:23 - 751 source words - nn - Precision at k = 5: 6.657790
INFO - 03/19/19 08:06:34 - 0:28:23 - 751 source words - nn - Precision at k = 10: 9.986684
INFO - 03/19/19 08:06:34 - 0:28:23 - Found 1167 pairs of words in the dictionary (751 unique). 1316 other pairs contained at least one unknown word (498 in lang1, 1117 in lang2)
INFO - 03/19/19 08:07:55 - 0:29:44 - 751 source words - csls_knn_10 - Precision at k = 1: 3.595206
INFO - 03/19/19 08:07:55 - 0:29:44 - 751 source words - csls_knn_10 - Precision at k = 5: 7.190413
INFO - 03/19/19 08:07:55 - 0:29:44 - 751 source words - csls_knn_10 - Precision at k = 10: 9.853529
INFO - 03/19/19 08:07:59 - 0:29:49 - Building the train dictionary ...
INFO - 03/19/19 08:07:59 - 0:29:49 - New train dictionary of 8012 pairs.
INFO - 03/19/19 08:07:59 - 0:29:49 - Mean cosine (nn method, S2T build, 10000 max size): 0.48510
INFO - 03/19/19 08:11:04 - 0:32:53 - Building the train dictionary ...
INFO - 03/19/19 08:11:04 - 0:32:53 - New train dictionary of 7490 pairs.
INFO - 03/19/19 08:11:04 - 0:32:53 - Mean cosine (csls_knn_10 method, S2T build, 10000 max size): 0.48108
INFO - 03/19/19 08:11:04 - 0:32:53 - __log__:{"n_iter": 4, "tgt_ws_monolingual_scores": 0.24971685255217624, "tgt_EN_RW-STANFORD": 0.22867372244076514, "tgt_EN_WS-353-ALL": 0.30656878142275823, "tgt_EN_RG-65": 0.23859649122807017, "tgt_EN_VERB-143": 0.24866935615891952, "tgt_EN_MEN-TR-3k": 0.2366566094271888, "tgt_EN_WS-353-SIM": 0.37085732677336863, "tgt_EN_SEMEVAL17": 0.27465604821217227, "tgt_EN_YP-130": 0.08433677991584176, "tgt_EN_MC-30": 0.3272727272727273, "tgt_EN_SIMLEX-999": 0.20091922385580974, "tgt_EN_MTurk-287": 0.23389145183721705, "tgt_EN_WS-353-REL": 0.259166770956601, "tgt_EN_MTurk-771": 0.236053793676851, "precision_at_1-nn": 3.3288948069241013, "precision_at_5-nn": 6.657789613848203, "precision_at_10-nn": 9.986684420772303, "precision_at_1-csls_knn_10": 3.5952063914780292, "precision_at_5-csls_knn_10": 7.1904127829560585, "precision_at_10-csls_knn_10": 9.85352862849534, "mean_cosine-nn-S2T-10000": 0.48509687185287476, "mean_cosine-csls_knn_10-S2T-10000": 0.48107704520225525}
INFO - 03/19/19 08:11:04 - 0:32:53 - End of iteration 4.
                                     
                                     
INFO - 03/19/19 08:11:04 - 0:32:53 - Starting iteration 5...
INFO - 03/19/19 08:11:04 - 0:32:53 - Building the train dictionary ...
INFO - 03/19/19 08:14:11 - 0:36:00 - New train dictionary of 2773 pairs.
INFO - 03/19/19 08:14:25 - 0:36:14 - ====================================================================
INFO - 03/19/19 08:14:25 - 0:36:14 -                        Dataset      Found     Not found          Rho
INFO - 03/19/19 08:14:25 - 0:36:14 - ====================================================================
INFO - 03/19/19 08:14:25 - 0:36:14 -                 EN_RW-STANFORD        391          1643       0.2287
INFO - 03/19/19 08:14:25 - 0:36:14 -                  EN_WS-353-ALL        249           104       0.3066
INFO - 03/19/19 08:14:25 - 0:36:14 -                       EN_RG-65         19            46       0.2386
INFO - 03/19/19 08:14:25 - 0:36:14 -                    EN_VERB-143        132            12       0.2487
INFO - 03/19/19 08:14:25 - 0:36:15 -                   EN_MEN-TR-3k       1381          1619       0.2367
INFO - 03/19/19 08:14:25 - 0:36:15 -                  EN_WS-353-SIM        137            66       0.3709
INFO - 03/19/19 08:14:25 - 0:36:15 -                   EN_SEMEVAL17        179           209       0.2747
INFO - 03/19/19 08:14:25 - 0:36:15 -                      EN_YP-130         75            55       0.0843
INFO - 03/19/19 08:14:25 - 0:36:15 -                       EN_MC-30         11            19       0.3273
INFO - 03/19/19 08:14:26 - 0:36:15 -                  EN_SIMLEX-999        656           343       0.2009
INFO - 03/19/19 08:14:26 - 0:36:15 -                   EN_MTurk-287        131           156       0.2339
INFO - 03/19/19 08:14:26 - 0:36:15 -                  EN_WS-353-REL        186            66       0.2592
INFO - 03/19/19 08:14:26 - 0:36:15 -                   EN_MTurk-771        528           243       0.2361
INFO - 03/19/19 08:14:26 - 0:36:15 - ====================================================================
INFO - 03/19/19 08:14:26 - 0:36:15 - Monolingual target word similarity score average: 0.24972
INFO - 03/19/19 08:14:26 - 0:36:15 - Found 1167 pairs of words in the dictionary (751 unique). 1316 other pairs contained at least one unknown word (498 in lang1, 1117 in lang2)
INFO - 03/19/19 08:14:26 - 0:36:15 - 751 source words - nn - Precision at k = 1: 3.328895
INFO - 03/19/19 08:14:26 - 0:36:15 - 751 source words - nn - Precision at k = 5: 6.391478
INFO - 03/19/19 08:14:26 - 0:36:15 - 751 source words - nn - Precision at k = 10: 10.119840
INFO - 03/19/19 08:14:26 - 0:36:15 - Found 1167 pairs of words in the dictionary (751 unique). 1316 other pairs contained at least one unknown word (498 in lang1, 1117 in lang2)
INFO - 03/19/19 08:15:53 - 0:37:43 - 751 source words - csls_knn_10 - Precision at k = 1: 3.728362
INFO - 03/19/19 08:15:53 - 0:37:43 - 751 source words - csls_knn_10 - Precision at k = 5: 7.589880
INFO - 03/19/19 08:15:53 - 0:37:43 - 751 source words - csls_knn_10 - Precision at k = 10: 9.986684
INFO - 03/19/19 08:15:57 - 0:37:46 - Building the train dictionary ...
INFO - 03/19/19 08:15:57 - 0:37:46 - New train dictionary of 8038 pairs.
INFO - 03/19/19 08:15:57 - 0:37:46 - Mean cosine (nn method, S2T build, 10000 max size): 0.48582
INFO - 03/19/19 08:18:42 - 0:40:31 - Building the train dictionary ...
INFO - 03/19/19 08:18:42 - 0:40:31 - New train dictionary of 7529 pairs.
INFO - 03/19/19 08:18:42 - 0:40:31 - Mean cosine (csls_knn_10 method, S2T build, 10000 max size): 0.48162
INFO - 03/19/19 08:18:42 - 0:40:31 - __log__:{"n_iter": 5, "tgt_ws_monolingual_scores": 0.24971685255217624, "tgt_EN_RW-STANFORD": 0.22867372244076514, "tgt_EN_WS-353-ALL": 0.30656878142275823, "tgt_EN_RG-65": 0.23859649122807017, "tgt_EN_VERB-143": 0.24866935615891952, "tgt_EN_MEN-TR-3k": 0.2366566094271888, "tgt_EN_WS-353-SIM": 0.37085732677336863, "tgt_EN_SEMEVAL17": 0.27465604821217227, "tgt_EN_YP-130": 0.08433677991584176, "tgt_EN_MC-30": 0.3272727272727273, "tgt_EN_SIMLEX-999": 0.20091922385580974, "tgt_EN_MTurk-287": 0.23389145183721705, "tgt_EN_WS-353-REL": 0.259166770956601, "tgt_EN_MTurk-771": 0.236053793676851, "precision_at_1-nn": 3.3288948069241013, "precision_at_5-nn": 6.391478029294275, "precision_at_10-nn": 10.119840213049267, "precision_at_1-csls_knn_10": 3.7283621837549936, "precision_at_5-csls_knn_10": 7.589880159786951, "precision_at_10-csls_knn_10": 9.986684420772303, "mean_cosine-nn-S2T-10000": 0.4858205020427704, "mean_cosine-csls_knn_10-S2T-10000": 0.48161596059799194}
INFO - 03/19/19 08:18:42 - 0:40:31 - End of iteration 5.
                                     
                                     
INFO - 03/19/19 08:18:42 - 0:40:31 - * Reloading the best model from /data/home/pyliao/bridge-with-l2/MUSE/dumped/supervised/hkf3wgfk93/best_mapping.pth ...
INFO - 03/19/19 08:18:42 - 0:40:31 - Reloading all embeddings for mapping ...
INFO - 03/19/19 08:19:22 - 0:41:11 - Loaded 145393 pre-trained word embeddings.
INFO - 03/19/19 08:19:31 - 0:41:20 - Loaded 32303 pre-trained word embeddings.
INFO - 03/19/19 08:19:31 - 0:41:20 - Map source embeddings to the target space ...
INFO - 03/19/19 08:19:32 - 0:41:21 - Writing source embeddings to /data/home/pyliao/bridge-with-l2/MUSE/dumped/supervised/hkf3wgfk93/vectors-zh.txt ...
INFO - 03/19/19 08:27:25 - 0:49:14 - Writing target embeddings to /data/home/pyliao/bridge-with-l2/MUSE/dumped/supervised/hkf3wgfk93/vectors-en.txt ...
