INFO - 03/19/19 19:08:09 - 0:00:00 - ============ Initialized logger ============
INFO - 03/19/19 19:08:09 - 0:00:00 - cuda: True
                                     dico_build: S2T&T2S
                                     dico_eval: default
                                     dico_max_rank: 10000
                                     dico_max_size: 0
                                     dico_method: csls_knn_10
                                     dico_min_size: 0
                                     dico_threshold: 0
                                     dico_train: default
                                     emb_dim: 300
                                     exp_id: 
                                     exp_name: supervised_fasttext
                                     exp_path: /data/home/pyliao/bridge-with-l2/MUSE/dumped/supervised_fasttext/jss23nfmxy
                                     export: txt
                                     max_vocab: 40000
                                     n_refinement: 5
                                     normalize_embeddings: center
                                     seed: -1
                                     src_emb: project/data/wiki_zh_zh_880K_5.fasttext.vec
                                     src_lang: zh
                                     tgt_emb: project/data/arxiv_zh_en_480K_5.fasttext.vec
                                     tgt_lang: en
                                     verbose: 2
INFO - 03/19/19 19:08:09 - 0:00:00 - The experiment will be stored in /data/home/pyliao/bridge-with-l2/MUSE/dumped/supervised_fasttext/jss23nfmxy
INFO - 03/19/19 19:08:12 - 0:00:03 - Loaded 40000 pre-trained word embeddings.
INFO - 03/19/19 19:08:17 - 0:00:07 - Loaded 29217 pre-trained word embeddings.
INFO - 03/19/19 19:08:17 - 0:00:07 - Found 5608 pairs of words in the dictionary (3371 unique). 3283 other pairs contained at least one unknown word (886 in lang1, 2820 in lang2)
INFO - 03/19/19 19:08:17 - 0:00:08 - Validation metric: precision_at_1-csls_knn_10
INFO - 03/19/19 19:08:17 - 0:00:08 - Starting iteration 0...
INFO - 03/19/19 19:08:18 - 0:00:09 - ====================================================================
INFO - 03/19/19 19:08:18 - 0:00:09 -                        Dataset      Found     Not found          Rho
INFO - 03/19/19 19:08:18 - 0:00:09 - ====================================================================
INFO - 03/19/19 19:08:18 - 0:00:09 -                 EN_RW-STANFORD        296          1738       0.2798
INFO - 03/19/19 19:08:18 - 0:00:09 -                  EN_WS-353-ALL        219           134       0.0115
INFO - 03/19/19 19:08:18 - 0:00:09 -                       EN_RG-65         10            55       0.1273
INFO - 03/19/19 19:08:18 - 0:00:09 -                    EN_VERB-143        127            17       0.2960
INFO - 03/19/19 19:08:18 - 0:00:09 -                   EN_MEN-TR-3k       1226          1774       0.1176
INFO - 03/19/19 19:08:18 - 0:00:09 -                  EN_WS-353-SIM        125            78       0.1790
INFO - 03/19/19 19:08:18 - 0:00:09 -                   EN_SEMEVAL17        160           228       0.1963
INFO - 03/19/19 19:08:18 - 0:00:09 -                      EN_YP-130         73            57       0.2975
INFO - 03/19/19 19:08:18 - 0:00:09 -                       EN_MC-30          9            21       0.1667
INFO - 03/19/19 19:08:18 - 0:00:09 -                  EN_SIMLEX-999        607           392       0.1393
INFO - 03/19/19 19:08:18 - 0:00:09 -                   EN_MTurk-287        101           186       0.4022
INFO - 03/19/19 19:08:18 - 0:00:09 -                  EN_WS-353-REL        163            89      -0.0590
INFO - 03/19/19 19:08:18 - 0:00:09 -                   EN_MTurk-771        459           312       0.1639
INFO - 03/19/19 19:08:18 - 0:00:09 - ====================================================================
INFO - 03/19/19 19:08:18 - 0:00:09 - Monolingual target word similarity score average: 0.17831
INFO - 03/19/19 19:08:18 - 0:00:09 - Found 1019 pairs of words in the dictionary (665 unique). 1464 other pairs contained at least one unknown word (498 in lang1, 1281 in lang2)
INFO - 03/19/19 19:08:18 - 0:00:09 - 665 source words - nn - Precision at k = 1: 1.654135
INFO - 03/19/19 19:08:18 - 0:00:09 - 665 source words - nn - Precision at k = 5: 4.210526
INFO - 03/19/19 19:08:18 - 0:00:09 - 665 source words - nn - Precision at k = 10: 6.616541
INFO - 03/19/19 19:08:18 - 0:00:09 - Found 1019 pairs of words in the dictionary (665 unique). 1464 other pairs contained at least one unknown word (498 in lang1, 1281 in lang2)
INFO - 03/19/19 19:08:45 - 0:00:35 - 665 source words - csls_knn_10 - Precision at k = 1: 1.353383
INFO - 03/19/19 19:08:45 - 0:00:35 - 665 source words - csls_knn_10 - Precision at k = 5: 5.112782
INFO - 03/19/19 19:08:45 - 0:00:35 - 665 source words - csls_knn_10 - Precision at k = 10: 6.466165
INFO - 03/19/19 19:08:46 - 0:00:37 - Building the train dictionary ...
INFO - 03/19/19 19:08:46 - 0:00:37 - New train dictionary of 6030 pairs.
INFO - 03/19/19 19:08:46 - 0:00:37 - Mean cosine (nn method, S2T build, 10000 max size): 0.43248
INFO - 03/19/19 19:10:05 - 0:01:56 - Building the train dictionary ...
INFO - 03/19/19 19:10:05 - 0:01:56 - New train dictionary of 5137 pairs.
INFO - 03/19/19 19:10:05 - 0:01:56 - Mean cosine (csls_knn_10 method, S2T build, 10000 max size): 0.42780
INFO - 03/19/19 19:10:05 - 0:01:56 - __log__:{"n_iter": 0, "tgt_ws_monolingual_scores": 0.17831233069637303, "tgt_EN_RW-STANFORD": 0.279802641618462, "tgt_EN_WS-353-ALL": 0.01146619510811413, "tgt_EN_RG-65": 0.12727272727272726, "tgt_EN_VERB-143": 0.29595673980988696, "tgt_EN_MEN-TR-3k": 0.1175607067834234, "tgt_EN_WS-353-SIM": 0.17897708967736528, "tgt_EN_SEMEVAL17": 0.19631154089480504, "tgt_EN_YP-130": 0.297549224047582, "tgt_EN_MC-30": 0.16666666666666669, "tgt_EN_SIMLEX-999": 0.1393398435499146, "tgt_EN_MTurk-287": 0.4022203864093917, "tgt_EN_WS-353-REL": -0.058952142105641626, "tgt_EN_MTurk-771": 0.16388867932015153, "precision_at_1-nn": 1.6541353383458646, "precision_at_5-nn": 4.2105263157894735, "precision_at_10-nn": 6.616541353383458, "precision_at_1-csls_knn_10": 1.3533834586466165, "precision_at_5-csls_knn_10": 5.112781954887218, "precision_at_10-csls_knn_10": 6.466165413533835, "mean_cosine-nn-S2T-10000": 0.43247705698013306, "mean_cosine-csls_knn_10-S2T-10000": 0.4277951121330261}
INFO - 03/19/19 19:10:05 - 0:01:56 - * Best value for "precision_at_1-csls_knn_10": 1.35338
INFO - 03/19/19 19:10:05 - 0:01:56 - * Saving the mapping to /data/home/pyliao/bridge-with-l2/MUSE/dumped/supervised_fasttext/jss23nfmxy/best_mapping.pth ...
INFO - 03/19/19 19:10:05 - 0:01:56 - End of iteration 0.
                                     
                                     
INFO - 03/19/19 19:10:05 - 0:01:56 - Starting iteration 1...
INFO - 03/19/19 19:10:05 - 0:01:56 - Building the train dictionary ...
INFO - 03/19/19 19:11:54 - 0:03:45 - New train dictionary of 1568 pairs.
INFO - 03/19/19 19:12:02 - 0:03:52 - ====================================================================
INFO - 03/19/19 19:12:02 - 0:03:52 -                        Dataset      Found     Not found          Rho
INFO - 03/19/19 19:12:02 - 0:03:52 - ====================================================================
INFO - 03/19/19 19:12:02 - 0:03:52 -                 EN_RW-STANFORD        296          1738       0.2798
INFO - 03/19/19 19:12:02 - 0:03:52 -                  EN_WS-353-ALL        219           134       0.0115
INFO - 03/19/19 19:12:02 - 0:03:52 -                       EN_RG-65         10            55       0.1273
INFO - 03/19/19 19:12:02 - 0:03:52 -                    EN_VERB-143        127            17       0.2960
INFO - 03/19/19 19:12:02 - 0:03:52 -                   EN_MEN-TR-3k       1226          1774       0.1176
INFO - 03/19/19 19:12:02 - 0:03:52 -                  EN_WS-353-SIM        125            78       0.1790
INFO - 03/19/19 19:12:02 - 0:03:52 -                   EN_SEMEVAL17        160           228       0.1963
INFO - 03/19/19 19:12:02 - 0:03:52 -                      EN_YP-130         73            57       0.2975
INFO - 03/19/19 19:12:02 - 0:03:52 -                       EN_MC-30          9            21       0.1667
INFO - 03/19/19 19:12:02 - 0:03:52 -                  EN_SIMLEX-999        607           392       0.1393
INFO - 03/19/19 19:12:02 - 0:03:52 -                   EN_MTurk-287        101           186       0.4022
INFO - 03/19/19 19:12:02 - 0:03:52 -                  EN_WS-353-REL        163            89      -0.0590
INFO - 03/19/19 19:12:02 - 0:03:52 -                   EN_MTurk-771        459           312       0.1639
INFO - 03/19/19 19:12:02 - 0:03:52 - ====================================================================
INFO - 03/19/19 19:12:02 - 0:03:52 - Monolingual target word similarity score average: 0.17831
INFO - 03/19/19 19:12:02 - 0:03:53 - Found 1019 pairs of words in the dictionary (665 unique). 1464 other pairs contained at least one unknown word (498 in lang1, 1281 in lang2)
INFO - 03/19/19 19:12:02 - 0:03:53 - 665 source words - nn - Precision at k = 1: 1.654135
INFO - 03/19/19 19:12:02 - 0:03:53 - 665 source words - nn - Precision at k = 5: 4.060150
INFO - 03/19/19 19:12:02 - 0:03:53 - 665 source words - nn - Precision at k = 10: 5.563910
INFO - 03/19/19 19:12:02 - 0:03:53 - Found 1019 pairs of words in the dictionary (665 unique). 1464 other pairs contained at least one unknown word (498 in lang1, 1281 in lang2)
INFO - 03/19/19 19:13:12 - 0:05:03 - 665 source words - csls_knn_10 - Precision at k = 1: 1.654135
INFO - 03/19/19 19:13:12 - 0:05:03 - 665 source words - csls_knn_10 - Precision at k = 5: 3.609023
INFO - 03/19/19 19:13:12 - 0:05:03 - 665 source words - csls_knn_10 - Precision at k = 10: 5.864662
INFO - 03/19/19 19:13:15 - 0:05:05 - Building the train dictionary ...
INFO - 03/19/19 19:13:15 - 0:05:05 - New train dictionary of 6430 pairs.
INFO - 03/19/19 19:13:15 - 0:05:05 - Mean cosine (nn method, S2T build, 10000 max size): 0.45654
INFO - 03/19/19 19:15:36 - 0:07:27 - Building the train dictionary ...
INFO - 03/19/19 19:15:36 - 0:07:27 - New train dictionary of 5506 pairs.
INFO - 03/19/19 19:15:36 - 0:07:27 - Mean cosine (csls_knn_10 method, S2T build, 10000 max size): 0.45438
INFO - 03/19/19 19:15:37 - 0:07:27 - __log__:{"n_iter": 1, "tgt_ws_monolingual_scores": 0.17831233069637303, "tgt_EN_RW-STANFORD": 0.279802641618462, "tgt_EN_WS-353-ALL": 0.01146619510811413, "tgt_EN_RG-65": 0.12727272727272726, "tgt_EN_VERB-143": 0.29595673980988696, "tgt_EN_MEN-TR-3k": 0.1175607067834234, "tgt_EN_WS-353-SIM": 0.17897708967736528, "tgt_EN_SEMEVAL17": 0.19631154089480504, "tgt_EN_YP-130": 0.297549224047582, "tgt_EN_MC-30": 0.16666666666666669, "tgt_EN_SIMLEX-999": 0.1393398435499146, "tgt_EN_MTurk-287": 0.4022203864093917, "tgt_EN_WS-353-REL": -0.058952142105641626, "tgt_EN_MTurk-771": 0.16388867932015153, "precision_at_1-nn": 1.6541353383458646, "precision_at_5-nn": 4.06015037593985, "precision_at_10-nn": 5.56390977443609, "precision_at_1-csls_knn_10": 1.6541353383458646, "precision_at_5-csls_knn_10": 3.6090225563909777, "precision_at_10-csls_knn_10": 5.864661654135339, "mean_cosine-nn-S2T-10000": 0.4565383195877075, "mean_cosine-csls_knn_10-S2T-10000": 0.45438259840011597}
INFO - 03/19/19 19:15:37 - 0:07:27 - * Best value for "precision_at_1-csls_knn_10": 1.65414
INFO - 03/19/19 19:15:37 - 0:07:27 - * Saving the mapping to /data/home/pyliao/bridge-with-l2/MUSE/dumped/supervised_fasttext/jss23nfmxy/best_mapping.pth ...
INFO - 03/19/19 19:15:37 - 0:07:27 - End of iteration 1.
                                     
                                     
INFO - 03/19/19 19:15:37 - 0:07:27 - Starting iteration 2...
INFO - 03/19/19 19:15:37 - 0:07:27 - Building the train dictionary ...
INFO - 03/19/19 19:17:59 - 0:09:49 - New train dictionary of 1856 pairs.
INFO - 03/19/19 19:18:10 - 0:10:01 - ====================================================================
INFO - 03/19/19 19:18:10 - 0:10:01 -                        Dataset      Found     Not found          Rho
INFO - 03/19/19 19:18:10 - 0:10:01 - ====================================================================
INFO - 03/19/19 19:18:10 - 0:10:01 -                 EN_RW-STANFORD        296          1738       0.2798
INFO - 03/19/19 19:18:10 - 0:10:01 -                  EN_WS-353-ALL        219           134       0.0115
INFO - 03/19/19 19:18:10 - 0:10:01 -                       EN_RG-65         10            55       0.1273
INFO - 03/19/19 19:18:10 - 0:10:01 -                    EN_VERB-143        127            17       0.2960
INFO - 03/19/19 19:18:10 - 0:10:01 -                   EN_MEN-TR-3k       1226          1774       0.1176
INFO - 03/19/19 19:18:10 - 0:10:01 -                  EN_WS-353-SIM        125            78       0.1790
INFO - 03/19/19 19:18:10 - 0:10:01 -                   EN_SEMEVAL17        160           228       0.1963
INFO - 03/19/19 19:18:10 - 0:10:01 -                      EN_YP-130         73            57       0.2975
INFO - 03/19/19 19:18:10 - 0:10:01 -                       EN_MC-30          9            21       0.1667
INFO - 03/19/19 19:18:10 - 0:10:01 -                  EN_SIMLEX-999        607           392       0.1393
INFO - 03/19/19 19:18:10 - 0:10:01 -                   EN_MTurk-287        101           186       0.4022
INFO - 03/19/19 19:18:10 - 0:10:01 -                  EN_WS-353-REL        163            89      -0.0590
INFO - 03/19/19 19:18:10 - 0:10:01 -                   EN_MTurk-771        459           312       0.1639
INFO - 03/19/19 19:18:10 - 0:10:01 - ====================================================================
INFO - 03/19/19 19:18:10 - 0:10:01 - Monolingual target word similarity score average: 0.17831
INFO - 03/19/19 19:18:11 - 0:10:01 - Found 1019 pairs of words in the dictionary (665 unique). 1464 other pairs contained at least one unknown word (498 in lang1, 1281 in lang2)
INFO - 03/19/19 19:18:11 - 0:10:01 - 665 source words - nn - Precision at k = 1: 1.804511
INFO - 03/19/19 19:18:11 - 0:10:01 - 665 source words - nn - Precision at k = 5: 3.458647
INFO - 03/19/19 19:18:11 - 0:10:01 - 665 source words - nn - Precision at k = 10: 5.864662
INFO - 03/19/19 19:18:11 - 0:10:01 - Found 1019 pairs of words in the dictionary (665 unique). 1464 other pairs contained at least one unknown word (498 in lang1, 1281 in lang2)
INFO - 03/19/19 19:19:20 - 0:11:10 - 665 source words - csls_knn_10 - Precision at k = 1: 1.954887
INFO - 03/19/19 19:19:20 - 0:11:10 - 665 source words - csls_knn_10 - Precision at k = 5: 3.909774
INFO - 03/19/19 19:19:20 - 0:11:10 - 665 source words - csls_knn_10 - Precision at k = 10: 5.864662
INFO - 03/19/19 19:19:22 - 0:11:13 - Building the train dictionary ...
INFO - 03/19/19 19:19:22 - 0:11:13 - New train dictionary of 6574 pairs.
INFO - 03/19/19 19:19:22 - 0:11:13 - Mean cosine (nn method, S2T build, 10000 max size): 0.46472
INFO - 03/19/19 19:21:45 - 0:13:35 - Building the train dictionary ...
INFO - 03/19/19 19:21:45 - 0:13:35 - New train dictionary of 5653 pairs.
INFO - 03/19/19 19:21:45 - 0:13:35 - Mean cosine (csls_knn_10 method, S2T build, 10000 max size): 0.46330
INFO - 03/19/19 19:21:45 - 0:13:35 - __log__:{"n_iter": 2, "tgt_ws_monolingual_scores": 0.17831233069637303, "tgt_EN_RW-STANFORD": 0.279802641618462, "tgt_EN_WS-353-ALL": 0.01146619510811413, "tgt_EN_RG-65": 0.12727272727272726, "tgt_EN_VERB-143": 0.29595673980988696, "tgt_EN_MEN-TR-3k": 0.1175607067834234, "tgt_EN_WS-353-SIM": 0.17897708967736528, "tgt_EN_SEMEVAL17": 0.19631154089480504, "tgt_EN_YP-130": 0.297549224047582, "tgt_EN_MC-30": 0.16666666666666669, "tgt_EN_SIMLEX-999": 0.1393398435499146, "tgt_EN_MTurk-287": 0.4022203864093917, "tgt_EN_WS-353-REL": -0.058952142105641626, "tgt_EN_MTurk-771": 0.16388867932015153, "precision_at_1-nn": 1.8045112781954888, "precision_at_5-nn": 3.4586466165413534, "precision_at_10-nn": 5.864661654135339, "precision_at_1-csls_knn_10": 1.954887218045113, "precision_at_5-csls_knn_10": 3.909774436090226, "precision_at_10-csls_knn_10": 5.864661654135339, "mean_cosine-nn-S2T-10000": 0.46472468972206116, "mean_cosine-csls_knn_10-S2T-10000": 0.46329936385154724}
INFO - 03/19/19 19:21:45 - 0:13:35 - * Best value for "precision_at_1-csls_knn_10": 1.95489
INFO - 03/19/19 19:21:45 - 0:13:35 - * Saving the mapping to /data/home/pyliao/bridge-with-l2/MUSE/dumped/supervised_fasttext/jss23nfmxy/best_mapping.pth ...
INFO - 03/19/19 19:21:45 - 0:13:35 - End of iteration 2.
                                     
                                     
INFO - 03/19/19 19:21:45 - 0:13:35 - Starting iteration 3...
INFO - 03/19/19 19:21:45 - 0:13:35 - Building the train dictionary ...
INFO - 03/19/19 19:24:09 - 0:16:00 - New train dictionary of 1995 pairs.
INFO - 03/19/19 19:24:21 - 0:16:11 - ====================================================================
INFO - 03/19/19 19:24:21 - 0:16:11 -                        Dataset      Found     Not found          Rho
INFO - 03/19/19 19:24:21 - 0:16:11 - ====================================================================
INFO - 03/19/19 19:24:21 - 0:16:11 -                 EN_RW-STANFORD        296          1738       0.2798
INFO - 03/19/19 19:24:21 - 0:16:11 -                  EN_WS-353-ALL        219           134       0.0115
INFO - 03/19/19 19:24:21 - 0:16:11 -                       EN_RG-65         10            55       0.1273
INFO - 03/19/19 19:24:21 - 0:16:11 -                    EN_VERB-143        127            17       0.2960
INFO - 03/19/19 19:24:21 - 0:16:11 -                   EN_MEN-TR-3k       1226          1774       0.1176
INFO - 03/19/19 19:24:21 - 0:16:11 -                  EN_WS-353-SIM        125            78       0.1790
INFO - 03/19/19 19:24:21 - 0:16:12 -                   EN_SEMEVAL17        160           228       0.1963
INFO - 03/19/19 19:24:21 - 0:16:12 -                      EN_YP-130         73            57       0.2975
INFO - 03/19/19 19:24:21 - 0:16:12 -                       EN_MC-30          9            21       0.1667
INFO - 03/19/19 19:24:21 - 0:16:12 -                  EN_SIMLEX-999        607           392       0.1393
INFO - 03/19/19 19:24:21 - 0:16:12 -                   EN_MTurk-287        101           186       0.4022
INFO - 03/19/19 19:24:21 - 0:16:12 -                  EN_WS-353-REL        163            89      -0.0590
INFO - 03/19/19 19:24:21 - 0:16:12 -                   EN_MTurk-771        459           312       0.1639
INFO - 03/19/19 19:24:21 - 0:16:12 - ====================================================================
INFO - 03/19/19 19:24:21 - 0:16:12 - Monolingual target word similarity score average: 0.17831
INFO - 03/19/19 19:24:21 - 0:16:12 - Found 1019 pairs of words in the dictionary (665 unique). 1464 other pairs contained at least one unknown word (498 in lang1, 1281 in lang2)
INFO - 03/19/19 19:24:21 - 0:16:12 - 665 source words - nn - Precision at k = 1: 1.804511
INFO - 03/19/19 19:24:21 - 0:16:12 - 665 source words - nn - Precision at k = 5: 3.759398
INFO - 03/19/19 19:24:21 - 0:16:12 - 665 source words - nn - Precision at k = 10: 5.563910
INFO - 03/19/19 19:24:21 - 0:16:12 - Found 1019 pairs of words in the dictionary (665 unique). 1464 other pairs contained at least one unknown word (498 in lang1, 1281 in lang2)
INFO - 03/19/19 19:25:30 - 0:17:21 - 665 source words - csls_knn_10 - Precision at k = 1: 1.503759
INFO - 03/19/19 19:25:31 - 0:17:21 - 665 source words - csls_knn_10 - Precision at k = 5: 3.609023
INFO - 03/19/19 19:25:31 - 0:17:21 - 665 source words - csls_knn_10 - Precision at k = 10: 5.563910
INFO - 03/19/19 19:25:33 - 0:17:23 - Building the train dictionary ...
INFO - 03/19/19 19:25:33 - 0:17:23 - New train dictionary of 6557 pairs.
INFO - 03/19/19 19:25:33 - 0:17:23 - Mean cosine (nn method, S2T build, 10000 max size): 0.46914
INFO - 03/19/19 19:27:42 - 0:19:33 - Building the train dictionary ...
INFO - 03/19/19 19:27:42 - 0:19:33 - New train dictionary of 5730 pairs.
INFO - 03/19/19 19:27:42 - 0:19:33 - Mean cosine (csls_knn_10 method, S2T build, 10000 max size): 0.46722
INFO - 03/19/19 19:27:42 - 0:19:33 - __log__:{"n_iter": 3, "tgt_ws_monolingual_scores": 0.17831233069637303, "tgt_EN_RW-STANFORD": 0.279802641618462, "tgt_EN_WS-353-ALL": 0.01146619510811413, "tgt_EN_RG-65": 0.12727272727272726, "tgt_EN_VERB-143": 0.29595673980988696, "tgt_EN_MEN-TR-3k": 0.1175607067834234, "tgt_EN_WS-353-SIM": 0.17897708967736528, "tgt_EN_SEMEVAL17": 0.19631154089480504, "tgt_EN_YP-130": 0.297549224047582, "tgt_EN_MC-30": 0.16666666666666669, "tgt_EN_SIMLEX-999": 0.1393398435499146, "tgt_EN_MTurk-287": 0.4022203864093917, "tgt_EN_WS-353-REL": -0.058952142105641626, "tgt_EN_MTurk-771": 0.16388867932015153, "precision_at_1-nn": 1.8045112781954888, "precision_at_5-nn": 3.7593984962406015, "precision_at_10-nn": 5.56390977443609, "precision_at_1-csls_knn_10": 1.5037593984962405, "precision_at_5-csls_knn_10": 3.6090225563909777, "precision_at_10-csls_knn_10": 5.56390977443609, "mean_cosine-nn-S2T-10000": 0.469142884016037, "mean_cosine-csls_knn_10-S2T-10000": 0.46721887588500977}
INFO - 03/19/19 19:27:42 - 0:19:33 - End of iteration 3.
                                     
                                     
INFO - 03/19/19 19:27:42 - 0:19:33 - Starting iteration 4...
INFO - 03/19/19 19:27:42 - 0:19:33 - Building the train dictionary ...
INFO - 03/19/19 19:30:03 - 0:21:54 - New train dictionary of 2085 pairs.
INFO - 03/19/19 19:30:14 - 0:22:04 - ====================================================================
INFO - 03/19/19 19:30:14 - 0:22:04 -                        Dataset      Found     Not found          Rho
INFO - 03/19/19 19:30:14 - 0:22:04 - ====================================================================
INFO - 03/19/19 19:30:14 - 0:22:04 -                 EN_RW-STANFORD        296          1738       0.2798
INFO - 03/19/19 19:30:14 - 0:22:04 -                  EN_WS-353-ALL        219           134       0.0115
INFO - 03/19/19 19:30:14 - 0:22:04 -                       EN_RG-65         10            55       0.1273
INFO - 03/19/19 19:30:14 - 0:22:04 -                    EN_VERB-143        127            17       0.2960
INFO - 03/19/19 19:30:14 - 0:22:04 -                   EN_MEN-TR-3k       1226          1774       0.1176
INFO - 03/19/19 19:30:14 - 0:22:04 -                  EN_WS-353-SIM        125            78       0.1790
INFO - 03/19/19 19:30:14 - 0:22:04 -                   EN_SEMEVAL17        160           228       0.1963
INFO - 03/19/19 19:30:14 - 0:22:04 -                      EN_YP-130         73            57       0.2975
INFO - 03/19/19 19:30:14 - 0:22:05 -                       EN_MC-30          9            21       0.1667
INFO - 03/19/19 19:30:14 - 0:22:05 -                  EN_SIMLEX-999        607           392       0.1393
INFO - 03/19/19 19:30:14 - 0:22:05 -                   EN_MTurk-287        101           186       0.4022
INFO - 03/19/19 19:30:14 - 0:22:05 -                  EN_WS-353-REL        163            89      -0.0590
INFO - 03/19/19 19:30:14 - 0:22:05 -                   EN_MTurk-771        459           312       0.1639
INFO - 03/19/19 19:30:14 - 0:22:05 - ====================================================================
INFO - 03/19/19 19:30:14 - 0:22:05 - Monolingual target word similarity score average: 0.17831
INFO - 03/19/19 19:30:14 - 0:22:05 - Found 1019 pairs of words in the dictionary (665 unique). 1464 other pairs contained at least one unknown word (498 in lang1, 1281 in lang2)
INFO - 03/19/19 19:30:14 - 0:22:05 - 665 source words - nn - Precision at k = 1: 1.654135
INFO - 03/19/19 19:30:14 - 0:22:05 - 665 source words - nn - Precision at k = 5: 3.759398
INFO - 03/19/19 19:30:14 - 0:22:05 - 665 source words - nn - Precision at k = 10: 6.315789
INFO - 03/19/19 19:30:14 - 0:22:05 - Found 1019 pairs of words in the dictionary (665 unique). 1464 other pairs contained at least one unknown word (498 in lang1, 1281 in lang2)
INFO - 03/19/19 19:31:23 - 0:23:14 - 665 source words - csls_knn_10 - Precision at k = 1: 1.654135
INFO - 03/19/19 19:31:23 - 0:23:14 - 665 source words - csls_knn_10 - Precision at k = 5: 3.909774
INFO - 03/19/19 19:31:23 - 0:23:14 - 665 source words - csls_knn_10 - Precision at k = 10: 5.714286
INFO - 03/19/19 19:31:25 - 0:23:16 - Building the train dictionary ...
INFO - 03/19/19 19:31:25 - 0:23:16 - New train dictionary of 6590 pairs.
INFO - 03/19/19 19:31:25 - 0:23:16 - Mean cosine (nn method, S2T build, 10000 max size): 0.47089
INFO - 03/19/19 19:33:47 - 0:25:38 - Building the train dictionary ...
INFO - 03/19/19 19:33:47 - 0:25:38 - New train dictionary of 5780 pairs.
INFO - 03/19/19 19:33:47 - 0:25:38 - Mean cosine (csls_knn_10 method, S2T build, 10000 max size): 0.47071
INFO - 03/19/19 19:33:47 - 0:25:38 - __log__:{"n_iter": 4, "tgt_ws_monolingual_scores": 0.17831233069637303, "tgt_EN_RW-STANFORD": 0.279802641618462, "tgt_EN_WS-353-ALL": 0.01146619510811413, "tgt_EN_RG-65": 0.12727272727272726, "tgt_EN_VERB-143": 0.29595673980988696, "tgt_EN_MEN-TR-3k": 0.1175607067834234, "tgt_EN_WS-353-SIM": 0.17897708967736528, "tgt_EN_SEMEVAL17": 0.19631154089480504, "tgt_EN_YP-130": 0.297549224047582, "tgt_EN_MC-30": 0.16666666666666669, "tgt_EN_SIMLEX-999": 0.1393398435499146, "tgt_EN_MTurk-287": 0.4022203864093917, "tgt_EN_WS-353-REL": -0.058952142105641626, "tgt_EN_MTurk-771": 0.16388867932015153, "precision_at_1-nn": 1.6541353383458646, "precision_at_5-nn": 3.7593984962406015, "precision_at_10-nn": 6.315789473684211, "precision_at_1-csls_knn_10": 1.6541353383458646, "precision_at_5-csls_knn_10": 3.909774436090226, "precision_at_10-csls_knn_10": 5.714285714285714, "mean_cosine-nn-S2T-10000": 0.47089192271232605, "mean_cosine-csls_knn_10-S2T-10000": 0.47070789337158203}
INFO - 03/19/19 19:33:47 - 0:25:38 - End of iteration 4.
                                     
                                     
INFO - 03/19/19 19:33:47 - 0:25:38 - Starting iteration 5...
INFO - 03/19/19 19:33:47 - 0:25:38 - Building the train dictionary ...
INFO - 03/19/19 19:36:06 - 0:27:57 - New train dictionary of 2147 pairs.
INFO - 03/19/19 19:36:17 - 0:28:08 - ====================================================================
INFO - 03/19/19 19:36:17 - 0:28:08 -                        Dataset      Found     Not found          Rho
INFO - 03/19/19 19:36:17 - 0:28:08 - ====================================================================
INFO - 03/19/19 19:36:17 - 0:28:08 -                 EN_RW-STANFORD        296          1738       0.2798
INFO - 03/19/19 19:36:17 - 0:28:08 -                  EN_WS-353-ALL        219           134       0.0115
INFO - 03/19/19 19:36:17 - 0:28:08 -                       EN_RG-65         10            55       0.1273
INFO - 03/19/19 19:36:17 - 0:28:08 -                    EN_VERB-143        127            17       0.2960
INFO - 03/19/19 19:36:18 - 0:28:08 -                   EN_MEN-TR-3k       1226          1774       0.1176
INFO - 03/19/19 19:36:18 - 0:28:08 -                  EN_WS-353-SIM        125            78       0.1790
INFO - 03/19/19 19:36:18 - 0:28:08 -                   EN_SEMEVAL17        160           228       0.1963
INFO - 03/19/19 19:36:18 - 0:28:08 -                      EN_YP-130         73            57       0.2975
INFO - 03/19/19 19:36:18 - 0:28:08 -                       EN_MC-30          9            21       0.1667
INFO - 03/19/19 19:36:18 - 0:28:08 -                  EN_SIMLEX-999        607           392       0.1393
INFO - 03/19/19 19:36:18 - 0:28:08 -                   EN_MTurk-287        101           186       0.4022
INFO - 03/19/19 19:36:18 - 0:28:08 -                  EN_WS-353-REL        163            89      -0.0590
INFO - 03/19/19 19:36:18 - 0:28:08 -                   EN_MTurk-771        459           312       0.1639
INFO - 03/19/19 19:36:18 - 0:28:08 - ====================================================================
INFO - 03/19/19 19:36:18 - 0:28:08 - Monolingual target word similarity score average: 0.17831
INFO - 03/19/19 19:36:18 - 0:28:09 - Found 1019 pairs of words in the dictionary (665 unique). 1464 other pairs contained at least one unknown word (498 in lang1, 1281 in lang2)
INFO - 03/19/19 19:36:18 - 0:28:09 - 665 source words - nn - Precision at k = 1: 1.804511
INFO - 03/19/19 19:36:18 - 0:28:09 - 665 source words - nn - Precision at k = 5: 3.308271
INFO - 03/19/19 19:36:18 - 0:28:09 - 665 source words - nn - Precision at k = 10: 6.165414
INFO - 03/19/19 19:36:18 - 0:28:09 - Found 1019 pairs of words in the dictionary (665 unique). 1464 other pairs contained at least one unknown word (498 in lang1, 1281 in lang2)
INFO - 03/19/19 19:37:26 - 0:29:17 - 665 source words - csls_knn_10 - Precision at k = 1: 1.804511
INFO - 03/19/19 19:37:26 - 0:29:17 - 665 source words - csls_knn_10 - Precision at k = 5: 3.909774
INFO - 03/19/19 19:37:26 - 0:29:17 - 665 source words - csls_knn_10 - Precision at k = 10: 5.413534
INFO - 03/19/19 19:37:29 - 0:29:19 - Building the train dictionary ...
INFO - 03/19/19 19:37:29 - 0:29:19 - New train dictionary of 6565 pairs.
INFO - 03/19/19 19:37:29 - 0:29:19 - Mean cosine (nn method, S2T build, 10000 max size): 0.47223
INFO - 03/19/19 19:39:51 - 0:31:42 - Building the train dictionary ...
INFO - 03/19/19 19:39:51 - 0:31:42 - New train dictionary of 5799 pairs.
INFO - 03/19/19 19:39:51 - 0:31:42 - Mean cosine (csls_knn_10 method, S2T build, 10000 max size): 0.47167
INFO - 03/19/19 19:39:51 - 0:31:42 - __log__:{"n_iter": 5, "tgt_ws_monolingual_scores": 0.17831233069637303, "tgt_EN_RW-STANFORD": 0.279802641618462, "tgt_EN_WS-353-ALL": 0.01146619510811413, "tgt_EN_RG-65": 0.12727272727272726, "tgt_EN_VERB-143": 0.29595673980988696, "tgt_EN_MEN-TR-3k": 0.1175607067834234, "tgt_EN_WS-353-SIM": 0.17897708967736528, "tgt_EN_SEMEVAL17": 0.19631154089480504, "tgt_EN_YP-130": 0.297549224047582, "tgt_EN_MC-30": 0.16666666666666669, "tgt_EN_SIMLEX-999": 0.1393398435499146, "tgt_EN_MTurk-287": 0.4022203864093917, "tgt_EN_WS-353-REL": -0.058952142105641626, "tgt_EN_MTurk-771": 0.16388867932015153, "precision_at_1-nn": 1.8045112781954888, "precision_at_5-nn": 3.308270676691729, "precision_at_10-nn": 6.165413533834586, "precision_at_1-csls_knn_10": 1.8045112781954888, "precision_at_5-csls_knn_10": 3.909774436090226, "precision_at_10-csls_knn_10": 5.413533834586466, "mean_cosine-nn-S2T-10000": 0.47223350405693054, "mean_cosine-csls_knn_10-S2T-10000": 0.4716704189777374}
INFO - 03/19/19 19:39:51 - 0:31:42 - End of iteration 5.
                                     
                                     
INFO - 03/19/19 19:39:51 - 0:31:42 - * Reloading the best model from /data/home/pyliao/bridge-with-l2/MUSE/dumped/supervised_fasttext/jss23nfmxy/best_mapping.pth ...
INFO - 03/19/19 19:39:51 - 0:31:42 - Reloading all embeddings for mapping ...
INFO - 03/19/19 19:40:20 - 0:32:10 - Loaded 145393 pre-trained word embeddings.
INFO - 03/19/19 19:40:26 - 0:32:16 - Loaded 29217 pre-trained word embeddings.
INFO - 03/19/19 19:40:26 - 0:32:17 - Map source embeddings to the target space ...
INFO - 03/19/19 19:40:26 - 0:32:17 - Writing source embeddings to /data/home/pyliao/bridge-with-l2/MUSE/dumped/supervised_fasttext/jss23nfmxy/vectors-zh.txt ...
INFO - 03/19/19 19:45:13 - 0:37:04 - Writing target embeddings to /data/home/pyliao/bridge-with-l2/MUSE/dumped/supervised_fasttext/jss23nfmxy/vectors-en.txt ...
