INFO - 03/19/19 02:50:52 - 0:00:00 - ============ Initialized logger ============
INFO - 03/19/19 02:50:52 - 0:00:00 - cuda: True
                                     dico_eval: default
                                     emb_dim: 300
                                     exp_id: 
                                     exp_name: monolingual_arxiv-en-en-480K-5
                                     exp_path: /data/home/pyliao/bridge-with-l2/MUSE/dumped/monolingual_arxiv-en-en-480K-5/orbiivm9h3
                                     max_vocab: 40000
                                     normalize_embeddings: 
                                     src_emb: project/data/arxiv_en_en_480K_5.word2vec.vec
                                     src_lang: en
                                     tgt_emb: 
                                     tgt_lang: 
                                     verbose: 2
INFO - 03/19/19 02:50:52 - 0:00:00 - The experiment will be stored in /data/home/pyliao/bridge-with-l2/MUSE/dumped/monolingual_arxiv-en-en-480K-5/orbiivm9h3
INFO - 03/19/19 02:50:56 - 0:00:04 - Loaded 32303 pre-trained word embeddings.
INFO - 03/19/19 02:50:59 - 0:00:07 - ====================================================================
INFO - 03/19/19 02:50:59 - 0:00:07 -                        Dataset      Found     Not found          Rho
INFO - 03/19/19 02:50:59 - 0:00:07 - ====================================================================
INFO - 03/19/19 02:50:59 - 0:00:07 -                 EN_RW-STANFORD        391          1643       0.2473
INFO - 03/19/19 02:50:59 - 0:00:07 -                  EN_WS-353-ALL        249           104       0.3488
INFO - 03/19/19 02:50:59 - 0:00:07 -                       EN_RG-65         19            46      -0.3649
INFO - 03/19/19 02:50:59 - 0:00:07 -                    EN_VERB-143        132            12       0.2353
INFO - 03/19/19 02:50:59 - 0:00:07 -                   EN_MEN-TR-3k       1381          1619       0.2407
INFO - 03/19/19 02:50:59 - 0:00:07 -                  EN_WS-353-SIM        137            66       0.4347
INFO - 03/19/19 02:50:59 - 0:00:07 -                   EN_SEMEVAL17        179           209       0.1691
INFO - 03/19/19 02:50:59 - 0:00:07 -                      EN_YP-130         75            55       0.1163
INFO - 03/19/19 02:50:59 - 0:00:07 -                       EN_MC-30         11            19       0.0545
INFO - 03/19/19 02:50:59 - 0:00:07 -                  EN_SIMLEX-999        656           343       0.1564
INFO - 03/19/19 02:51:00 - 0:00:07 -                   EN_MTurk-287        131           156       0.1502
INFO - 03/19/19 02:51:00 - 0:00:07 -                  EN_WS-353-REL        186            66       0.2432
INFO - 03/19/19 02:51:00 - 0:00:07 -                   EN_MTurk-771        528           243       0.2380
INFO - 03/19/19 02:51:00 - 0:00:07 - ====================================================================
INFO - 03/19/19 02:51:00 - 0:00:07 - Monolingual source word similarity score average: 0.17459
