INFO - 03/19/19 03:11:11 - 0:00:00 - ============ Initialized logger ============
INFO - 03/19/19 03:11:11 - 0:00:00 - cuda: True
                                     dico_eval: default
                                     emb_dim: 300
                                     exp_id: 
                                     exp_name: monolingual_wiki_fasttext
                                     exp_path: /data/home/pyliao/bridge-with-l2/MUSE/dumped/monolingual_wiki_fasttext/vd7ptyt040
                                     max_vocab: 40000
                                     normalize_embeddings: 
                                     src_emb: MUSE/data/gold/fasttext.wiki.en.vec
                                     src_lang: en
                                     tgt_emb: 
                                     tgt_lang: 
                                     verbose: 2
INFO - 03/19/19 03:11:11 - 0:00:00 - The experiment will be stored in /data/home/pyliao/bridge-with-l2/MUSE/dumped/monolingual_wiki_fasttext/vd7ptyt040
INFO - 03/19/19 03:11:17 - 0:00:05 - Loaded 40000 pre-trained word embeddings.
INFO - 03/19/19 03:11:23 - 0:00:12 - ====================================================================
INFO - 03/19/19 03:11:23 - 0:00:12 -                        Dataset      Found     Not found          Rho
INFO - 03/19/19 03:11:23 - 0:00:12 - ====================================================================
INFO - 03/19/19 03:11:23 - 0:00:12 -                 EN_RW-STANFORD        536          1498       0.5379
INFO - 03/19/19 03:11:23 - 0:00:12 -                  EN_WS-353-ALL        346             7       0.7440
INFO - 03/19/19 03:11:23 - 0:00:12 -                       EN_RG-65         61             4       0.7780
INFO - 03/19/19 03:11:23 - 0:00:12 -                    EN_VERB-143        144             0       0.3973
INFO - 03/19/19 03:11:23 - 0:00:12 -                   EN_MEN-TR-3k       2895           105       0.7644
INFO - 03/19/19 03:11:23 - 0:00:12 -                  EN_WS-353-SIM        200             3       0.7870
INFO - 03/19/19 03:11:23 - 0:00:12 -                   EN_SEMEVAL17        337            51       0.7185
INFO - 03/19/19 03:11:23 - 0:00:12 -                      EN_YP-130        104            26       0.4849
INFO - 03/19/19 03:11:23 - 0:00:12 -                       EN_MC-30         29             1       0.8150
INFO - 03/19/19 03:11:23 - 0:00:12 -                  EN_SIMLEX-999        988            11       0.3818
INFO - 03/19/19 03:11:23 - 0:00:12 -                   EN_MTurk-287        284             3       0.6769
INFO - 03/19/19 03:11:23 - 0:00:12 -                  EN_WS-353-REL        248             4       0.6782
INFO - 03/19/19 03:11:23 - 0:00:12 -                   EN_MTurk-771        767             4       0.6695
INFO - 03/19/19 03:11:23 - 0:00:12 - ====================================================================
INFO - 03/19/19 03:11:23 - 0:00:12 - Monolingual source word similarity score average: 0.64872
