INFO - 03/19/19 20:06:09 - 0:00:00 - ============ Initialized logger ============
INFO - 03/19/19 20:06:09 - 0:00:00 - cuda: True
                                     dico_build: S2T&T2S
                                     dico_eval: default
                                     dico_max_rank: 10000
                                     dico_max_size: 0
                                     dico_method: csls_knn_10
                                     dico_min_size: 0
                                     dico_threshold: 0
                                     dico_train: default
                                     emb_dim: 300
                                     exp_id: 
                                     exp_name: supervised
                                     exp_path: /data/home/pyliao/bridge-with-l2/MUSE/dumped/supervised/jt72limayr
                                     export: txt
                                     max_vocab: 40000
                                     n_refinement: 5
                                     normalize_embeddings: center
                                     seed: -1
                                     src_emb: MUSE/data/gold/word2vec.wiki.zh.vec
                                     src_lang: zh
                                     tgt_emb: project/data/arxiv_zh_en_480K_5.word2vec.vec
                                     tgt_lang: en
                                     verbose: 2
INFO - 03/19/19 20:06:09 - 0:00:00 - The experiment will be stored in /data/home/pyliao/bridge-with-l2/MUSE/dumped/supervised/jt72limayr
INFO - 03/19/19 20:06:22 - 0:00:12 - Loaded 40000 pre-trained word embeddings.
INFO - 03/19/19 20:06:38 - 0:00:29 - Loaded 29217 pre-trained word embeddings.
INFO - 03/19/19 20:06:39 - 0:00:30 - Found 5824 pairs of words in the dictionary (3545 unique). 3067 other pairs contained at least one unknown word (381 in lang1, 2820 in lang2)
INFO - 03/19/19 20:06:40 - 0:00:30 - Validation metric: precision_at_1-csls_knn_10
INFO - 03/19/19 20:06:40 - 0:00:30 - Starting iteration 0...
INFO - 03/19/19 20:06:51 - 0:00:42 - ====================================================================
INFO - 03/19/19 20:06:51 - 0:00:42 -                        Dataset      Found     Not found          Rho
INFO - 03/19/19 20:06:51 - 0:00:42 - ====================================================================
INFO - 03/19/19 20:06:51 - 0:00:42 -                 EN_RW-STANFORD        296          1738       0.2096
INFO - 03/19/19 20:06:51 - 0:00:42 -                  EN_WS-353-ALL        219           134       0.2387
INFO - 03/19/19 20:06:51 - 0:00:42 -                       EN_RG-65         10            55       0.1273
INFO - 03/19/19 20:06:51 - 0:00:42 -                    EN_VERB-143        127            17       0.1764
INFO - 03/19/19 20:06:51 - 0:00:42 -                   EN_MEN-TR-3k       1226          1774       0.2388
INFO - 03/19/19 20:06:51 - 0:00:42 -                  EN_WS-353-SIM        125            78       0.3660
INFO - 03/19/19 20:06:51 - 0:00:42 -                   EN_SEMEVAL17        160           228       0.2682
INFO - 03/19/19 20:06:51 - 0:00:42 -                      EN_YP-130         73            57       0.1355
INFO - 03/19/19 20:06:51 - 0:00:42 -                       EN_MC-30          9            21       0.5833
INFO - 03/19/19 20:06:52 - 0:00:42 -                  EN_SIMLEX-999        607           392       0.1703
INFO - 03/19/19 20:06:52 - 0:00:42 -                   EN_MTurk-287        101           186       0.2423
INFO - 03/19/19 20:06:52 - 0:00:42 -                  EN_WS-353-REL        163            89       0.1562
INFO - 03/19/19 20:06:52 - 0:00:42 -                   EN_MTurk-771        459           312       0.2383
INFO - 03/19/19 20:06:52 - 0:00:42 - ====================================================================
INFO - 03/19/19 20:06:52 - 0:00:42 - Monolingual target word similarity score average: 0.24237
INFO - 03/19/19 20:06:52 - 0:00:42 - Found 1086 pairs of words in the dictionary (726 unique). 1397 other pairs contained at least one unknown word (248 in lang1, 1281 in lang2)
INFO - 03/19/19 20:06:52 - 0:00:42 - 726 source words - nn - Precision at k = 1: 4.683196
INFO - 03/19/19 20:06:52 - 0:00:42 - 726 source words - nn - Precision at k = 5: 10.330579
INFO - 03/19/19 20:06:52 - 0:00:42 - 726 source words - nn - Precision at k = 10: 14.738292
INFO - 03/19/19 20:06:52 - 0:00:42 - Found 1086 pairs of words in the dictionary (726 unique). 1397 other pairs contained at least one unknown word (248 in lang1, 1281 in lang2)
INFO - 03/19/19 20:07:53 - 0:01:44 - 726 source words - csls_knn_10 - Precision at k = 1: 4.545455
INFO - 03/19/19 20:07:53 - 0:01:44 - 726 source words - csls_knn_10 - Precision at k = 5: 12.258953
INFO - 03/19/19 20:07:53 - 0:01:44 - 726 source words - csls_knn_10 - Precision at k = 10: 16.115702
INFO - 03/19/19 20:07:56 - 0:01:47 - Building the train dictionary ...
INFO - 03/19/19 20:07:56 - 0:01:47 - New train dictionary of 6780 pairs.
INFO - 03/19/19 20:07:56 - 0:01:47 - Mean cosine (nn method, S2T build, 10000 max size): 0.40602
INFO - 03/19/19 20:10:20 - 0:04:11 - Building the train dictionary ...
INFO - 03/19/19 20:10:20 - 0:04:11 - New train dictionary of 6018 pairs.
INFO - 03/19/19 20:10:20 - 0:04:11 - Mean cosine (csls_knn_10 method, S2T build, 10000 max size): 0.39877
INFO - 03/19/19 20:10:20 - 0:04:11 - __log__:{"n_iter": 0, "tgt_ws_monolingual_scores": 0.24237067221357744, "tgt_EN_RW-STANFORD": 0.20955212524132497, "tgt_EN_WS-353-ALL": 0.23867812141833297, "tgt_EN_RG-65": 0.12727272727272726, "tgt_EN_VERB-143": 0.17639650339782434, "tgt_EN_MEN-TR-3k": 0.23876928337696618, "tgt_EN_WS-353-SIM": 0.3660160443479225, "tgt_EN_SEMEVAL17": 0.2682345872908543, "tgt_EN_YP-130": 0.1354799909482967, "tgt_EN_MC-30": 0.5833333333333334, "tgt_EN_SIMLEX-999": 0.17029639249727843, "tgt_EN_MTurk-287": 0.24227933172153163, "tgt_EN_WS-353-REL": 0.15623928372260212, "tgt_EN_MTurk-771": 0.238271014207512, "precision_at_1-nn": 4.683195592286501, "precision_at_5-nn": 10.330578512396695, "precision_at_10-nn": 14.738292011019283, "precision_at_1-csls_knn_10": 4.545454545454546, "precision_at_5-csls_knn_10": 12.258953168044078, "precision_at_10-csls_knn_10": 16.115702479338843, "mean_cosine-nn-S2T-10000": 0.4060191214084625, "mean_cosine-csls_knn_10-S2T-10000": 0.3987734019756317}
INFO - 03/19/19 20:10:20 - 0:04:11 - * Best value for "precision_at_1-csls_knn_10": 4.54545
INFO - 03/19/19 20:10:20 - 0:04:11 - * Saving the mapping to /data/home/pyliao/bridge-with-l2/MUSE/dumped/supervised/jt72limayr/best_mapping.pth ...
INFO - 03/19/19 20:10:20 - 0:04:11 - End of iteration 0.
                                     
                                     
INFO - 03/19/19 20:10:20 - 0:04:11 - Starting iteration 1...
INFO - 03/19/19 20:10:20 - 0:04:11 - Building the train dictionary ...
INFO - 03/19/19 20:12:38 - 0:06:28 - New train dictionary of 1345 pairs.
INFO - 03/19/19 20:12:48 - 0:06:39 - ====================================================================
INFO - 03/19/19 20:12:48 - 0:06:39 -                        Dataset      Found     Not found          Rho
INFO - 03/19/19 20:12:48 - 0:06:39 - ====================================================================
INFO - 03/19/19 20:12:48 - 0:06:39 -                 EN_RW-STANFORD        296          1738       0.2096
INFO - 03/19/19 20:12:48 - 0:06:39 -                  EN_WS-353-ALL        219           134       0.2387
INFO - 03/19/19 20:12:48 - 0:06:39 -                       EN_RG-65         10            55       0.1273
INFO - 03/19/19 20:12:48 - 0:06:39 -                    EN_VERB-143        127            17       0.1764
INFO - 03/19/19 20:12:48 - 0:06:39 -                   EN_MEN-TR-3k       1226          1774       0.2388
INFO - 03/19/19 20:12:48 - 0:06:39 -                  EN_WS-353-SIM        125            78       0.3660
INFO - 03/19/19 20:12:48 - 0:06:39 -                   EN_SEMEVAL17        160           228       0.2682
INFO - 03/19/19 20:12:48 - 0:06:39 -                      EN_YP-130         73            57       0.1355
INFO - 03/19/19 20:12:48 - 0:06:39 -                       EN_MC-30          9            21       0.5833
INFO - 03/19/19 20:12:48 - 0:06:39 -                  EN_SIMLEX-999        607           392       0.1703
INFO - 03/19/19 20:12:48 - 0:06:39 -                   EN_MTurk-287        101           186       0.2423
INFO - 03/19/19 20:12:48 - 0:06:39 -                  EN_WS-353-REL        163            89       0.1562
INFO - 03/19/19 20:12:48 - 0:06:39 -                   EN_MTurk-771        459           312       0.2383
INFO - 03/19/19 20:12:48 - 0:06:39 - ====================================================================
INFO - 03/19/19 20:12:48 - 0:06:39 - Monolingual target word similarity score average: 0.24237
INFO - 03/19/19 20:12:48 - 0:06:39 - Found 1086 pairs of words in the dictionary (726 unique). 1397 other pairs contained at least one unknown word (248 in lang1, 1281 in lang2)
INFO - 03/19/19 20:12:49 - 0:06:39 - 726 source words - nn - Precision at k = 1: 3.443526
INFO - 03/19/19 20:12:49 - 0:06:39 - 726 source words - nn - Precision at k = 5: 9.504132
INFO - 03/19/19 20:12:49 - 0:06:39 - 726 source words - nn - Precision at k = 10: 12.396694
INFO - 03/19/19 20:12:49 - 0:06:39 - Found 1086 pairs of words in the dictionary (726 unique). 1397 other pairs contained at least one unknown word (248 in lang1, 1281 in lang2)
INFO - 03/19/19 20:13:54 - 0:07:44 - 726 source words - csls_knn_10 - Precision at k = 1: 3.856749
INFO - 03/19/19 20:13:54 - 0:07:44 - 726 source words - csls_knn_10 - Precision at k = 5: 10.330579
INFO - 03/19/19 20:13:54 - 0:07:44 - 726 source words - csls_knn_10 - Precision at k = 10: 13.360882
INFO - 03/19/19 20:13:57 - 0:07:47 - Building the train dictionary ...
INFO - 03/19/19 20:13:57 - 0:07:47 - New train dictionary of 7081 pairs.
INFO - 03/19/19 20:13:57 - 0:07:47 - Mean cosine (nn method, S2T build, 10000 max size): 0.42102
INFO - 03/19/19 20:16:17 - 0:10:07 - Building the train dictionary ...
INFO - 03/19/19 20:16:17 - 0:10:07 - New train dictionary of 6309 pairs.
INFO - 03/19/19 20:16:17 - 0:10:07 - Mean cosine (csls_knn_10 method, S2T build, 10000 max size): 0.41837
INFO - 03/19/19 20:16:17 - 0:10:07 - __log__:{"n_iter": 1, "tgt_ws_monolingual_scores": 0.24237067221357744, "tgt_EN_RW-STANFORD": 0.20955212524132497, "tgt_EN_WS-353-ALL": 0.23867812141833297, "tgt_EN_RG-65": 0.12727272727272726, "tgt_EN_VERB-143": 0.17639650339782434, "tgt_EN_MEN-TR-3k": 0.23876928337696618, "tgt_EN_WS-353-SIM": 0.3660160443479225, "tgt_EN_SEMEVAL17": 0.2682345872908543, "tgt_EN_YP-130": 0.1354799909482967, "tgt_EN_MC-30": 0.5833333333333334, "tgt_EN_SIMLEX-999": 0.17029639249727843, "tgt_EN_MTurk-287": 0.24227933172153163, "tgt_EN_WS-353-REL": 0.15623928372260212, "tgt_EN_MTurk-771": 0.238271014207512, "precision_at_1-nn": 3.443526170798898, "precision_at_5-nn": 9.50413223140496, "precision_at_10-nn": 12.396694214876034, "precision_at_1-csls_knn_10": 3.8567493112947657, "precision_at_5-csls_knn_10": 10.330578512396695, "precision_at_10-csls_knn_10": 13.360881542699724, "mean_cosine-nn-S2T-10000": 0.42102429270744324, "mean_cosine-csls_knn_10-S2T-10000": 0.418366938829422}
INFO - 03/19/19 20:16:17 - 0:10:07 - End of iteration 1.
                                     
                                     
INFO - 03/19/19 20:16:17 - 0:10:07 - Starting iteration 2...
INFO - 03/19/19 20:16:17 - 0:10:07 - Building the train dictionary ...
INFO - 03/19/19 20:18:32 - 0:12:23 - New train dictionary of 1626 pairs.
INFO - 03/19/19 20:18:43 - 0:12:34 - ====================================================================
INFO - 03/19/19 20:18:43 - 0:12:34 -                        Dataset      Found     Not found          Rho
INFO - 03/19/19 20:18:43 - 0:12:34 - ====================================================================
INFO - 03/19/19 20:18:43 - 0:12:34 -                 EN_RW-STANFORD        296          1738       0.2096
INFO - 03/19/19 20:18:43 - 0:12:34 -                  EN_WS-353-ALL        219           134       0.2387
INFO - 03/19/19 20:18:43 - 0:12:34 -                       EN_RG-65         10            55       0.1273
INFO - 03/19/19 20:18:43 - 0:12:34 -                    EN_VERB-143        127            17       0.1764
INFO - 03/19/19 20:18:43 - 0:12:34 -                   EN_MEN-TR-3k       1226          1774       0.2388
INFO - 03/19/19 20:18:43 - 0:12:34 -                  EN_WS-353-SIM        125            78       0.3660
INFO - 03/19/19 20:18:43 - 0:12:34 -                   EN_SEMEVAL17        160           228       0.2682
INFO - 03/19/19 20:18:43 - 0:12:34 -                      EN_YP-130         73            57       0.1355
INFO - 03/19/19 20:18:43 - 0:12:34 -                       EN_MC-30          9            21       0.5833
INFO - 03/19/19 20:18:43 - 0:12:34 -                  EN_SIMLEX-999        607           392       0.1703
INFO - 03/19/19 20:18:43 - 0:12:34 -                   EN_MTurk-287        101           186       0.2423
INFO - 03/19/19 20:18:43 - 0:12:34 -                  EN_WS-353-REL        163            89       0.1562
INFO - 03/19/19 20:18:43 - 0:12:34 -                   EN_MTurk-771        459           312       0.2383
INFO - 03/19/19 20:18:43 - 0:12:34 - ====================================================================
INFO - 03/19/19 20:18:43 - 0:12:34 - Monolingual target word similarity score average: 0.24237
INFO - 03/19/19 20:18:44 - 0:12:34 - Found 1086 pairs of words in the dictionary (726 unique). 1397 other pairs contained at least one unknown word (248 in lang1, 1281 in lang2)
INFO - 03/19/19 20:18:44 - 0:12:34 - 726 source words - nn - Precision at k = 1: 3.443526
INFO - 03/19/19 20:18:44 - 0:12:34 - 726 source words - nn - Precision at k = 5: 8.126722
INFO - 03/19/19 20:18:44 - 0:12:34 - 726 source words - nn - Precision at k = 10: 11.432507
INFO - 03/19/19 20:18:44 - 0:12:34 - Found 1086 pairs of words in the dictionary (726 unique). 1397 other pairs contained at least one unknown word (248 in lang1, 1281 in lang2)
INFO - 03/19/19 20:19:51 - 0:13:41 - 726 source words - csls_knn_10 - Precision at k = 1: 3.994490
INFO - 03/19/19 20:19:51 - 0:13:41 - 726 source words - csls_knn_10 - Precision at k = 5: 9.366391
INFO - 03/19/19 20:19:51 - 0:13:41 - 726 source words - csls_knn_10 - Precision at k = 10: 12.947658
INFO - 03/19/19 20:19:53 - 0:13:44 - Building the train dictionary ...
INFO - 03/19/19 20:19:53 - 0:13:44 - New train dictionary of 7360 pairs.
INFO - 03/19/19 20:19:53 - 0:13:44 - Mean cosine (nn method, S2T build, 10000 max size): 0.42955
INFO - 03/19/19 20:22:14 - 0:16:05 - Building the train dictionary ...
INFO - 03/19/19 20:22:14 - 0:16:05 - New train dictionary of 6410 pairs.
INFO - 03/19/19 20:22:14 - 0:16:05 - Mean cosine (csls_knn_10 method, S2T build, 10000 max size): 0.42867
INFO - 03/19/19 20:22:14 - 0:16:05 - __log__:{"n_iter": 2, "tgt_ws_monolingual_scores": 0.24237067221357744, "tgt_EN_RW-STANFORD": 0.20955212524132497, "tgt_EN_WS-353-ALL": 0.23867812141833297, "tgt_EN_RG-65": 0.12727272727272726, "tgt_EN_VERB-143": 0.17639650339782434, "tgt_EN_MEN-TR-3k": 0.23876928337696618, "tgt_EN_WS-353-SIM": 0.3660160443479225, "tgt_EN_SEMEVAL17": 0.2682345872908543, "tgt_EN_YP-130": 0.1354799909482967, "tgt_EN_MC-30": 0.5833333333333334, "tgt_EN_SIMLEX-999": 0.17029639249727843, "tgt_EN_MTurk-287": 0.24227933172153163, "tgt_EN_WS-353-REL": 0.15623928372260212, "tgt_EN_MTurk-771": 0.238271014207512, "precision_at_1-nn": 3.443526170798898, "precision_at_5-nn": 8.1267217630854, "precision_at_10-nn": 11.432506887052343, "precision_at_1-csls_knn_10": 3.994490358126722, "precision_at_5-csls_knn_10": 9.366391184573002, "precision_at_10-csls_knn_10": 12.947658402203857, "mean_cosine-nn-S2T-10000": 0.42954644560813904, "mean_cosine-csls_knn_10-S2T-10000": 0.4286658465862274}
INFO - 03/19/19 20:22:14 - 0:16:05 - End of iteration 2.
                                     
                                     
INFO - 03/19/19 20:22:14 - 0:16:05 - Starting iteration 3...
INFO - 03/19/19 20:22:14 - 0:16:05 - Building the train dictionary ...
INFO - 03/19/19 20:24:25 - 0:18:15 - New train dictionary of 1777 pairs.
INFO - 03/19/19 20:24:36 - 0:18:27 - ====================================================================
INFO - 03/19/19 20:24:36 - 0:18:27 -                        Dataset      Found     Not found          Rho
INFO - 03/19/19 20:24:36 - 0:18:27 - ====================================================================
INFO - 03/19/19 20:24:37 - 0:18:27 -                 EN_RW-STANFORD        296          1738       0.2096
INFO - 03/19/19 20:24:37 - 0:18:27 -                  EN_WS-353-ALL        219           134       0.2387
INFO - 03/19/19 20:24:37 - 0:18:27 -                       EN_RG-65         10            55       0.1273
INFO - 03/19/19 20:24:37 - 0:18:27 -                    EN_VERB-143        127            17       0.1764
INFO - 03/19/19 20:24:37 - 0:18:27 -                   EN_MEN-TR-3k       1226          1774       0.2388
INFO - 03/19/19 20:24:37 - 0:18:27 -                  EN_WS-353-SIM        125            78       0.3660
INFO - 03/19/19 20:24:37 - 0:18:27 -                   EN_SEMEVAL17        160           228       0.2682
INFO - 03/19/19 20:24:37 - 0:18:27 -                      EN_YP-130         73            57       0.1355
INFO - 03/19/19 20:24:37 - 0:18:27 -                       EN_MC-30          9            21       0.5833
INFO - 03/19/19 20:24:37 - 0:18:27 -                  EN_SIMLEX-999        607           392       0.1703
INFO - 03/19/19 20:24:37 - 0:18:27 -                   EN_MTurk-287        101           186       0.2423
INFO - 03/19/19 20:24:37 - 0:18:27 -                  EN_WS-353-REL        163            89       0.1562
INFO - 03/19/19 20:24:37 - 0:18:27 -                   EN_MTurk-771        459           312       0.2383
INFO - 03/19/19 20:24:37 - 0:18:27 - ====================================================================
INFO - 03/19/19 20:24:37 - 0:18:27 - Monolingual target word similarity score average: 0.24237
INFO - 03/19/19 20:24:37 - 0:18:28 - Found 1086 pairs of words in the dictionary (726 unique). 1397 other pairs contained at least one unknown word (248 in lang1, 1281 in lang2)
INFO - 03/19/19 20:24:37 - 0:18:28 - 726 source words - nn - Precision at k = 1: 3.443526
INFO - 03/19/19 20:24:37 - 0:18:28 - 726 source words - nn - Precision at k = 5: 7.438017
INFO - 03/19/19 20:24:37 - 0:18:28 - 726 source words - nn - Precision at k = 10: 11.983471
INFO - 03/19/19 20:24:37 - 0:18:28 - Found 1086 pairs of words in the dictionary (726 unique). 1397 other pairs contained at least one unknown word (248 in lang1, 1281 in lang2)
INFO - 03/19/19 20:25:44 - 0:19:35 - 726 source words - csls_knn_10 - Precision at k = 1: 3.856749
INFO - 03/19/19 20:25:44 - 0:19:35 - 726 source words - csls_knn_10 - Precision at k = 5: 9.366391
INFO - 03/19/19 20:25:44 - 0:19:35 - 726 source words - csls_knn_10 - Precision at k = 10: 11.983471
INFO - 03/19/19 20:25:47 - 0:19:38 - Building the train dictionary ...
INFO - 03/19/19 20:25:47 - 0:19:38 - New train dictionary of 7482 pairs.
INFO - 03/19/19 20:25:47 - 0:19:38 - Mean cosine (nn method, S2T build, 10000 max size): 0.43327
INFO - 03/19/19 20:28:07 - 0:21:58 - Building the train dictionary ...
INFO - 03/19/19 20:28:07 - 0:21:58 - New train dictionary of 6540 pairs.
INFO - 03/19/19 20:28:07 - 0:21:58 - Mean cosine (csls_knn_10 method, S2T build, 10000 max size): 0.43370
INFO - 03/19/19 20:28:07 - 0:21:58 - __log__:{"n_iter": 3, "tgt_ws_monolingual_scores": 0.24237067221357744, "tgt_EN_RW-STANFORD": 0.20955212524132497, "tgt_EN_WS-353-ALL": 0.23867812141833297, "tgt_EN_RG-65": 0.12727272727272726, "tgt_EN_VERB-143": 0.17639650339782434, "tgt_EN_MEN-TR-3k": 0.23876928337696618, "tgt_EN_WS-353-SIM": 0.3660160443479225, "tgt_EN_SEMEVAL17": 0.2682345872908543, "tgt_EN_YP-130": 0.1354799909482967, "tgt_EN_MC-30": 0.5833333333333334, "tgt_EN_SIMLEX-999": 0.17029639249727843, "tgt_EN_MTurk-287": 0.24227933172153163, "tgt_EN_WS-353-REL": 0.15623928372260212, "tgt_EN_MTurk-771": 0.238271014207512, "precision_at_1-nn": 3.443526170798898, "precision_at_5-nn": 7.43801652892562, "precision_at_10-nn": 11.983471074380166, "precision_at_1-csls_knn_10": 3.8567493112947657, "precision_at_5-csls_knn_10": 9.366391184573002, "precision_at_10-csls_knn_10": 11.983471074380166, "mean_cosine-nn-S2T-10000": 0.4332745373249054, "mean_cosine-csls_knn_10-S2T-10000": 0.4337025582790375}
INFO - 03/19/19 20:28:07 - 0:21:58 - End of iteration 3.
                                     
                                     
INFO - 03/19/19 20:28:07 - 0:21:58 - Starting iteration 4...
INFO - 03/19/19 20:28:07 - 0:21:58 - Building the train dictionary ...
INFO - 03/19/19 20:30:23 - 0:24:13 - New train dictionary of 1851 pairs.
INFO - 03/19/19 20:30:34 - 0:24:24 - ====================================================================
INFO - 03/19/19 20:30:34 - 0:24:24 -                        Dataset      Found     Not found          Rho
INFO - 03/19/19 20:30:34 - 0:24:24 - ====================================================================
INFO - 03/19/19 20:30:34 - 0:24:24 -                 EN_RW-STANFORD        296          1738       0.2096
INFO - 03/19/19 20:30:34 - 0:24:24 -                  EN_WS-353-ALL        219           134       0.2387
INFO - 03/19/19 20:30:34 - 0:24:24 -                       EN_RG-65         10            55       0.1273
INFO - 03/19/19 20:30:34 - 0:24:24 -                    EN_VERB-143        127            17       0.1764
INFO - 03/19/19 20:30:34 - 0:24:24 -                   EN_MEN-TR-3k       1226          1774       0.2388
INFO - 03/19/19 20:30:34 - 0:24:24 -                  EN_WS-353-SIM        125            78       0.3660
INFO - 03/19/19 20:30:34 - 0:24:24 -                   EN_SEMEVAL17        160           228       0.2682
INFO - 03/19/19 20:30:34 - 0:24:24 -                      EN_YP-130         73            57       0.1355
INFO - 03/19/19 20:30:34 - 0:24:24 -                       EN_MC-30          9            21       0.5833
INFO - 03/19/19 20:30:34 - 0:24:24 -                  EN_SIMLEX-999        607           392       0.1703
INFO - 03/19/19 20:30:34 - 0:24:24 -                   EN_MTurk-287        101           186       0.2423
INFO - 03/19/19 20:30:34 - 0:24:25 -                  EN_WS-353-REL        163            89       0.1562
INFO - 03/19/19 20:30:34 - 0:24:25 -                   EN_MTurk-771        459           312       0.2383
INFO - 03/19/19 20:30:34 - 0:24:25 - ====================================================================
INFO - 03/19/19 20:30:34 - 0:24:25 - Monolingual target word similarity score average: 0.24237
INFO - 03/19/19 20:30:34 - 0:24:25 - Found 1086 pairs of words in the dictionary (726 unique). 1397 other pairs contained at least one unknown word (248 in lang1, 1281 in lang2)
INFO - 03/19/19 20:30:34 - 0:24:25 - 726 source words - nn - Precision at k = 1: 3.719008
INFO - 03/19/19 20:30:34 - 0:24:25 - 726 source words - nn - Precision at k = 5: 7.575758
INFO - 03/19/19 20:30:34 - 0:24:25 - 726 source words - nn - Precision at k = 10: 10.743802
INFO - 03/19/19 20:30:34 - 0:24:25 - Found 1086 pairs of words in the dictionary (726 unique). 1397 other pairs contained at least one unknown word (248 in lang1, 1281 in lang2)
INFO - 03/19/19 20:31:41 - 0:25:31 - 726 source words - csls_knn_10 - Precision at k = 1: 3.719008
INFO - 03/19/19 20:31:41 - 0:25:31 - 726 source words - csls_knn_10 - Precision at k = 5: 9.504132
INFO - 03/19/19 20:31:41 - 0:25:31 - 726 source words - csls_knn_10 - Precision at k = 10: 12.947658
INFO - 03/19/19 20:31:43 - 0:25:33 - Building the train dictionary ...
INFO - 03/19/19 20:31:43 - 0:25:33 - New train dictionary of 7554 pairs.
INFO - 03/19/19 20:31:43 - 0:25:33 - Mean cosine (nn method, S2T build, 10000 max size): 0.43565
INFO - 03/19/19 20:34:09 - 0:27:59 - Building the train dictionary ...
INFO - 03/19/19 20:34:09 - 0:28:00 - New train dictionary of 6586 pairs.
INFO - 03/19/19 20:34:09 - 0:28:00 - Mean cosine (csls_knn_10 method, S2T build, 10000 max size): 0.43609
INFO - 03/19/19 20:34:09 - 0:28:00 - __log__:{"n_iter": 4, "tgt_ws_monolingual_scores": 0.24237067221357744, "tgt_EN_RW-STANFORD": 0.20955212524132497, "tgt_EN_WS-353-ALL": 0.23867812141833297, "tgt_EN_RG-65": 0.12727272727272726, "tgt_EN_VERB-143": 0.17639650339782434, "tgt_EN_MEN-TR-3k": 0.23876928337696618, "tgt_EN_WS-353-SIM": 0.3660160443479225, "tgt_EN_SEMEVAL17": 0.2682345872908543, "tgt_EN_YP-130": 0.1354799909482967, "tgt_EN_MC-30": 0.5833333333333334, "tgt_EN_SIMLEX-999": 0.17029639249727843, "tgt_EN_MTurk-287": 0.24227933172153163, "tgt_EN_WS-353-REL": 0.15623928372260212, "tgt_EN_MTurk-771": 0.238271014207512, "precision_at_1-nn": 3.71900826446281, "precision_at_5-nn": 7.575757575757576, "precision_at_10-nn": 10.743801652892563, "precision_at_1-csls_knn_10": 3.71900826446281, "precision_at_5-csls_knn_10": 9.50413223140496, "precision_at_10-csls_knn_10": 12.947658402203857, "mean_cosine-nn-S2T-10000": 0.4356519877910614, "mean_cosine-csls_knn_10-S2T-10000": 0.43608638644218445}
INFO - 03/19/19 20:34:09 - 0:28:00 - End of iteration 4.
                                     
                                     
INFO - 03/19/19 20:34:09 - 0:28:00 - Starting iteration 5...
INFO - 03/19/19 20:34:09 - 0:28:00 - Building the train dictionary ...
INFO - 03/19/19 20:36:24 - 0:30:15 - New train dictionary of 1898 pairs.
INFO - 03/19/19 20:36:35 - 0:30:26 - ====================================================================
INFO - 03/19/19 20:36:35 - 0:30:26 -                        Dataset      Found     Not found          Rho
INFO - 03/19/19 20:36:35 - 0:30:26 - ====================================================================
INFO - 03/19/19 20:36:35 - 0:30:26 -                 EN_RW-STANFORD        296          1738       0.2096
INFO - 03/19/19 20:36:35 - 0:30:26 -                  EN_WS-353-ALL        219           134       0.2387
INFO - 03/19/19 20:36:35 - 0:30:26 -                       EN_RG-65         10            55       0.1273
INFO - 03/19/19 20:36:35 - 0:30:26 -                    EN_VERB-143        127            17       0.1764
INFO - 03/19/19 20:36:36 - 0:30:26 -                   EN_MEN-TR-3k       1226          1774       0.2388
INFO - 03/19/19 20:36:36 - 0:30:26 -                  EN_WS-353-SIM        125            78       0.3660
INFO - 03/19/19 20:36:36 - 0:30:26 -                   EN_SEMEVAL17        160           228       0.2682
INFO - 03/19/19 20:36:36 - 0:30:26 -                      EN_YP-130         73            57       0.1355
INFO - 03/19/19 20:36:36 - 0:30:26 -                       EN_MC-30          9            21       0.5833
INFO - 03/19/19 20:36:36 - 0:30:26 -                  EN_SIMLEX-999        607           392       0.1703
INFO - 03/19/19 20:36:36 - 0:30:26 -                   EN_MTurk-287        101           186       0.2423
INFO - 03/19/19 20:36:36 - 0:30:26 -                  EN_WS-353-REL        163            89       0.1562
INFO - 03/19/19 20:36:36 - 0:30:26 -                   EN_MTurk-771        459           312       0.2383
INFO - 03/19/19 20:36:36 - 0:30:26 - ====================================================================
INFO - 03/19/19 20:36:36 - 0:30:26 - Monolingual target word similarity score average: 0.24237
INFO - 03/19/19 20:36:36 - 0:30:26 - Found 1086 pairs of words in the dictionary (726 unique). 1397 other pairs contained at least one unknown word (248 in lang1, 1281 in lang2)
INFO - 03/19/19 20:36:36 - 0:30:27 - 726 source words - nn - Precision at k = 1: 3.856749
INFO - 03/19/19 20:36:36 - 0:30:27 - 726 source words - nn - Precision at k = 5: 7.713499
INFO - 03/19/19 20:36:36 - 0:30:27 - 726 source words - nn - Precision at k = 10: 11.432507
INFO - 03/19/19 20:36:36 - 0:30:27 - Found 1086 pairs of words in the dictionary (726 unique). 1397 other pairs contained at least one unknown word (248 in lang1, 1281 in lang2)
INFO - 03/19/19 20:37:40 - 0:31:30 - 726 source words - csls_knn_10 - Precision at k = 1: 3.719008
INFO - 03/19/19 20:37:40 - 0:31:30 - 726 source words - csls_knn_10 - Precision at k = 5: 9.228650
INFO - 03/19/19 20:37:40 - 0:31:30 - 726 source words - csls_knn_10 - Precision at k = 10: 12.672176
INFO - 03/19/19 20:37:42 - 0:31:33 - Building the train dictionary ...
INFO - 03/19/19 20:37:42 - 0:31:33 - New train dictionary of 7535 pairs.
INFO - 03/19/19 20:37:42 - 0:31:33 - Mean cosine (nn method, S2T build, 10000 max size): 0.43745
INFO - 03/19/19 20:40:07 - 0:33:58 - Building the train dictionary ...
INFO - 03/19/19 20:40:07 - 0:33:58 - New train dictionary of 6623 pairs.
INFO - 03/19/19 20:40:07 - 0:33:58 - Mean cosine (csls_knn_10 method, S2T build, 10000 max size): 0.43778
INFO - 03/19/19 20:40:07 - 0:33:58 - __log__:{"n_iter": 5, "tgt_ws_monolingual_scores": 0.24237067221357744, "tgt_EN_RW-STANFORD": 0.20955212524132497, "tgt_EN_WS-353-ALL": 0.23867812141833297, "tgt_EN_RG-65": 0.12727272727272726, "tgt_EN_VERB-143": 0.17639650339782434, "tgt_EN_MEN-TR-3k": 0.23876928337696618, "tgt_EN_WS-353-SIM": 0.3660160443479225, "tgt_EN_SEMEVAL17": 0.2682345872908543, "tgt_EN_YP-130": 0.1354799909482967, "tgt_EN_MC-30": 0.5833333333333334, "tgt_EN_SIMLEX-999": 0.17029639249727843, "tgt_EN_MTurk-287": 0.24227933172153163, "tgt_EN_WS-353-REL": 0.15623928372260212, "tgt_EN_MTurk-771": 0.238271014207512, "precision_at_1-nn": 3.8567493112947657, "precision_at_5-nn": 7.7134986225895315, "precision_at_10-nn": 11.432506887052343, "precision_at_1-csls_knn_10": 3.71900826446281, "precision_at_5-csls_knn_10": 9.228650137741047, "precision_at_10-csls_knn_10": 12.672176308539946, "mean_cosine-nn-S2T-10000": 0.4374493956565857, "mean_cosine-csls_knn_10-S2T-10000": 0.43777891993522644}
INFO - 03/19/19 20:40:07 - 0:33:58 - End of iteration 5.
                                     
                                     
INFO - 03/19/19 20:40:07 - 0:33:58 - * Reloading the best model from /data/home/pyliao/bridge-with-l2/MUSE/dumped/supervised/jt72limayr/best_mapping.pth ...
INFO - 03/19/19 20:40:07 - 0:33:58 - Reloading all embeddings for mapping ...
INFO - 03/19/19 20:40:21 - 0:34:11 - Loaded 50101 pre-trained word embeddings.
INFO - 03/19/19 20:40:28 - 0:34:18 - Loaded 29217 pre-trained word embeddings.
INFO - 03/19/19 20:40:28 - 0:34:19 - Map source embeddings to the target space ...
INFO - 03/19/19 20:40:28 - 0:34:19 - Writing source embeddings to /data/home/pyliao/bridge-with-l2/MUSE/dumped/supervised/jt72limayr/vectors-zh.txt ...
INFO - 03/19/19 20:42:18 - 0:36:09 - Writing target embeddings to /data/home/pyliao/bridge-with-l2/MUSE/dumped/supervised/jt72limayr/vectors-en.txt ...
