INFO - 03/20/19 14:59:40 - 0:00:00 - ============ Initialized logger ============
INFO - 03/20/19 14:59:40 - 0:00:00 - cuda: True
                                     dico_eval: default
                                     emb_dim: 300
                                     exp_id: 
                                     exp_name: monolingual_arxiv-en-en-150K-5
                                     exp_path: /data/home/pyliao/bridge-with-l2/MUSE/dumped/monolingual_arxiv-en-en-150K-5/n4hoexzfsb
                                     max_vocab: 40000
                                     normalize_embeddings: 
                                     src_emb: project/data/arxiv_en_en_150K_5.word2vec.vec
                                     src_lang: en
                                     tgt_emb: 
                                     tgt_lang: 
                                     verbose: 2
INFO - 03/20/19 14:59:40 - 0:00:00 - The experiment will be stored in /data/home/pyliao/bridge-with-l2/MUSE/dumped/monolingual_arxiv-en-en-150K-5/n4hoexzfsb
INFO - 03/20/19 14:59:48 - 0:00:09 - Loaded 33601 pre-trained word embeddings.
INFO - 03/20/19 15:00:01 - 0:00:21 - ====================================================================
INFO - 03/20/19 15:00:01 - 0:00:21 -                        Dataset      Found     Not found          Rho
INFO - 03/20/19 15:00:01 - 0:00:21 - ====================================================================
INFO - 03/20/19 15:00:01 - 0:00:21 -                 EN_RW-STANFORD        393          1641       0.1701
INFO - 03/20/19 15:00:01 - 0:00:21 -                  EN_WS-353-ALL        228           125       0.3209
INFO - 03/20/19 15:00:01 - 0:00:21 -                       EN_RG-65         15            50      -0.1964
INFO - 03/20/19 15:00:01 - 0:00:21 -                    EN_VERB-143        135             9       0.1308
INFO - 03/20/19 15:00:01 - 0:00:21 -                   EN_MEN-TR-3k       1407          1593       0.1981
INFO - 03/20/19 15:00:01 - 0:00:21 -                  EN_WS-353-SIM        124            79       0.4239
INFO - 03/20/19 15:00:01 - 0:00:21 -                   EN_SEMEVAL17        163           225       0.0753
INFO - 03/20/19 15:00:01 - 0:00:21 -                      EN_YP-130         74            56       0.1433
INFO - 03/20/19 15:00:01 - 0:00:21 -                       EN_MC-30          8            22       0.0000
INFO - 03/20/19 15:00:01 - 0:00:21 -                  EN_SIMLEX-999        631           368       0.1112
INFO - 03/20/19 15:00:01 - 0:00:21 -                   EN_MTurk-287        114           173       0.0766
INFO - 03/20/19 15:00:01 - 0:00:21 -                  EN_WS-353-REL        169            83       0.2320
INFO - 03/20/19 15:00:01 - 0:00:22 -                   EN_MTurk-771        516           255       0.1572
INFO - 03/20/19 15:00:01 - 0:00:22 - ====================================================================
INFO - 03/20/19 15:00:01 - 0:00:22 - Monolingual source word similarity score average: 0.14177
