INFO - 03/19/19 07:34:25 - 0:00:00 - ============ Initialized logger ============
INFO - 03/19/19 07:34:25 - 0:00:00 - cuda: True
                                     dico_build: S2T&T2S
                                     dico_eval: default
                                     dico_max_rank: 10000
                                     dico_max_size: 0
                                     dico_method: csls_knn_10
                                     dico_min_size: 0
                                     dico_threshold: 0
                                     dico_train: default
                                     emb_dim: 300
                                     exp_id: 
                                     exp_name: supervised
                                     exp_path: /data/home/pyliao/bridge-with-l2/MUSE/dumped/supervised/6sxbl76mpb
                                     export: txt
                                     max_vocab: 40000
                                     n_refinement: 5
                                     normalize_embeddings: center
                                     seed: -1
                                     src_emb: project/data/wiki_zh_zh_880K_5.word2vec.vec
                                     src_lang: zh
                                     tgt_emb: project/data/arxiv_zh_en_880K_5.word2vec.vec
                                     tgt_lang: en
                                     verbose: 2
INFO - 03/19/19 07:34:25 - 0:00:00 - The experiment will be stored in /data/home/pyliao/bridge-with-l2/MUSE/dumped/supervised/6sxbl76mpb
INFO - 03/19/19 07:34:32 - 0:00:07 - Loaded 40000 pre-trained word embeddings.
INFO - 03/19/19 07:34:43 - 0:00:19 - Loaded 40000 pre-trained word embeddings.
INFO - 03/19/19 07:34:44 - 0:00:19 - Found 6003 pairs of words in the dictionary (3567 unique). 2888 other pairs contained at least one unknown word (886 in lang1, 2383 in lang2)
INFO - 03/19/19 07:34:44 - 0:00:19 - Validation metric: precision_at_1-csls_knn_10
INFO - 03/19/19 07:34:44 - 0:00:19 - Starting iteration 0...
INFO - 03/19/19 07:34:51 - 0:00:26 - ====================================================================
INFO - 03/19/19 07:34:51 - 0:00:26 -                        Dataset      Found     Not found          Rho
INFO - 03/19/19 07:34:51 - 0:00:26 - ====================================================================
INFO - 03/19/19 07:34:51 - 0:00:26 -                 EN_RW-STANFORD        350          1684       0.2266
INFO - 03/19/19 07:34:51 - 0:00:26 -                  EN_WS-353-ALL        239           114       0.2185
INFO - 03/19/19 07:34:51 - 0:00:26 -                       EN_RG-65         17            48       0.1740
INFO - 03/19/19 07:34:51 - 0:00:26 -                    EN_VERB-143        132            12       0.2408
INFO - 03/19/19 07:34:51 - 0:00:26 -                   EN_MEN-TR-3k       1479          1521       0.2838
INFO - 03/19/19 07:34:51 - 0:00:26 -                  EN_WS-353-SIM        133            70       0.3998
INFO - 03/19/19 07:34:51 - 0:00:26 -                   EN_SEMEVAL17        179           209       0.3034
INFO - 03/19/19 07:34:51 - 0:00:26 -                      EN_YP-130         78            52       0.1386
INFO - 03/19/19 07:34:51 - 0:00:26 -                       EN_MC-30         12            18       0.5079
INFO - 03/19/19 07:34:51 - 0:00:26 -                  EN_SIMLEX-999        658           341       0.1728
INFO - 03/19/19 07:34:51 - 0:00:26 -                   EN_MTurk-287        120           167       0.2585
INFO - 03/19/19 07:34:51 - 0:00:26 -                  EN_WS-353-REL        179            73       0.1355
INFO - 03/19/19 07:34:51 - 0:00:26 -                   EN_MTurk-771        512           259       0.2512
INFO - 03/19/19 07:34:51 - 0:00:26 - ====================================================================
INFO - 03/19/19 07:34:51 - 0:00:26 - Monolingual target word similarity score average: 0.25471
INFO - 03/19/19 07:34:51 - 0:00:26 - Found 1131 pairs of words in the dictionary (726 unique). 1352 other pairs contained at least one unknown word (498 in lang1, 1139 in lang2)
INFO - 03/19/19 07:34:51 - 0:00:26 - 726 source words - nn - Precision at k = 1: 4.545455
INFO - 03/19/19 07:34:51 - 0:00:26 - 726 source words - nn - Precision at k = 5: 10.881543
INFO - 03/19/19 07:34:51 - 0:00:26 - 726 source words - nn - Precision at k = 10: 14.738292
INFO - 03/19/19 07:34:51 - 0:00:26 - Found 1131 pairs of words in the dictionary (726 unique). 1352 other pairs contained at least one unknown word (498 in lang1, 1139 in lang2)
INFO - 03/19/19 07:35:50 - 0:01:25 - 726 source words - csls_knn_10 - Precision at k = 1: 5.371901
INFO - 03/19/19 07:35:50 - 0:01:25 - 726 source words - csls_knn_10 - Precision at k = 5: 11.157025
INFO - 03/19/19 07:35:50 - 0:01:25 - 726 source words - csls_knn_10 - Precision at k = 10: 15.013774
INFO - 03/19/19 07:35:52 - 0:01:27 - Building the train dictionary ...
INFO - 03/19/19 07:35:52 - 0:01:27 - New train dictionary of 7437 pairs.
INFO - 03/19/19 07:35:52 - 0:01:27 - Mean cosine (nn method, S2T build, 10000 max size): 0.44523
INFO - 03/19/19 07:37:49 - 0:03:24 - Building the train dictionary ...
INFO - 03/19/19 07:37:49 - 0:03:24 - New train dictionary of 6554 pairs.
INFO - 03/19/19 07:37:49 - 0:03:24 - Mean cosine (csls_knn_10 method, S2T build, 10000 max size): 0.44241
INFO - 03/19/19 07:37:49 - 0:03:24 - __log__:{"n_iter": 0, "tgt_ws_monolingual_scores": 0.2547077979845638, "tgt_EN_RW-STANFORD": 0.22656688097758057, "tgt_EN_WS-353-ALL": 0.2184699731719311, "tgt_EN_RG-65": 0.17401960784313728, "tgt_EN_VERB-143": 0.24084613272272626, "tgt_EN_MEN-TR-3k": 0.2837881144276605, "tgt_EN_WS-353-SIM": 0.3998132969478484, "tgt_EN_SEMEVAL17": 0.3033775065879814, "tgt_EN_YP-130": 0.13860058267398082, "tgt_EN_MC-30": 0.5078816895453011, "tgt_EN_SIMLEX-999": 0.1727504295502741, "tgt_EN_MTurk-287": 0.2584666901145348, "tgt_EN_WS-353-REL": 0.13546127273756328, "tgt_EN_MTurk-771": 0.25115919649880974, "precision_at_1-nn": 4.545454545454546, "precision_at_5-nn": 10.881542699724518, "precision_at_10-nn": 14.738292011019283, "precision_at_1-csls_knn_10": 5.371900826446281, "precision_at_5-csls_knn_10": 11.15702479338843, "precision_at_10-csls_knn_10": 15.013774104683195, "mean_cosine-nn-S2T-10000": 0.4452298879623413, "mean_cosine-csls_knn_10-S2T-10000": 0.44241127371788025}
INFO - 03/19/19 07:37:49 - 0:03:24 - * Best value for "precision_at_1-csls_knn_10": 5.37190
INFO - 03/19/19 07:37:49 - 0:03:24 - * Saving the mapping to /data/home/pyliao/bridge-with-l2/MUSE/dumped/supervised/6sxbl76mpb/best_mapping.pth ...
INFO - 03/19/19 07:37:49 - 0:03:24 - End of iteration 0.
                                     
                                     
INFO - 03/19/19 07:37:49 - 0:03:24 - Starting iteration 1...
INFO - 03/19/19 07:37:49 - 0:03:24 - Building the train dictionary ...
INFO - 03/19/19 07:39:55 - 0:05:30 - New train dictionary of 2145 pairs.
INFO - 03/19/19 07:40:03 - 0:05:38 - ====================================================================
INFO - 03/19/19 07:40:03 - 0:05:38 -                        Dataset      Found     Not found          Rho
INFO - 03/19/19 07:40:03 - 0:05:38 - ====================================================================
INFO - 03/19/19 07:40:03 - 0:05:38 -                 EN_RW-STANFORD        350          1684       0.2266
INFO - 03/19/19 07:40:03 - 0:05:38 -                  EN_WS-353-ALL        239           114       0.2185
INFO - 03/19/19 07:40:03 - 0:05:38 -                       EN_RG-65         17            48       0.1740
INFO - 03/19/19 07:40:03 - 0:05:38 -                    EN_VERB-143        132            12       0.2408
INFO - 03/19/19 07:40:03 - 0:05:38 -                   EN_MEN-TR-3k       1479          1521       0.2838
INFO - 03/19/19 07:40:03 - 0:05:38 -                  EN_WS-353-SIM        133            70       0.3998
INFO - 03/19/19 07:40:03 - 0:05:38 -                   EN_SEMEVAL17        179           209       0.3034
INFO - 03/19/19 07:40:03 - 0:05:38 -                      EN_YP-130         78            52       0.1386
INFO - 03/19/19 07:40:03 - 0:05:38 -                       EN_MC-30         12            18       0.5079
INFO - 03/19/19 07:40:03 - 0:05:38 -                  EN_SIMLEX-999        658           341       0.1728
INFO - 03/19/19 07:40:03 - 0:05:38 -                   EN_MTurk-287        120           167       0.2585
INFO - 03/19/19 07:40:03 - 0:05:38 -                  EN_WS-353-REL        179            73       0.1355
INFO - 03/19/19 07:40:03 - 0:05:38 -                   EN_MTurk-771        512           259       0.2512
INFO - 03/19/19 07:40:03 - 0:05:38 - ====================================================================
INFO - 03/19/19 07:40:03 - 0:05:38 - Monolingual target word similarity score average: 0.25471
INFO - 03/19/19 07:40:04 - 0:05:39 - Found 1131 pairs of words in the dictionary (726 unique). 1352 other pairs contained at least one unknown word (498 in lang1, 1139 in lang2)
INFO - 03/19/19 07:40:04 - 0:05:39 - 726 source words - nn - Precision at k = 1: 4.820937
INFO - 03/19/19 07:40:04 - 0:05:39 - 726 source words - nn - Precision at k = 5: 9.090909
INFO - 03/19/19 07:40:04 - 0:05:39 - 726 source words - nn - Precision at k = 10: 13.911846
INFO - 03/19/19 07:40:04 - 0:05:39 - Found 1131 pairs of words in the dictionary (726 unique). 1352 other pairs contained at least one unknown word (498 in lang1, 1139 in lang2)
INFO - 03/19/19 07:41:26 - 0:07:01 - 726 source words - csls_knn_10 - Precision at k = 1: 4.269972
INFO - 03/19/19 07:41:26 - 0:07:01 - 726 source words - csls_knn_10 - Precision at k = 5: 10.743802
INFO - 03/19/19 07:41:26 - 0:07:01 - 726 source words - csls_knn_10 - Precision at k = 10: 14.049587
INFO - 03/19/19 07:41:29 - 0:07:04 - Building the train dictionary ...
INFO - 03/19/19 07:41:29 - 0:07:04 - New train dictionary of 7673 pairs.
INFO - 03/19/19 07:41:29 - 0:07:04 - Mean cosine (nn method, S2T build, 10000 max size): 0.46476
INFO - 03/19/19 07:44:57 - 0:10:32 - Building the train dictionary ...
INFO - 03/19/19 07:44:57 - 0:10:32 - New train dictionary of 6938 pairs.
INFO - 03/19/19 07:44:57 - 0:10:32 - Mean cosine (csls_knn_10 method, S2T build, 10000 max size): 0.46234
INFO - 03/19/19 07:44:57 - 0:10:32 - __log__:{"n_iter": 1, "tgt_ws_monolingual_scores": 0.2547077979845638, "tgt_EN_RW-STANFORD": 0.22656688097758057, "tgt_EN_WS-353-ALL": 0.2184699731719311, "tgt_EN_RG-65": 0.17401960784313728, "tgt_EN_VERB-143": 0.24084613272272626, "tgt_EN_MEN-TR-3k": 0.2837881144276605, "tgt_EN_WS-353-SIM": 0.3998132969478484, "tgt_EN_SEMEVAL17": 0.3033775065879814, "tgt_EN_YP-130": 0.13860058267398082, "tgt_EN_MC-30": 0.5078816895453011, "tgt_EN_SIMLEX-999": 0.1727504295502741, "tgt_EN_MTurk-287": 0.2584666901145348, "tgt_EN_WS-353-REL": 0.13546127273756328, "tgt_EN_MTurk-771": 0.25115919649880974, "precision_at_1-nn": 4.820936639118457, "precision_at_5-nn": 9.090909090909092, "precision_at_10-nn": 13.911845730027547, "precision_at_1-csls_knn_10": 4.2699724517906334, "precision_at_5-csls_knn_10": 10.743801652892563, "precision_at_10-csls_knn_10": 14.049586776859504, "mean_cosine-nn-S2T-10000": 0.4647633135318756, "mean_cosine-csls_knn_10-S2T-10000": 0.4623437821865082}
INFO - 03/19/19 07:44:57 - 0:10:32 - End of iteration 1.
                                     
                                     
INFO - 03/19/19 07:44:57 - 0:10:32 - Starting iteration 2...
INFO - 03/19/19 07:44:57 - 0:10:32 - Building the train dictionary ...
INFO - 03/19/19 07:48:29 - 0:14:04 - New train dictionary of 2552 pairs.
INFO - 03/19/19 07:48:43 - 0:14:18 - ====================================================================
INFO - 03/19/19 07:48:43 - 0:14:18 -                        Dataset      Found     Not found          Rho
INFO - 03/19/19 07:48:43 - 0:14:18 - ====================================================================
INFO - 03/19/19 07:48:43 - 0:14:18 -                 EN_RW-STANFORD        350          1684       0.2266
INFO - 03/19/19 07:48:43 - 0:14:18 -                  EN_WS-353-ALL        239           114       0.2185
INFO - 03/19/19 07:48:43 - 0:14:18 -                       EN_RG-65         17            48       0.1740
INFO - 03/19/19 07:48:43 - 0:14:18 -                    EN_VERB-143        132            12       0.2408
INFO - 03/19/19 07:48:43 - 0:14:18 -                   EN_MEN-TR-3k       1479          1521       0.2838
INFO - 03/19/19 07:48:43 - 0:14:18 -                  EN_WS-353-SIM        133            70       0.3998
INFO - 03/19/19 07:48:43 - 0:14:18 -                   EN_SEMEVAL17        179           209       0.3034
INFO - 03/19/19 07:48:43 - 0:14:18 -                      EN_YP-130         78            52       0.1386
INFO - 03/19/19 07:48:43 - 0:14:18 -                       EN_MC-30         12            18       0.5079
INFO - 03/19/19 07:48:43 - 0:14:18 -                  EN_SIMLEX-999        658           341       0.1728
INFO - 03/19/19 07:48:43 - 0:14:18 -                   EN_MTurk-287        120           167       0.2585
INFO - 03/19/19 07:48:43 - 0:14:18 -                  EN_WS-353-REL        179            73       0.1355
INFO - 03/19/19 07:48:43 - 0:14:18 -                   EN_MTurk-771        512           259       0.2512
INFO - 03/19/19 07:48:43 - 0:14:18 - ====================================================================
INFO - 03/19/19 07:48:43 - 0:14:18 - Monolingual target word similarity score average: 0.25471
INFO - 03/19/19 07:48:43 - 0:14:18 - Found 1131 pairs of words in the dictionary (726 unique). 1352 other pairs contained at least one unknown word (498 in lang1, 1139 in lang2)
INFO - 03/19/19 07:48:43 - 0:14:19 - 726 source words - nn - Precision at k = 1: 4.820937
INFO - 03/19/19 07:48:43 - 0:14:19 - 726 source words - nn - Precision at k = 5: 9.779614
INFO - 03/19/19 07:48:43 - 0:14:19 - 726 source words - nn - Precision at k = 10: 13.223140
INFO - 03/19/19 07:48:43 - 0:14:19 - Found 1131 pairs of words in the dictionary (726 unique). 1352 other pairs contained at least one unknown word (498 in lang1, 1139 in lang2)
INFO - 03/19/19 07:50:37 - 0:16:12 - 726 source words - csls_knn_10 - Precision at k = 1: 4.683196
INFO - 03/19/19 07:50:37 - 0:16:12 - 726 source words - csls_knn_10 - Precision at k = 5: 10.606061
INFO - 03/19/19 07:50:37 - 0:16:12 - 726 source words - csls_knn_10 - Precision at k = 10: 13.911846
INFO - 03/19/19 07:50:42 - 0:16:17 - Building the train dictionary ...
INFO - 03/19/19 07:50:42 - 0:16:17 - New train dictionary of 7719 pairs.
INFO - 03/19/19 07:50:42 - 0:16:17 - Mean cosine (nn method, S2T build, 10000 max size): 0.46969
INFO - 03/19/19 07:54:31 - 0:20:07 - Building the train dictionary ...
INFO - 03/19/19 07:54:31 - 0:20:07 - New train dictionary of 6987 pairs.
INFO - 03/19/19 07:54:31 - 0:20:07 - Mean cosine (csls_knn_10 method, S2T build, 10000 max size): 0.46746
INFO - 03/19/19 07:54:31 - 0:20:07 - __log__:{"n_iter": 2, "tgt_ws_monolingual_scores": 0.2547077979845638, "tgt_EN_RW-STANFORD": 0.22656688097758057, "tgt_EN_WS-353-ALL": 0.2184699731719311, "tgt_EN_RG-65": 0.17401960784313728, "tgt_EN_VERB-143": 0.24084613272272626, "tgt_EN_MEN-TR-3k": 0.2837881144276605, "tgt_EN_WS-353-SIM": 0.3998132969478484, "tgt_EN_SEMEVAL17": 0.3033775065879814, "tgt_EN_YP-130": 0.13860058267398082, "tgt_EN_MC-30": 0.5078816895453011, "tgt_EN_SIMLEX-999": 0.1727504295502741, "tgt_EN_MTurk-287": 0.2584666901145348, "tgt_EN_WS-353-REL": 0.13546127273756328, "tgt_EN_MTurk-771": 0.25115919649880974, "precision_at_1-nn": 4.820936639118457, "precision_at_5-nn": 9.77961432506887, "precision_at_10-nn": 13.223140495867769, "precision_at_1-csls_knn_10": 4.683195592286501, "precision_at_5-csls_knn_10": 10.606060606060606, "precision_at_10-csls_knn_10": 13.911845730027547, "mean_cosine-nn-S2T-10000": 0.46969112753868103, "mean_cosine-csls_knn_10-S2T-10000": 0.46745967864990234}
INFO - 03/19/19 07:54:32 - 0:20:07 - End of iteration 2.
                                     
                                     
INFO - 03/19/19 07:54:32 - 0:20:07 - Starting iteration 3...
INFO - 03/19/19 07:54:32 - 0:20:07 - Building the train dictionary ...
INFO - 03/19/19 07:58:12 - 0:23:48 - New train dictionary of 2696 pairs.
INFO - 03/19/19 07:58:24 - 0:23:59 - ====================================================================
INFO - 03/19/19 07:58:24 - 0:23:59 -                        Dataset      Found     Not found          Rho
INFO - 03/19/19 07:58:24 - 0:23:59 - ====================================================================
INFO - 03/19/19 07:58:24 - 0:23:59 -                 EN_RW-STANFORD        350          1684       0.2266
INFO - 03/19/19 07:58:24 - 0:23:59 -                  EN_WS-353-ALL        239           114       0.2185
INFO - 03/19/19 07:58:24 - 0:23:59 -                       EN_RG-65         17            48       0.1740
INFO - 03/19/19 07:58:24 - 0:23:59 -                    EN_VERB-143        132            12       0.2408
INFO - 03/19/19 07:58:24 - 0:23:59 -                   EN_MEN-TR-3k       1479          1521       0.2838
INFO - 03/19/19 07:58:24 - 0:23:59 -                  EN_WS-353-SIM        133            70       0.3998
INFO - 03/19/19 07:58:24 - 0:23:59 -                   EN_SEMEVAL17        179           209       0.3034
INFO - 03/19/19 07:58:24 - 0:23:59 -                      EN_YP-130         78            52       0.1386
INFO - 03/19/19 07:58:24 - 0:23:59 -                       EN_MC-30         12            18       0.5079
INFO - 03/19/19 07:58:24 - 0:23:59 -                  EN_SIMLEX-999        658           341       0.1728
INFO - 03/19/19 07:58:24 - 0:24:00 -                   EN_MTurk-287        120           167       0.2585
INFO - 03/19/19 07:58:24 - 0:24:00 -                  EN_WS-353-REL        179            73       0.1355
INFO - 03/19/19 07:58:24 - 0:24:00 -                   EN_MTurk-771        512           259       0.2512
INFO - 03/19/19 07:58:24 - 0:24:00 - ====================================================================
INFO - 03/19/19 07:58:24 - 0:24:00 - Monolingual target word similarity score average: 0.25471
INFO - 03/19/19 07:58:25 - 0:24:00 - Found 1131 pairs of words in the dictionary (726 unique). 1352 other pairs contained at least one unknown word (498 in lang1, 1139 in lang2)
INFO - 03/19/19 07:58:25 - 0:24:00 - 726 source words - nn - Precision at k = 1: 4.820937
INFO - 03/19/19 07:58:25 - 0:24:00 - 726 source words - nn - Precision at k = 5: 9.504132
INFO - 03/19/19 07:58:25 - 0:24:00 - 726 source words - nn - Precision at k = 10: 12.947658
INFO - 03/19/19 07:58:25 - 0:24:00 - Found 1131 pairs of words in the dictionary (726 unique). 1352 other pairs contained at least one unknown word (498 in lang1, 1139 in lang2)
INFO - 03/19/19 07:59:58 - 0:25:33 - 726 source words - csls_knn_10 - Precision at k = 1: 4.269972
INFO - 03/19/19 07:59:58 - 0:25:33 - 726 source words - csls_knn_10 - Precision at k = 5: 10.606061
INFO - 03/19/19 07:59:58 - 0:25:33 - 726 source words - csls_knn_10 - Precision at k = 10: 13.498623
INFO - 03/19/19 08:00:01 - 0:25:36 - Building the train dictionary ...
INFO - 03/19/19 08:00:01 - 0:25:36 - New train dictionary of 7712 pairs.
INFO - 03/19/19 08:00:01 - 0:25:36 - Mean cosine (nn method, S2T build, 10000 max size): 0.47165
INFO - 03/19/19 08:03:14 - 0:28:49 - Building the train dictionary ...
INFO - 03/19/19 08:03:14 - 0:28:49 - New train dictionary of 7090 pairs.
INFO - 03/19/19 08:03:14 - 0:28:49 - Mean cosine (csls_knn_10 method, S2T build, 10000 max size): 0.46880
INFO - 03/19/19 08:03:14 - 0:28:49 - __log__:{"n_iter": 3, "tgt_ws_monolingual_scores": 0.2547077979845638, "tgt_EN_RW-STANFORD": 0.22656688097758057, "tgt_EN_WS-353-ALL": 0.2184699731719311, "tgt_EN_RG-65": 0.17401960784313728, "tgt_EN_VERB-143": 0.24084613272272626, "tgt_EN_MEN-TR-3k": 0.2837881144276605, "tgt_EN_WS-353-SIM": 0.3998132969478484, "tgt_EN_SEMEVAL17": 0.3033775065879814, "tgt_EN_YP-130": 0.13860058267398082, "tgt_EN_MC-30": 0.5078816895453011, "tgt_EN_SIMLEX-999": 0.1727504295502741, "tgt_EN_MTurk-287": 0.2584666901145348, "tgt_EN_WS-353-REL": 0.13546127273756328, "tgt_EN_MTurk-771": 0.25115919649880974, "precision_at_1-nn": 4.820936639118457, "precision_at_5-nn": 9.50413223140496, "precision_at_10-nn": 12.947658402203857, "precision_at_1-csls_knn_10": 4.2699724517906334, "precision_at_5-csls_knn_10": 10.606060606060606, "precision_at_10-csls_knn_10": 13.498622589531681, "mean_cosine-nn-S2T-10000": 0.4716522991657257, "mean_cosine-csls_knn_10-S2T-10000": 0.4688046872615814}
INFO - 03/19/19 08:03:14 - 0:28:49 - End of iteration 3.
                                     
                                     
INFO - 03/19/19 08:03:14 - 0:28:49 - Starting iteration 4...
INFO - 03/19/19 08:03:14 - 0:28:49 - Building the train dictionary ...
INFO - 03/19/19 08:06:25 - 0:32:00 - New train dictionary of 2777 pairs.
INFO - 03/19/19 08:06:37 - 0:32:12 - ====================================================================
INFO - 03/19/19 08:06:37 - 0:32:12 -                        Dataset      Found     Not found          Rho
INFO - 03/19/19 08:06:37 - 0:32:12 - ====================================================================
INFO - 03/19/19 08:06:37 - 0:32:12 -                 EN_RW-STANFORD        350          1684       0.2266
INFO - 03/19/19 08:06:37 - 0:32:12 -                  EN_WS-353-ALL        239           114       0.2185
INFO - 03/19/19 08:06:37 - 0:32:12 -                       EN_RG-65         17            48       0.1740
INFO - 03/19/19 08:06:37 - 0:32:12 -                    EN_VERB-143        132            12       0.2408
INFO - 03/19/19 08:06:37 - 0:32:12 -                   EN_MEN-TR-3k       1479          1521       0.2838
INFO - 03/19/19 08:06:37 - 0:32:12 -                  EN_WS-353-SIM        133            70       0.3998
INFO - 03/19/19 08:06:37 - 0:32:12 -                   EN_SEMEVAL17        179           209       0.3034
INFO - 03/19/19 08:06:37 - 0:32:12 -                      EN_YP-130         78            52       0.1386
INFO - 03/19/19 08:06:37 - 0:32:12 -                       EN_MC-30         12            18       0.5079
INFO - 03/19/19 08:06:37 - 0:32:12 -                  EN_SIMLEX-999        658           341       0.1728
INFO - 03/19/19 08:06:37 - 0:32:12 -                   EN_MTurk-287        120           167       0.2585
INFO - 03/19/19 08:06:37 - 0:32:12 -                  EN_WS-353-REL        179            73       0.1355
INFO - 03/19/19 08:06:37 - 0:32:12 -                   EN_MTurk-771        512           259       0.2512
INFO - 03/19/19 08:06:37 - 0:32:12 - ====================================================================
INFO - 03/19/19 08:06:37 - 0:32:12 - Monolingual target word similarity score average: 0.25471
INFO - 03/19/19 08:06:37 - 0:32:12 - Found 1131 pairs of words in the dictionary (726 unique). 1352 other pairs contained at least one unknown word (498 in lang1, 1139 in lang2)
INFO - 03/19/19 08:06:37 - 0:32:13 - 726 source words - nn - Precision at k = 1: 5.234160
INFO - 03/19/19 08:06:37 - 0:32:13 - 726 source words - nn - Precision at k = 5: 9.090909
INFO - 03/19/19 08:06:37 - 0:32:13 - 726 source words - nn - Precision at k = 10: 13.360882
INFO - 03/19/19 08:06:37 - 0:32:13 - Found 1131 pairs of words in the dictionary (726 unique). 1352 other pairs contained at least one unknown word (498 in lang1, 1139 in lang2)
INFO - 03/19/19 08:08:25 - 0:34:00 - 726 source words - csls_knn_10 - Precision at k = 1: 3.994490
INFO - 03/19/19 08:08:25 - 0:34:00 - 726 source words - csls_knn_10 - Precision at k = 5: 10.468320
INFO - 03/19/19 08:08:25 - 0:34:00 - 726 source words - csls_knn_10 - Precision at k = 10: 13.085399
INFO - 03/19/19 08:08:30 - 0:34:05 - Building the train dictionary ...
INFO - 03/19/19 08:08:30 - 0:34:05 - New train dictionary of 7743 pairs.
INFO - 03/19/19 08:08:30 - 0:34:05 - Mean cosine (nn method, S2T build, 10000 max size): 0.47246
INFO - 03/19/19 08:12:22 - 0:37:57 - Building the train dictionary ...
INFO - 03/19/19 08:12:22 - 0:37:57 - New train dictionary of 7110 pairs.
INFO - 03/19/19 08:12:22 - 0:37:57 - Mean cosine (csls_knn_10 method, S2T build, 10000 max size): 0.46921
INFO - 03/19/19 08:12:22 - 0:37:57 - __log__:{"n_iter": 4, "tgt_ws_monolingual_scores": 0.2547077979845638, "tgt_EN_RW-STANFORD": 0.22656688097758057, "tgt_EN_WS-353-ALL": 0.2184699731719311, "tgt_EN_RG-65": 0.17401960784313728, "tgt_EN_VERB-143": 0.24084613272272626, "tgt_EN_MEN-TR-3k": 0.2837881144276605, "tgt_EN_WS-353-SIM": 0.3998132969478484, "tgt_EN_SEMEVAL17": 0.3033775065879814, "tgt_EN_YP-130": 0.13860058267398082, "tgt_EN_MC-30": 0.5078816895453011, "tgt_EN_SIMLEX-999": 0.1727504295502741, "tgt_EN_MTurk-287": 0.2584666901145348, "tgt_EN_WS-353-REL": 0.13546127273756328, "tgt_EN_MTurk-771": 0.25115919649880974, "precision_at_1-nn": 5.234159779614325, "precision_at_5-nn": 9.090909090909092, "precision_at_10-nn": 13.360881542699724, "precision_at_1-csls_knn_10": 3.994490358126722, "precision_at_5-csls_knn_10": 10.46831955922865, "precision_at_10-csls_knn_10": 13.085399449035812, "mean_cosine-nn-S2T-10000": 0.472462922334671, "mean_cosine-csls_knn_10-S2T-10000": 0.4692055881023407}
INFO - 03/19/19 08:12:22 - 0:37:57 - End of iteration 4.
                                     
                                     
INFO - 03/19/19 08:12:22 - 0:37:57 - Starting iteration 5...
INFO - 03/19/19 08:12:22 - 0:37:57 - Building the train dictionary ...
INFO - 03/19/19 08:16:07 - 0:41:42 - New train dictionary of 2820 pairs.
INFO - 03/19/19 08:16:19 - 0:41:54 - ====================================================================
INFO - 03/19/19 08:16:19 - 0:41:54 -                        Dataset      Found     Not found          Rho
INFO - 03/19/19 08:16:19 - 0:41:54 - ====================================================================
INFO - 03/19/19 08:16:19 - 0:41:54 -                 EN_RW-STANFORD        350          1684       0.2266
INFO - 03/19/19 08:16:19 - 0:41:54 -                  EN_WS-353-ALL        239           114       0.2185
INFO - 03/19/19 08:16:19 - 0:41:54 -                       EN_RG-65         17            48       0.1740
INFO - 03/19/19 08:16:19 - 0:41:54 -                    EN_VERB-143        132            12       0.2408
INFO - 03/19/19 08:16:19 - 0:41:55 -                   EN_MEN-TR-3k       1479          1521       0.2838
INFO - 03/19/19 08:16:20 - 0:41:55 -                  EN_WS-353-SIM        133            70       0.3998
INFO - 03/19/19 08:16:20 - 0:41:55 -                   EN_SEMEVAL17        179           209       0.3034
INFO - 03/19/19 08:16:20 - 0:41:55 -                      EN_YP-130         78            52       0.1386
INFO - 03/19/19 08:16:20 - 0:41:55 -                       EN_MC-30         12            18       0.5079
INFO - 03/19/19 08:16:20 - 0:41:55 -                  EN_SIMLEX-999        658           341       0.1728
INFO - 03/19/19 08:16:20 - 0:41:55 -                   EN_MTurk-287        120           167       0.2585
INFO - 03/19/19 08:16:20 - 0:41:55 -                  EN_WS-353-REL        179            73       0.1355
INFO - 03/19/19 08:16:20 - 0:41:55 -                   EN_MTurk-771        512           259       0.2512
INFO - 03/19/19 08:16:20 - 0:41:55 - ====================================================================
INFO - 03/19/19 08:16:20 - 0:41:55 - Monolingual target word similarity score average: 0.25471
INFO - 03/19/19 08:16:20 - 0:41:55 - Found 1131 pairs of words in the dictionary (726 unique). 1352 other pairs contained at least one unknown word (498 in lang1, 1139 in lang2)
INFO - 03/19/19 08:16:20 - 0:41:55 - 726 source words - nn - Precision at k = 1: 5.509642
INFO - 03/19/19 08:16:20 - 0:41:55 - 726 source words - nn - Precision at k = 5: 9.090909
INFO - 03/19/19 08:16:20 - 0:41:55 - 726 source words - nn - Precision at k = 10: 12.947658
INFO - 03/19/19 08:16:20 - 0:41:55 - Found 1131 pairs of words in the dictionary (726 unique). 1352 other pairs contained at least one unknown word (498 in lang1, 1139 in lang2)
INFO - 03/19/19 08:18:01 - 0:43:36 - 726 source words - csls_knn_10 - Precision at k = 1: 4.132231
INFO - 03/19/19 08:18:01 - 0:43:36 - 726 source words - csls_knn_10 - Precision at k = 5: 10.055096
INFO - 03/19/19 08:18:01 - 0:43:36 - 726 source words - csls_knn_10 - Precision at k = 10: 12.947658
INFO - 03/19/19 08:18:04 - 0:43:40 - Building the train dictionary ...
INFO - 03/19/19 08:18:04 - 0:43:40 - New train dictionary of 7772 pairs.
INFO - 03/19/19 08:18:04 - 0:43:40 - Mean cosine (nn method, S2T build, 10000 max size): 0.47302
INFO - 03/19/19 08:20:48 - 0:46:23 - Building the train dictionary ...
INFO - 03/19/19 08:20:48 - 0:46:23 - New train dictionary of 7122 pairs.
INFO - 03/19/19 08:20:48 - 0:46:23 - Mean cosine (csls_knn_10 method, S2T build, 10000 max size): 0.47023
INFO - 03/19/19 08:20:48 - 0:46:23 - __log__:{"n_iter": 5, "tgt_ws_monolingual_scores": 0.2547077979845638, "tgt_EN_RW-STANFORD": 0.22656688097758057, "tgt_EN_WS-353-ALL": 0.2184699731719311, "tgt_EN_RG-65": 0.17401960784313728, "tgt_EN_VERB-143": 0.24084613272272626, "tgt_EN_MEN-TR-3k": 0.2837881144276605, "tgt_EN_WS-353-SIM": 0.3998132969478484, "tgt_EN_SEMEVAL17": 0.3033775065879814, "tgt_EN_YP-130": 0.13860058267398082, "tgt_EN_MC-30": 0.5078816895453011, "tgt_EN_SIMLEX-999": 0.1727504295502741, "tgt_EN_MTurk-287": 0.2584666901145348, "tgt_EN_WS-353-REL": 0.13546127273756328, "tgt_EN_MTurk-771": 0.25115919649880974, "precision_at_1-nn": 5.5096418732782375, "precision_at_5-nn": 9.090909090909092, "precision_at_10-nn": 12.947658402203857, "precision_at_1-csls_knn_10": 4.132231404958678, "precision_at_5-csls_knn_10": 10.055096418732782, "precision_at_10-csls_knn_10": 12.947658402203857, "mean_cosine-nn-S2T-10000": 0.4730249345302582, "mean_cosine-csls_knn_10-S2T-10000": 0.47022971510887146}
INFO - 03/19/19 08:20:48 - 0:46:23 - End of iteration 5.
                                     
                                     
INFO - 03/19/19 08:20:48 - 0:46:23 - * Reloading the best model from /data/home/pyliao/bridge-with-l2/MUSE/dumped/supervised/6sxbl76mpb/best_mapping.pth ...
INFO - 03/19/19 08:20:48 - 0:46:23 - Reloading all embeddings for mapping ...
INFO - 03/19/19 08:21:18 - 0:46:53 - Loaded 145393 pre-trained word embeddings.
INFO - 03/19/19 08:21:28 - 0:47:03 - Loaded 41384 pre-trained word embeddings.
INFO - 03/19/19 08:21:28 - 0:47:03 - Map source embeddings to the target space ...
INFO - 03/19/19 08:21:28 - 0:47:03 - Writing source embeddings to /data/home/pyliao/bridge-with-l2/MUSE/dumped/supervised/6sxbl76mpb/vectors-zh.txt ...
INFO - 03/19/19 08:29:00 - 0:54:35 - Writing target embeddings to /data/home/pyliao/bridge-with-l2/MUSE/dumped/supervised/6sxbl76mpb/vectors-en.txt ...
