INFO - 03/19/19 02:54:38 - 0:00:00 - ============ Initialized logger ============
INFO - 03/19/19 02:54:38 - 0:00:00 - cuda: True
                                     dico_eval: default
                                     emb_dim: 300
                                     exp_id: 
                                     exp_name: monolingual_arxiv-zh-en-880K-5_fasttext
                                     exp_path: /data/home/pyliao/bridge-with-l2/MUSE/dumped/monolingual_arxiv-zh-en-880K-5_fasttext/lxv2zcbm43
                                     max_vocab: 40000
                                     normalize_embeddings: 
                                     src_emb: project/data/arxiv_zh_en_880K_5.fasttext.vec
                                     src_lang: en
                                     tgt_emb: 
                                     tgt_lang: 
                                     verbose: 2
INFO - 03/19/19 02:54:38 - 0:00:00 - The experiment will be stored in /data/home/pyliao/bridge-with-l2/MUSE/dumped/monolingual_arxiv-zh-en-880K-5_fasttext/lxv2zcbm43
INFO - 03/19/19 02:54:45 - 0:00:06 - Loaded 40000 pre-trained word embeddings.
INFO - 03/19/19 02:54:51 - 0:00:12 - ====================================================================
INFO - 03/19/19 02:54:51 - 0:00:12 -                        Dataset      Found     Not found          Rho
INFO - 03/19/19 02:54:51 - 0:00:12 - ====================================================================
INFO - 03/19/19 02:54:51 - 0:00:12 -                 EN_RW-STANFORD        350          1684       0.2797
INFO - 03/19/19 02:54:51 - 0:00:12 -                  EN_WS-353-ALL        239           114       0.0401
INFO - 03/19/19 02:54:51 - 0:00:12 -                       EN_RG-65         17            48      -0.2672
INFO - 03/19/19 02:54:51 - 0:00:12 -                    EN_VERB-143        132            12       0.2354
INFO - 03/19/19 02:54:51 - 0:00:12 -                   EN_MEN-TR-3k       1479          1521       0.2172
INFO - 03/19/19 02:54:51 - 0:00:12 -                  EN_WS-353-SIM        133            70       0.1304
INFO - 03/19/19 02:54:51 - 0:00:12 -                   EN_SEMEVAL17        179           209       0.0988
INFO - 03/19/19 02:54:51 - 0:00:12 -                      EN_YP-130         78            52       0.2332
INFO - 03/19/19 02:54:51 - 0:00:12 -                       EN_MC-30         12            18      -0.3468
INFO - 03/19/19 02:54:51 - 0:00:12 -                  EN_SIMLEX-999        658           341       0.1518
INFO - 03/19/19 02:54:51 - 0:00:12 -                   EN_MTurk-287        120           167       0.0384
INFO - 03/19/19 02:54:51 - 0:00:12 -                  EN_WS-353-REL        179            73      -0.0131
INFO - 03/19/19 02:54:51 - 0:00:12 -                   EN_MTurk-771        512           259       0.1408
INFO - 03/19/19 02:54:51 - 0:00:12 - ====================================================================
INFO - 03/19/19 02:54:51 - 0:00:12 - Monolingual source word similarity score average: 0.07221
